nohup: ignoring input
             ar-s      ar-e       var  ...  sepnets_11  sepnets10       ear
MT_001   0.718858  0.694532  0.655594  ...    0.614237   0.610849  0.613606
MT_002   0.512111  0.478795  0.534118  ...    0.417208   0.437242  0.442078
MT_003   0.589247  0.424149  0.532932  ...    0.415303   0.415301  0.415301
MT_004   0.418048  0.362876  0.514165  ...    0.353342   0.351978  0.351982
MT_005   0.510310  0.483751  0.561001  ...    0.454627   0.456154  0.458385
MT_006   0.507891  0.521848  0.519770  ...    0.399366   0.403642  0.425296
MT_007   0.475010  0.448825  0.494118  ...    0.419478   0.420101  0.424218
MT_008   0.801200  0.610039  0.618090  ...    0.437469   0.473636  0.507916
MT_009   0.539069  0.524693  0.557795  ...    0.485977   0.484090  0.491158
MT_010   0.542410  0.520405  0.623564  ...    0.495276   0.495474  0.496028
MT_011   0.627819  0.549585  0.531446  ...    0.426347   0.447029  0.465224
MT_012   0.507741  0.448541  0.495301  ...    0.396916   0.396838  0.396826
MT_013   0.534260  0.501349  0.585021  ...    0.492367   0.483686  0.463783
MT_014   0.211644  0.198716  0.268615  ...    0.189544   0.190847  0.194970
MT_015   0.619890  0.424573  0.424303  ...    0.384741   0.385254  0.385256
MT_016   0.569521  0.561111  0.505379  ...    0.406020   0.414926  0.446458
MT_017   0.596601  0.510681  0.506074  ...    0.394732   0.383288  0.439609
MT_018   0.505852  0.470702  0.541938  ...    0.411197   0.420380  0.438936
MT_019   0.647761  0.615665  0.668234  ...    0.561500   0.553190  0.582677
MT_020   0.592623  0.573290  0.587008  ...    0.498600   0.508439  0.512068
MT_021   0.379449  0.399015  0.455200  ...    0.315703   0.315592  0.316518
MT_022   0.535501  0.515976  0.586668  ...    0.460408   0.464683  0.485747
MT_023   0.674458  0.632985  0.732754  ...    0.625112   0.619020  0.603221
MT_024   0.622719  0.624809  0.535137  ...    0.420700   0.385757  0.463810
MT_025   0.456682  0.415370  0.485814  ...    0.382215   0.380961  0.387262
MT_026   0.469289  0.443638  0.487911  ...    0.375733   0.374210  0.400579
MT_027   0.498132  0.476793  0.498495  ...    0.378007   0.382934  0.402853
MT_028   0.538513  0.593774  0.600414  ...    0.477660   0.475876  0.487214
MT_029   0.382356  0.395059  0.477520  ...    0.332229   0.332267  0.332466
MT_030   0.163040  0.159334  0.158524  ...    0.152136   0.152079  0.152100
MT_031   0.613362  0.482535  0.589324  ...    0.464172   0.464679  0.467811
MT_032   0.452146  0.438374  0.471080  ...    0.388699   0.387742  0.387577
overall  0.525422  0.484431  0.525103  ...    0.419594   0.420880  0.432467

[33 rows x 8 columns]
nohup: ignoring input
Traceback (most recent call last):
  File "results.py", line 51, in <module>
    run_get_mae('../../exp_ElectricityLoad/')
  File "results.py", line 40, in run_get_mae
    df_data.to_excel(exp_dir + 'mae.xlsx')
  File "/home/swim/anaconda3/envs/wc_tf/lib/python3.6/site-packages/pandas/core/generic.py", line 2127, in to_excel
    engine=engine)
  File "/home/swim/anaconda3/envs/wc_tf/lib/python3.6/site-packages/pandas/io/formats/excel.py", line 656, in write
    writer = ExcelWriter(_stringify_path(writer), engine=engine)
  File "/home/swim/anaconda3/envs/wc_tf/lib/python3.6/site-packages/pandas/io/excel.py", line 1204, in __init__
    from openpyxl.workbook import Workbook
ModuleNotFoundError: No module named 'openpyxl'
nohup: ignoring input
nohup: ignoring input
