nohup: ignoring input
2020-03-24 18:18:10.258923: W tensorflow/core/platform/cpu_feature_guard.cc:45] The TensorFlow library wasn't compiled to use SSE4.1 instructions, but these are available on your machine and could speed up CPU computations.
2020-03-24 18:18:10.258957: W tensorflow/core/platform/cpu_feature_guard.cc:45] The TensorFlow library wasn't compiled to use SSE4.2 instructions, but these are available on your machine and could speed up CPU computations.
2020-03-24 18:18:10.258979: W tensorflow/core/platform/cpu_feature_guard.cc:45] The TensorFlow library wasn't compiled to use AVX instructions, but these are available on your machine and could speed up CPU computations.
2020-03-24 18:18:10.258984: W tensorflow/core/platform/cpu_feature_guard.cc:45] The TensorFlow library wasn't compiled to use AVX2 instructions, but these are available on your machine and could speed up CPU computations.
2020-03-24 18:18:10.258993: W tensorflow/core/platform/cpu_feature_guard.cc:45] The TensorFlow library wasn't compiled to use FMA instructions, but these are available on your machine and could speed up CPU computations.
***  2020-03-24 18:18:06.381905 	 Start runing run_ar.py
_________________________________________________________________
Layer (type)                 Output Shape              Param #   
=================================================================
input_1 (InputLayer)         (None, 96)                0         
_________________________________________________________________
ar-weights (Dense)           (None, 1)                 97        
=================================================================
Total params: 97
Trainable params: 97
Non-trainable params: 0
_________________________________________________________________
(34944, 96)
(34944,)
Epoch 1/200
 - 1s - loss: 1.2634
Epoch 2/200
 - 2s - loss: 1.1630
Epoch 3/200
 - 2s - loss: 1.1514
Epoch 4/200
 - 2s - loss: 1.1672
Epoch 5/200
 - 2s - loss: 1.1792
Epoch 6/200
 - 2s - loss: 1.1864
Epoch 7/200
 - 2s - loss: 1.1880
Epoch 8/200
 - 3s - loss: 1.1878
Epoch 9/200
 - 3s - loss: 1.1889
Epoch 10/200
 - 3s - loss: 1.1877
Epoch 11/200
 - 3s - loss: 1.1885
Epoch 12/200
 - 3s - loss: 1.1864
Epoch 13/200
 - 3s - loss: 1.1884
Epoch 14/200
 - 3s - loss: 1.1896
Epoch 15/200
 - 2s - loss: 1.1867
Epoch 16/200
 - 2s - loss: 1.1890
Epoch 17/200
 - 2s - loss: 1.1902
Epoch 18/200
 - 3s - loss: 1.1874
Epoch 19/200
 - 1s - loss: 1.1870
Epoch 20/200
 - 1s - loss: 1.1893
Epoch 21/200
 - 1s - loss: 1.1882
Epoch 22/200
 - 1s - loss: 1.1875
Epoch 23/200
 - 2s - loss: 1.1906
Epoch 24/200
 - 3s - loss: 1.1890
Epoch 25/200
 - 2s - loss: 1.1873
Epoch 26/200
 - 2s - loss: 1.1879
Epoch 27/200
 - 2s - loss: 1.1891
Epoch 28/200
 - 3s - loss: 1.1886
Epoch 29/200
 - 3s - loss: 1.1884
Epoch 30/200
 - 2s - loss: 1.1876
Epoch 31/200
 - 3s - loss: 1.1886
Epoch 32/200
 - 2s - loss: 1.1872
Epoch 33/200
 - 1s - loss: 1.1873
Epoch 34/200
 - 3s - loss: 1.1878
Epoch 35/200
 - 3s - loss: 1.1882
Model saved ...  ../../exp_ElectricityLoad/saved_models/ar/ar_MT_001_weights
_________________________________________________________________
Layer (type)                 Output Shape              Param #   
=================================================================
input_2 (InputLayer)         (None, 96)                0         
_________________________________________________________________
ar-weights (Dense)           (None, 1)                 97        
=================================================================
Total params: 97
Trainable params: 97
Non-trainable params: 0
_________________________________________________________________
(34944, 96)
(34944,)
Epoch 1/200
 - 1s - loss: 1.3070
Epoch 2/200
 - 1s - loss: 1.1980
Epoch 3/200
 - 1s - loss: 1.1732
Epoch 4/200
 - 1s - loss: 1.1705
Epoch 5/200
 - 1s - loss: 1.1676
Epoch 6/200
 - 1s - loss: 1.1684
Epoch 7/200
 - 2s - loss: 1.1665
Epoch 8/200
 - 2s - loss: 1.1671
Epoch 9/200
 - 2s - loss: 1.1672
Epoch 10/200
 - 1s - loss: 1.1679
Epoch 11/200
 - 1s - loss: 1.1693
Epoch 12/200
 - 1s - loss: 1.1678
Epoch 13/200
 - 1s - loss: 1.1667
Epoch 14/200
 - 1s - loss: 1.1666
Epoch 15/200
 - 1s - loss: 1.1688
Epoch 16/200
 - 1s - loss: 1.1674
Epoch 17/200
 - 1s - loss: 1.1672
Epoch 18/200
 - 1s - loss: 1.1680
Epoch 19/200
 - 1s - loss: 1.1679
Epoch 20/200
 - 1s - loss: 1.1660
Epoch 21/200
 - 1s - loss: 1.1670
Epoch 22/200
 - 1s - loss: 1.1680
Epoch 23/200
 - 1s - loss: 1.1674
Epoch 24/200
 - 1s - loss: 1.1681
Epoch 25/200
 - 1s - loss: 1.1691
Epoch 26/200
 - 1s - loss: 1.1681
Epoch 27/200
 - 1s - loss: 1.1674
Epoch 28/200
 - 1s - loss: 1.1668
Epoch 29/200
 - 1s - loss: 1.1677
Epoch 30/200
 - 1s - loss: 1.1654
Epoch 31/200
 - 1s - loss: 1.1697
Epoch 32/200
 - 1s - loss: 1.1693
Epoch 33/200
 - 1s - loss: 1.1683
Epoch 34/200
 - 1s - loss: 1.1681
Epoch 35/200
 - 1s - loss: 1.1668
Epoch 36/200
 - 1s - loss: 1.1668
Epoch 37/200
 - 1s - loss: 1.1677
Epoch 38/200
 - 1s - loss: 1.1670
Epoch 39/200
 - 1s - loss: 1.1689
Epoch 40/200
 - 1s - loss: 1.1668
Epoch 41/200
 - 1s - loss: 1.1679
Epoch 42/200
 - 1s - loss: 1.1678
Epoch 43/200
 - 1s - loss: 1.1679
Epoch 44/200
 - 1s - loss: 1.1670
Epoch 45/200
 - 1s - loss: 1.1689
Epoch 46/200
 - 1s - loss: 1.1679
Epoch 47/200
 - 1s - loss: 1.1670
Epoch 48/200
 - 2s - loss: 1.1695
Epoch 49/200
 - 2s - loss: 1.1675
Epoch 50/200
 - 2s - loss: 1.1668
Epoch 51/200
 - 3s - loss: 1.1672
Epoch 52/200
 - 3s - loss: 1.1687
Epoch 53/200
 - 3s - loss: 1.1680
Epoch 54/200
 - 3s - loss: 1.1673
Epoch 55/200
 - 3s - loss: 1.1678
Epoch 56/200
 - 2s - loss: 1.1679
Epoch 57/200
 - 2s - loss: 1.1690
Epoch 58/200
 - 2s - loss: 1.1666
Epoch 59/200
 - 2s - loss: 1.1688
Epoch 60/200
 - 2s - loss: 1.1681
Epoch 61/200
 - 2s - loss: 1.1687
Epoch 62/200
 - 3s - loss: 1.1678
Model saved ...  ../../exp_ElectricityLoad/saved_models/ar/ar_MT_002_weights
_________________________________________________________________
Layer (type)                 Output Shape              Param #   
=================================================================
input_3 (InputLayer)         (None, 96)                0         
_________________________________________________________________
ar-weights (Dense)           (None, 1)                 97        
=================================================================
Total params: 97
Trainable params: 97
Non-trainable params: 0
_________________________________________________________________
(34944, 96)
(34944,)
Epoch 1/200
 - 1s - loss: 0.8303
Epoch 2/200
 - 2s - loss: 0.7088
Epoch 3/200
 - 2s - loss: 0.6820
Epoch 4/200
 - 2s - loss: 0.6620
Epoch 5/200
 - 2s - loss: 0.6499
Epoch 6/200
 - 2s - loss: 0.6438
Epoch 7/200
 - 2s - loss: 0.6387
Epoch 8/200
 - 2s - loss: 0.6341
Epoch 9/200
 - 2s - loss: 0.6318
Epoch 10/200
 - 2s - loss: 0.6302
Epoch 11/200
 - 2s - loss: 0.6282
Epoch 12/200
 - 3s - loss: 0.6273
Epoch 13/200
 - 3s - loss: 0.6282
Epoch 14/200
 - 3s - loss: 0.6268
Epoch 15/200
 - 3s - loss: 0.6255
Epoch 16/200
 - 3s - loss: 0.6266
Epoch 17/200
 - 3s - loss: 0.6270
Epoch 18/200
 - 2s - loss: 0.6249
Epoch 19/200
 - 1s - loss: 0.6256
Epoch 20/200
 - 1s - loss: 0.6229
Epoch 21/200
 - 2s - loss: 0.6228
Epoch 22/200
 - 2s - loss: 0.6253
Epoch 23/200
 - 2s - loss: 0.6216
Epoch 24/200
 - 2s - loss: 0.6234
Epoch 25/200
 - 3s - loss: 0.6253
Epoch 26/200
 - 2s - loss: 0.6231
Epoch 27/200
 - 3s - loss: 0.6211
Epoch 28/200
 - 3s - loss: 0.6246
Epoch 29/200
 - 3s - loss: 0.6229
Epoch 30/200
 - 2s - loss: 0.6243
Epoch 31/200
 - 1s - loss: 0.6237
Epoch 32/200
 - 1s - loss: 0.6245
Epoch 33/200
 - 2s - loss: 0.6259
Epoch 34/200
 - 2s - loss: 0.6246
Epoch 35/200
 - 2s - loss: 0.6216
Epoch 36/200
 - 2s - loss: 0.6229
Epoch 37/200
 - 2s - loss: 0.6254
Epoch 38/200
 - 3s - loss: 0.6213
Epoch 39/200
 - 2s - loss: 0.6228
Epoch 40/200
 - 2s - loss: 0.6231
Epoch 41/200
 - 2s - loss: 0.6212
Epoch 42/200
 - 2s - loss: 0.6241
Epoch 43/200
 - 2s - loss: 0.6222
Epoch 44/200
 - 2s - loss: 0.6235
Epoch 45/200
 - 3s - loss: 0.6217
Epoch 46/200
 - 3s - loss: 0.6237
Epoch 47/200
 - 3s - loss: 0.6242
Epoch 48/200
 - 3s - loss: 0.6224
Epoch 49/200
 - 2s - loss: 0.6228
Epoch 50/200
 - 1s - loss: 0.6230
Epoch 51/200
 - 1s - loss: 0.6242
Epoch 52/200
 - 2s - loss: 0.6233
Epoch 53/200
 - 1s - loss: 0.6228
Epoch 54/200
 - 1s - loss: 0.6235
Epoch 55/200
 - 1s - loss: 0.6257
Epoch 56/200
 - 2s - loss: 0.6265
Epoch 57/200
 - 3s - loss: 0.6236
Epoch 58/200
 - 2s - loss: 0.6242
Epoch 59/200
 - 3s - loss: 0.6237
Model saved ...  ../../exp_ElectricityLoad/saved_models/ar/ar_MT_003_weights
_________________________________________________________________
Layer (type)                 Output Shape              Param #   
=================================================================
input_4 (InputLayer)         (None, 96)                0         
_________________________________________________________________
ar-weights (Dense)           (None, 1)                 97        
=================================================================
Total params: 97
Trainable params: 97
Non-trainable params: 0
_________________________________________________________________
(34944, 96)
(34944,)
Epoch 1/200
 - 1s - loss: 0.6910
Epoch 2/200
 - 1s - loss: 0.5610
Epoch 3/200
 - 1s - loss: 0.5373
Epoch 4/200
 - 1s - loss: 0.5221
Epoch 5/200
 - 1s - loss: 0.5158
Epoch 6/200
 - 1s - loss: 0.5152
Epoch 7/200
 - 2s - loss: 0.5148
Epoch 8/200
 - 2s - loss: 0.5150
Epoch 9/200
 - 2s - loss: 0.5138
Epoch 10/200
 - 3s - loss: 0.5146
Epoch 11/200
 - 3s - loss: 0.5148
Epoch 12/200
 - 3s - loss: 0.5138
Epoch 13/200
 - 2s - loss: 0.5144
Epoch 14/200
 - 2s - loss: 0.5147
Epoch 15/200
 - 3s - loss: 0.5138
Epoch 16/200
 - 1s - loss: 0.5142
Epoch 17/200
 - 2s - loss: 0.5148
Epoch 18/200
 - 2s - loss: 0.5148
Epoch 19/200
 - 3s - loss: 0.5143
Epoch 20/200
 - 3s - loss: 0.5138
Epoch 21/200
 - 3s - loss: 0.5147
Epoch 22/200
 - 3s - loss: 0.5154
Epoch 23/200
 - 3s - loss: 0.5142
Epoch 24/200
 - 3s - loss: 0.5143
Epoch 25/200
 - 3s - loss: 0.5144
Epoch 26/200
 - 1s - loss: 0.5149
Epoch 27/200
 - 1s - loss: 0.5145
Epoch 28/200
 - 2s - loss: 0.5147
Epoch 29/200
 - 2s - loss: 0.5145
Epoch 30/200
 - 2s - loss: 0.5143
Epoch 31/200
 - 3s - loss: 0.5144
Epoch 32/200
 - 2s - loss: 0.5144
Epoch 33/200
 - 1s - loss: 0.5146
Epoch 34/200
 - 1s - loss: 0.5150
Epoch 35/200
 - 1s - loss: 0.5147
Epoch 36/200
 - 1s - loss: 0.5144
Epoch 37/200
 - 1s - loss: 0.5148
Epoch 38/200
 - 1s - loss: 0.5148
Epoch 39/200
 - 1s - loss: 0.5151
Epoch 40/200
 - 1s - loss: 0.5140
Epoch 41/200
 - 1s - loss: 0.5142
Model saved ...  ../../exp_ElectricityLoad/saved_models/ar/ar_MT_004_weights
_________________________________________________________________
Layer (type)                 Output Shape              Param #   
=================================================================
input_5 (InputLayer)         (None, 96)                0         
_________________________________________________________________
ar-weights (Dense)           (None, 1)                 97        
=================================================================
Total params: 97
Trainable params: 97
Non-trainable params: 0
_________________________________________________________________
(34944, 96)
(34944,)
Epoch 1/200
 - 1s - loss: 1.0801
Epoch 2/200
 - 1s - loss: 0.9806
Epoch 3/200
 - 1s - loss: 0.9543
Epoch 4/200
 - 1s - loss: 0.9493
Epoch 5/200
 - 1s - loss: 0.9516
Epoch 6/200
 - 1s - loss: 0.9525
Epoch 7/200
 - 1s - loss: 0.9509
Epoch 8/200
 - 1s - loss: 0.9526
Epoch 9/200
 - 1s - loss: 0.9517
Epoch 10/200
 - 1s - loss: 0.9515
Epoch 11/200
 - 1s - loss: 0.9518
Epoch 12/200
 - 1s - loss: 0.9515
Epoch 13/200
 - 1s - loss: 0.9514
Epoch 14/200
 - 1s - loss: 0.9514
Epoch 15/200
 - 1s - loss: 0.9528
Epoch 16/200
 - 1s - loss: 0.9524
Epoch 17/200
 - 1s - loss: 0.9514
Epoch 18/200
 - 1s - loss: 0.9511
Epoch 19/200
 - 1s - loss: 0.9522
Epoch 20/200
 - 1s - loss: 0.9516
Epoch 21/200
 - 1s - loss: 0.9521
Epoch 22/200
 - 1s - loss: 0.9513
Epoch 23/200
 - 1s - loss: 0.9521
Epoch 24/200
 - 1s - loss: 0.9513
Epoch 25/200
 - 1s - loss: 0.9527
Epoch 26/200
 - 1s - loss: 0.9524
Epoch 27/200
 - 1s - loss: 0.9522
Epoch 28/200
 - 1s - loss: 0.9517
Epoch 29/200
 - 1s - loss: 0.9518
Epoch 30/200
 - 1s - loss: 0.9525
Epoch 31/200
 - 1s - loss: 0.9514
Epoch 32/200
 - 1s - loss: 0.9526
Epoch 33/200
 - 1s - loss: 0.9530
Epoch 34/200
 - 1s - loss: 0.9515
Epoch 35/200
 - 1s - loss: 0.9515
Epoch 36/200
 - 1s - loss: 0.9518
Model saved ...  ../../exp_ElectricityLoad/saved_models/ar/ar_MT_005_weights
_________________________________________________________________
Layer (type)                 Output Shape              Param #   
=================================================================
input_6 (InputLayer)         (None, 96)                0         
_________________________________________________________________
ar-weights (Dense)           (None, 1)                 97        
=================================================================
Total params: 97
Trainable params: 97
Non-trainable params: 0
_________________________________________________________________
(34944, 96)
(34944,)
Epoch 1/200
 - 1s - loss: 1.2878
Epoch 2/200
 - 1s - loss: 1.1218
Epoch 3/200
 - 1s - loss: 1.0935
Epoch 4/200
 - 1s - loss: 1.0800
Epoch 5/200
 - 1s - loss: 1.0719
Epoch 6/200
 - 1s - loss: 1.0713
Epoch 7/200
 - 1s - loss: 1.0712
Epoch 8/200
 - 1s - loss: 1.0719
Epoch 9/200
 - 1s - loss: 1.0717
Epoch 10/200
 - 1s - loss: 1.0728
Epoch 11/200
 - 1s - loss: 1.0754
Epoch 12/200
 - 1s - loss: 1.0737
Epoch 13/200
 - 1s - loss: 1.0739
Epoch 14/200
 - 1s - loss: 1.0732
Epoch 15/200
 - 1s - loss: 1.0742
Epoch 16/200
 - 1s - loss: 1.0716
Epoch 17/200
 - 1s - loss: 1.0718
Epoch 18/200
 - 1s - loss: 1.0704
Epoch 19/200
 - 1s - loss: 1.0708
Epoch 20/200
 - 1s - loss: 1.0699
Epoch 21/200
 - 1s - loss: 1.0680
Epoch 22/200
 - 1s - loss: 1.0643
Epoch 23/200
 - 1s - loss: 1.0620
Epoch 24/200
 - 1s - loss: 1.0599
Epoch 25/200
 - 1s - loss: 1.0551
Epoch 26/200
 - 1s - loss: 1.0524
Epoch 27/200
 - 1s - loss: 1.0487
Epoch 28/200
 - 1s - loss: 1.0467
Epoch 29/200
 - 1s - loss: 1.0464
Epoch 30/200
 - 1s - loss: 1.0495
Epoch 31/200
 - 1s - loss: 1.0497
Epoch 32/200
 - 1s - loss: 1.0489
Epoch 33/200
 - 1s - loss: 1.0497
Epoch 34/200
 - 1s - loss: 1.0499
Epoch 35/200
 - 1s - loss: 1.0493
Epoch 36/200
 - 1s - loss: 1.0495
Epoch 37/200
 - 1s - loss: 1.0501
Epoch 38/200
 - 1s - loss: 1.0503
Epoch 39/200
 - 1s - loss: 1.0501
Epoch 40/200
 - 1s - loss: 1.0492
Epoch 41/200
 - 1s - loss: 1.0484
Epoch 42/200
 - 1s - loss: 1.0514
Epoch 43/200
 - 1s - loss: 1.0513
Epoch 44/200
 - 1s - loss: 1.0496
Epoch 45/200
 - 1s - loss: 1.0515
Epoch 46/200
 - 1s - loss: 1.0497
Epoch 47/200
 - 1s - loss: 1.0494
Epoch 48/200
 - 1s - loss: 1.0507
Epoch 49/200
 - 1s - loss: 1.0512
Epoch 50/200
 - 1s - loss: 1.0486
Epoch 51/200
 - 1s - loss: 1.0518
Epoch 52/200
 - 1s - loss: 1.0506
Epoch 53/200
 - 1s - loss: 1.0501
Epoch 54/200
 - 1s - loss: 1.0504
Epoch 55/200
 - 1s - loss: 1.0516
Epoch 56/200
 - 1s - loss: 1.0502
Epoch 57/200
 - 1s - loss: 1.0515
Epoch 58/200
 - 1s - loss: 1.0498
Epoch 59/200
 - 1s - loss: 1.0503
Epoch 60/200
 - 1s - loss: 1.0498
Epoch 61/200
 - 1s - loss: 1.0494
Model saved ...  ../../exp_ElectricityLoad/saved_models/ar/ar_MT_006_weights
_________________________________________________________________
Layer (type)                 Output Shape              Param #   
=================================================================
input_7 (InputLayer)         (None, 96)                0         
_________________________________________________________________
ar-weights (Dense)           (None, 1)                 97        
=================================================================
Total params: 97
Trainable params: 97
Non-trainable params: 0
_________________________________________________________________
(34944, 96)
(34944,)
Epoch 1/200
 - 1s - loss: 0.7986
Epoch 2/200
 - 1s - loss: 0.6833
Epoch 3/200
 - 1s - loss: 0.6525
Epoch 4/200
 - 1s - loss: 0.6390
Epoch 5/200
 - 1s - loss: 0.6356
Epoch 6/200
 - 1s - loss: 0.6345
Epoch 7/200
 - 1s - loss: 0.6351
Epoch 8/200
 - 1s - loss: 0.6350
Epoch 9/200
 - 1s - loss: 0.6350
Epoch 10/200
 - 1s - loss: 0.6355
Epoch 11/200
 - 1s - loss: 0.6351
Epoch 12/200
 - 1s - loss: 0.6355
Epoch 13/200
 - 1s - loss: 0.6355
Epoch 14/200
 - 1s - loss: 0.6349
Epoch 15/200
 - 1s - loss: 0.6360
Epoch 16/200
 - 1s - loss: 0.6348
Epoch 17/200
 - 1s - loss: 0.6357
Epoch 18/200
 - 1s - loss: 0.6358
Epoch 19/200
 - 1s - loss: 0.6364
Epoch 20/200
 - 1s - loss: 0.6363
Epoch 21/200
 - 1s - loss: 0.6341
Epoch 22/200
 - 1s - loss: 0.6360
Epoch 23/200
 - 1s - loss: 0.6364
Epoch 24/200
 - 1s - loss: 0.6355
Epoch 25/200
 - 1s - loss: 0.6348
Epoch 26/200
 - 1s - loss: 0.6361
Epoch 27/200
 - 1s - loss: 0.6355
Epoch 28/200
 - 1s - loss: 0.6354
Epoch 29/200
 - 1s - loss: 0.6358
Epoch 30/200
 - 1s - loss: 0.6345
Epoch 31/200
 - 1s - loss: 0.6354
Epoch 32/200
 - 1s - loss: 0.6364
Epoch 33/200
 - 1s - loss: 0.6357
Epoch 34/200
 - 1s - loss: 0.6353
Epoch 35/200
 - 1s - loss: 0.6357
Epoch 36/200
 - 1s - loss: 0.6351
Epoch 37/200
 - 1s - loss: 0.6358
Epoch 38/200
 - 1s - loss: 0.6363
Epoch 39/200
 - 1s - loss: 0.6356
Epoch 40/200
 - 1s - loss: 0.6347
Epoch 41/200
 - 1s - loss: 0.6363
Epoch 42/200
 - 1s - loss: 0.6358
Epoch 43/200
 - 1s - loss: 0.6364
Epoch 44/200
 - 1s - loss: 0.6350
Epoch 45/200
 - 1s - loss: 0.6348
Epoch 46/200
 - 1s - loss: 0.6362
Epoch 47/200
 - 1s - loss: 0.6352
Epoch 48/200
 - 1s - loss: 0.6351
Epoch 49/200
 - 1s - loss: 0.6364
Epoch 50/200
 - 1s - loss: 0.6350
Epoch 51/200
 - 1s - loss: 0.6352
Epoch 52/200
 - 1s - loss: 0.6367
Epoch 53/200
 - 1s - loss: 0.6350
Model saved ...  ../../exp_ElectricityLoad/saved_models/ar/ar_MT_007_weights
_________________________________________________________________
Layer (type)                 Output Shape              Param #   
=================================================================
input_8 (InputLayer)         (None, 96)                0         
_________________________________________________________________
ar-weights (Dense)           (None, 1)                 97        
=================================================================
Total params: 97
Trainable params: 97
Non-trainable params: 0
_________________________________________________________________
(34944, 96)
(34944,)
Epoch 1/200
 - 1s - loss: 1.8279
Epoch 2/200
 - 1s - loss: 1.7436
Epoch 3/200
 - 1s - loss: 1.7319
Epoch 4/200
 - 1s - loss: 1.7463
Epoch 5/200
 - 1s - loss: 1.7686
Epoch 6/200
 - 1s - loss: 1.7859
Epoch 7/200
 - 1s - loss: 1.7952
Epoch 8/200
 - 1s - loss: 1.8008
Epoch 9/200
 - 1s - loss: 1.8013
Epoch 10/200
 - 1s - loss: 1.8037
Epoch 11/200
 - 1s - loss: 1.8001
Epoch 12/200
 - 1s - loss: 1.8024
Epoch 13/200
 - 1s - loss: 1.8040
Epoch 14/200
 - 1s - loss: 1.8031
Epoch 15/200
 - 1s - loss: 1.7998
Epoch 16/200
 - 1s - loss: 1.8041
Epoch 17/200
 - 1s - loss: 1.8007
Epoch 18/200
 - 1s - loss: 1.8036
Epoch 19/200
 - 1s - loss: 1.8024
Epoch 20/200
 - 1s - loss: 1.8013
Epoch 21/200
 - 1s - loss: 1.8029
Epoch 22/200
 - 1s - loss: 1.7990
Epoch 23/200
 - 1s - loss: 1.8029
Epoch 24/200
 - 1s - loss: 1.8045
Epoch 25/200
 - 1s - loss: 1.8043
Epoch 26/200
 - 1s - loss: 1.8056
Epoch 27/200
 - 1s - loss: 1.8000
Epoch 28/200
 - 1s - loss: 1.8012
Epoch 29/200
 - 1s - loss: 1.8030
Epoch 30/200
 - 1s - loss: 1.8023
Epoch 31/200
 - 1s - loss: 1.8020
Epoch 32/200
 - 1s - loss: 1.8015
Epoch 33/200
 - 1s - loss: 1.8027
Epoch 34/200
 - 1s - loss: 1.8028
Epoch 35/200
 - 1s - loss: 1.8036
Model saved ...  ../../exp_ElectricityLoad/saved_models/ar/ar_MT_008_weights
_________________________________________________________________
Layer (type)                 Output Shape              Param #   
=================================================================
input_9 (InputLayer)         (None, 96)                0         
_________________________________________________________________
ar-weights (Dense)           (None, 1)                 97        
=================================================================
Total params: 97
Trainable params: 97
Non-trainable params: 0
_________________________________________________________________
(34944, 96)
(34944,)
Epoch 1/200
 - 1s - loss: 1.1213
Epoch 2/200
 - 1s - loss: 0.8639
Epoch 3/200
 - 1s - loss: 0.8337
Epoch 4/200
 - 1s - loss: 0.8293
Epoch 5/200
 - 1s - loss: 0.8290
Epoch 6/200
 - 1s - loss: 0.8299
Epoch 7/200
 - 1s - loss: 0.8294
Epoch 8/200
 - 1s - loss: 0.8300
Epoch 9/200
 - 1s - loss: 0.8301
Epoch 10/200
 - 1s - loss: 0.8298
Epoch 11/200
 - 1s - loss: 0.8301
Epoch 12/200
 - 1s - loss: 0.8296
Epoch 13/200
 - 1s - loss: 0.8300
Epoch 14/200
 - 1s - loss: 0.8297
Epoch 15/200
 - 1s - loss: 0.8285
Epoch 16/200
 - 1s - loss: 0.8298
Epoch 17/200
 - 1s - loss: 0.8294
Epoch 18/200
 - 1s - loss: 0.8294
Epoch 19/200
 - 1s - loss: 0.8290
Epoch 20/200
 - 1s - loss: 0.8296
Epoch 21/200
 - 1s - loss: 0.8285
Epoch 22/200
 - 1s - loss: 0.8293
Epoch 23/200
 - 1s - loss: 0.8298
Epoch 24/200
 - 1s - loss: 0.8303
Epoch 25/200
 - 1s - loss: 0.8299
Epoch 26/200
 - 1s - loss: 0.8310
Epoch 27/200
 - 1s - loss: 0.8289
Epoch 28/200
 - 1s - loss: 0.8297
Epoch 29/200
 - 1s - loss: 0.8297
Epoch 30/200
 - 1s - loss: 0.8299
Epoch 31/200
 - 1s - loss: 0.8303
Epoch 32/200
 - 1s - loss: 0.8307
Epoch 33/200
 - 1s - loss: 0.8301
Epoch 34/200
 - 1s - loss: 0.8295
Epoch 35/200
 - 1s - loss: 0.8288
Epoch 36/200
 - 1s - loss: 0.8306
Epoch 37/200
 - 1s - loss: 0.8293
Epoch 38/200
 - 1s - loss: 0.8296
Epoch 39/200
 - 1s - loss: 0.8301
Epoch 40/200
 - 1s - loss: 0.8297
Epoch 41/200
 - 1s - loss: 0.8295
Epoch 42/200
 - 1s - loss: 0.8292
Epoch 43/200
 - 1s - loss: 0.8303
Epoch 44/200
 - 1s - loss: 0.8298
Epoch 45/200
 - 1s - loss: 0.8303
Epoch 46/200
 - 1s - loss: 0.8286
Epoch 47/200
 - 1s - loss: 0.8296
Epoch 48/200
 - 1s - loss: 0.8302
Epoch 49/200
 - 1s - loss: 0.8286
Epoch 50/200
 - 1s - loss: 0.8306
Epoch 51/200
 - 1s - loss: 0.8293
Epoch 52/200
 - 1s - loss: 0.8297
Epoch 53/200
 - 1s - loss: 0.8305
Model saved ...  ../../exp_ElectricityLoad/saved_models/ar/ar_MT_009_weights
_________________________________________________________________
Layer (type)                 Output Shape              Param #   
=================================================================
input_10 (InputLayer)        (None, 96)                0         
_________________________________________________________________
ar-weights (Dense)           (None, 1)                 97        
=================================================================
Total params: 97
Trainable params: 97
Non-trainable params: 0
_________________________________________________________________
(34944, 96)
(34944,)
Epoch 1/200
 - 1s - loss: 1.2975
Epoch 2/200
 - 1s - loss: 1.1572
Epoch 3/200
 - 1s - loss: 1.1346
Epoch 4/200
 - 1s - loss: 1.1341
Epoch 5/200
 - 1s - loss: 1.1367
Epoch 6/200
 - 1s - loss: 1.1366
Epoch 7/200
 - 1s - loss: 1.1372
Epoch 8/200
 - 1s - loss: 1.1372
Epoch 9/200
 - 1s - loss: 1.1372
Epoch 10/200
 - 1s - loss: 1.1365
Epoch 11/200
 - 1s - loss: 1.1384
Epoch 12/200
 - 1s - loss: 1.1363
Epoch 13/200
 - 1s - loss: 1.1370
Epoch 14/200
 - 1s - loss: 1.1379
Epoch 15/200
 - 1s - loss: 1.1367
Epoch 16/200
 - 1s - loss: 1.1360
Epoch 17/200
 - 1s - loss: 1.1370
Epoch 18/200
 - 1s - loss: 1.1367
Epoch 19/200
 - 1s - loss: 1.1362
Epoch 20/200
 - 1s - loss: 1.1366
Epoch 21/200
 - 1s - loss: 1.1372
Epoch 22/200
 - 1s - loss: 1.1365
Epoch 23/200
 - 1s - loss: 1.1367
Epoch 24/200
 - 1s - loss: 1.1375
Epoch 25/200
 - 1s - loss: 1.1360
Epoch 26/200
 - 1s - loss: 1.1377
Epoch 27/200
 - 1s - loss: 1.1361
Epoch 28/200
 - 1s - loss: 1.1360
Epoch 29/200
 - 1s - loss: 1.1359
Epoch 30/200
 - 1s - loss: 1.1376
Epoch 31/200
 - 1s - loss: 1.1362
Epoch 32/200
 - 1s - loss: 1.1381
Epoch 33/200
 - 1s - loss: 1.1372
Epoch 34/200
 - 1s - loss: 1.1354
Epoch 35/200
 - 1s - loss: 1.1364
Epoch 36/200
 - 1s - loss: 1.1372
Model saved ...  ../../exp_ElectricityLoad/saved_models/ar/ar_MT_010_weights
_________________________________________________________________
Layer (type)                 Output Shape              Param #   
=================================================================
input_11 (InputLayer)        (None, 96)                0         
_________________________________________________________________
ar-weights (Dense)           (None, 1)                 97        
=================================================================
Total params: 97
Trainable params: 97
Non-trainable params: 0
_________________________________________________________________
(34944, 96)
(34944,)
Epoch 1/200
 - 1s - loss: 1.0037
Epoch 2/200
 - 1s - loss: 0.8603
Epoch 3/200
 - 1s - loss: 0.8396
Epoch 4/200
 - 1s - loss: 0.8396
Epoch 5/200
 - 1s - loss: 0.8511
Epoch 6/200
 - 1s - loss: 0.8656
Epoch 7/200
 - 1s - loss: 0.8699
Epoch 8/200
 - 1s - loss: 0.8704
Epoch 9/200
 - 1s - loss: 0.8727
Epoch 10/200
 - 1s - loss: 0.8727
Epoch 11/200
 - 1s - loss: 0.8720
Epoch 12/200
 - 1s - loss: 0.8720
Epoch 13/200
 - 1s - loss: 0.8719
Epoch 14/200
 - 1s - loss: 0.8725
Epoch 15/200
 - 1s - loss: 0.8725
Epoch 16/200
 - 1s - loss: 0.8729
Epoch 17/200
 - 1s - loss: 0.8720
Epoch 18/200
 - 1s - loss: 0.8709
Epoch 19/200
 - 1s - loss: 0.8722
Epoch 20/200
 - 1s - loss: 0.8727
Epoch 21/200
 - 1s - loss: 0.8728
Epoch 22/200
 - 1s - loss: 0.8712
Epoch 23/200
 - 1s - loss: 0.8715
Epoch 24/200
 - 1s - loss: 0.8729
Epoch 25/200
 - 1s - loss: 0.8715
Epoch 26/200
 - 1s - loss: 0.8723
Epoch 27/200
 - 1s - loss: 0.8720
Epoch 28/200
 - 1s - loss: 0.8734
Epoch 29/200
 - 1s - loss: 0.8720
Epoch 30/200
 - 1s - loss: 0.8733
Epoch 31/200
 - 1s - loss: 0.8718
Epoch 32/200
 - 1s - loss: 0.8729
Epoch 33/200
 - 1s - loss: 0.8726
Epoch 34/200
 - 1s - loss: 0.8720
Epoch 35/200
 - 1s - loss: 0.8730
Model saved ...  ../../exp_ElectricityLoad/saved_models/ar/ar_MT_011_weights
_________________________________________________________________
Layer (type)                 Output Shape              Param #   
=================================================================
input_12 (InputLayer)        (None, 96)                0         
_________________________________________________________________
ar-weights (Dense)           (None, 1)                 97        
=================================================================
Total params: 97
Trainable params: 97
Non-trainable params: 0
_________________________________________________________________
(34944, 96)
(34944,)
Epoch 1/200
 - 1s - loss: 0.4376
Epoch 2/200
 - 1s - loss: 0.3983
Epoch 3/200
 - 1s - loss: 0.3865
Epoch 4/200
 - 1s - loss: 0.3814
Epoch 5/200
 - 1s - loss: 0.3780
Epoch 6/200
 - 1s - loss: 0.3750
Epoch 7/200
 - 1s - loss: 0.3732
Epoch 8/200
 - 1s - loss: 0.3700
Epoch 9/200
 - 1s - loss: 0.3693
Epoch 10/200
 - 1s - loss: 0.3686
Epoch 11/200
 - 1s - loss: 0.3674
Epoch 12/200
 - 1s - loss: 0.3679
Epoch 13/200
 - 1s - loss: 0.3679
Epoch 14/200
 - 1s - loss: 0.3685
Epoch 15/200
 - 1s - loss: 0.3682
Epoch 16/200
 - 1s - loss: 0.3680
Epoch 17/200
 - 1s - loss: 0.3693
Epoch 18/200
 - 1s - loss: 0.3693
Epoch 19/200
 - 1s - loss: 0.3693
Epoch 20/200
 - 1s - loss: 0.3691
Epoch 21/200
 - 1s - loss: 0.3703
Epoch 22/200
 - 1s - loss: 0.3701
Epoch 23/200
 - 1s - loss: 0.3695
Epoch 24/200
 - 1s - loss: 0.3702
Epoch 25/200
 - 1s - loss: 0.3689
Epoch 26/200
 - 1s - loss: 0.3696
Epoch 27/200
 - 1s - loss: 0.3700
Epoch 28/200
 - 1s - loss: 0.3704
Epoch 29/200
 - 1s - loss: 0.3703
Epoch 30/200
 - 1s - loss: 0.3703
Epoch 31/200
 - 1s - loss: 0.3703
Epoch 32/200
 - 1s - loss: 0.3700
Epoch 33/200
 - 1s - loss: 0.3693
Epoch 34/200
 - 1s - loss: 0.3698
Epoch 35/200
 - 1s - loss: 0.3707
Epoch 36/200
 - 1s - loss: 0.3704
Epoch 37/200
 - 1s - loss: 0.3706
Epoch 38/200
 - 1s - loss: 0.3696
Epoch 39/200
 - 1s - loss: 0.3707
Epoch 40/200
 - 1s - loss: 0.3705
Epoch 41/200
 - 1s - loss: 0.3693
Epoch 42/200
 - 1s - loss: 0.3705
Epoch 43/200
 - 1s - loss: 0.3707
Model saved ...  ../../exp_ElectricityLoad/saved_models/ar/ar_MT_012_weights
_________________________________________________________________
Layer (type)                 Output Shape              Param #   
=================================================================
input_13 (InputLayer)        (None, 96)                0         
_________________________________________________________________
ar-weights (Dense)           (None, 1)                 97        
=================================================================
Total params: 97
Trainable params: 97
Non-trainable params: 0
_________________________________________________________________
(34944, 96)
(34944,)
Epoch 1/200
 - 1s - loss: 1.2152
Epoch 2/200
 - 1s - loss: 1.0469
Epoch 3/200
 - 1s - loss: 1.0417
Epoch 4/200
 - 1s - loss: 1.0435
Epoch 5/200
 - 1s - loss: 1.0443
Epoch 6/200
 - 1s - loss: 1.0437
Epoch 7/200
 - 1s - loss: 1.0412
Epoch 8/200
 - 1s - loss: 1.0448
Epoch 9/200
 - 1s - loss: 1.0448
Epoch 10/200
 - 1s - loss: 1.0435
Epoch 11/200
 - 1s - loss: 1.0441
Epoch 12/200
 - 1s - loss: 1.0439
Epoch 13/200
 - 1s - loss: 1.0445
Epoch 14/200
 - 1s - loss: 1.0430
Epoch 15/200
 - 1s - loss: 1.0443
Epoch 16/200
 - 1s - loss: 1.0442
Epoch 17/200
 - 1s - loss: 1.0439
Epoch 18/200
 - 1s - loss: 1.0442
Epoch 19/200
 - 1s - loss: 1.0440
Epoch 20/200
 - 1s - loss: 1.0440
Epoch 21/200
 - 1s - loss: 1.0440
Epoch 22/200
 - 1s - loss: 1.0432
Epoch 23/200
 - 1s - loss: 1.0438
Epoch 24/200
 - 1s - loss: 1.0440
Epoch 25/200
 - 1s - loss: 1.0440
Epoch 26/200
 - 1s - loss: 1.0444
Epoch 27/200
 - 1s - loss: 1.0442
Epoch 28/200
 - 1s - loss: 1.0431
Epoch 29/200
 - 1s - loss: 1.0438
Epoch 30/200
 - 1s - loss: 1.0455
Epoch 31/200
 - 1s - loss: 1.0437
Epoch 32/200
 - 1s - loss: 1.0429
Epoch 33/200
 - 1s - loss: 1.0446
Epoch 34/200
 - 1s - loss: 1.0442
Epoch 35/200
 - 1s - loss: 1.0441
Epoch 36/200
 - 1s - loss: 1.0421
Epoch 37/200
 - 1s - loss: 1.0427
Epoch 38/200
 - 1s - loss: 1.0439
Epoch 39/200
 - 1s - loss: 1.0440
Model saved ...  ../../exp_ElectricityLoad/saved_models/ar/ar_MT_013_weights
_________________________________________________________________
Layer (type)                 Output Shape              Param #   
=================================================================
input_14 (InputLayer)        (None, 96)                0         
_________________________________________________________________
ar-weights (Dense)           (None, 1)                 97        
=================================================================
Total params: 97
Trainable params: 97
Non-trainable params: 0
_________________________________________________________________
(34944, 96)
(34944,)
Epoch 1/200
 - 1s - loss: 0.4709
Epoch 2/200
 - 1s - loss: 0.3679
Epoch 3/200
 - 1s - loss: 0.3472
Epoch 4/200
 - 1s - loss: 0.3386
Epoch 5/200
 - 1s - loss: 0.3334
Epoch 6/200
 - 1s - loss: 0.3311
Epoch 7/200
 - 1s - loss: 0.3292
Epoch 8/200
 - 1s - loss: 0.3284
Epoch 9/200
 - 1s - loss: 0.3274
Epoch 10/200
 - 1s - loss: 0.3267
Epoch 11/200
 - 1s - loss: 0.3270
Epoch 12/200
 - 1s - loss: 0.3269
Epoch 13/200
 - 1s - loss: 0.3269
Epoch 14/200
 - 1s - loss: 0.3262
Epoch 15/200
 - 1s - loss: 0.3269
Epoch 16/200
 - 1s - loss: 0.3272
Epoch 17/200
 - 1s - loss: 0.3263
Epoch 18/200
 - 1s - loss: 0.3265
Epoch 19/200
 - 1s - loss: 0.3267
Epoch 20/200
 - 1s - loss: 0.3260
Epoch 21/200
 - 1s - loss: 0.3265
Epoch 22/200
 - 1s - loss: 0.3276
Epoch 23/200
 - 1s - loss: 0.3273
Epoch 24/200
 - 1s - loss: 0.3267
Epoch 25/200
 - 1s - loss: 0.3265
Epoch 26/200
 - 1s - loss: 0.3276
Epoch 27/200
 - 1s - loss: 0.3266
Epoch 28/200
 - 1s - loss: 0.3272
Epoch 29/200
 - 1s - loss: 0.3260
Epoch 30/200
 - 1s - loss: 0.3266
Epoch 31/200
 - 1s - loss: 0.3263
Epoch 32/200
 - 1s - loss: 0.3269
Epoch 33/200
 - 1s - loss: 0.3266
Epoch 34/200
 - 1s - loss: 0.3260
Epoch 35/200
 - 1s - loss: 0.3264
Epoch 36/200
 - 1s - loss: 0.3263
Epoch 37/200
 - 1s - loss: 0.3268
Epoch 38/200
 - 1s - loss: 0.3270
Epoch 39/200
 - 1s - loss: 0.3269
Epoch 40/200
 - 1s - loss: 0.3272
Epoch 41/200
 - 1s - loss: 0.3266
Epoch 42/200
 - 1s - loss: 0.3276
Epoch 43/200
 - 1s - loss: 0.3265
Epoch 44/200
 - 1s - loss: 0.3264
Epoch 45/200
 - 1s - loss: 0.3268
Epoch 46/200
 - 1s - loss: 0.3270
Epoch 47/200
 - 1s - loss: 0.3268
Epoch 48/200
 - 1s - loss: 0.3268
Epoch 49/200
 - 1s - loss: 0.3267
Epoch 50/200
 - 1s - loss: 0.3268
Epoch 51/200
 - 1s - loss: 0.3269
Epoch 52/200
 - 1s - loss: 0.3262
Epoch 53/200
 - 1s - loss: 0.3267
Epoch 54/200
 - 1s - loss: 0.3258
Epoch 55/200
 - 1s - loss: 0.3265
Epoch 56/200
 - 1s - loss: 0.3268
Epoch 57/200
 - 1s - loss: 0.3266
Epoch 58/200
 - 1s - loss: 0.3272
Epoch 59/200
 - 1s - loss: 0.3269
Epoch 60/200
 - 1s - loss: 0.3264
Epoch 61/200
 - 1s - loss: 0.3270
Epoch 62/200
 - 1s - loss: 0.3270
Epoch 63/200
 - 1s - loss: 0.3271
Epoch 64/200
 - 1s - loss: 0.3262
Epoch 65/200
 - 1s - loss: 0.3268
Epoch 66/200
 - 1s - loss: 0.3265
Epoch 67/200
 - 1s - loss: 0.3274
Epoch 68/200
 - 1s - loss: 0.3267
Epoch 69/200
 - 1s - loss: 0.3263
Epoch 70/200
 - 1s - loss: 0.3266
Epoch 71/200
 - 1s - loss: 0.3267
Epoch 72/200
 - 1s - loss: 0.3269
Epoch 73/200
 - 1s - loss: 0.3265
Epoch 74/200
 - 1s - loss: 0.3273
Epoch 75/200
 - 1s - loss: 0.3269
Epoch 76/200
 - 1s - loss: 0.3263
Epoch 77/200
 - 1s - loss: 0.3269
Epoch 78/200
 - 1s - loss: 0.3271
Epoch 79/200
 - 1s - loss: 0.3267
Epoch 80/200
 - 1s - loss: 0.3268
Epoch 81/200
 - 1s - loss: 0.3267
Epoch 82/200
 - 1s - loss: 0.3268
Epoch 83/200
 - 1s - loss: 0.3261
Epoch 84/200
 - 1s - loss: 0.3267
Epoch 85/200
 - 1s - loss: 0.3265
Epoch 86/200
 - 1s - loss: 0.3270
Model saved ...  ../../exp_ElectricityLoad/saved_models/ar/ar_MT_014_weights
_________________________________________________________________
Layer (type)                 Output Shape              Param #   
=================================================================
input_15 (InputLayer)        (None, 96)                0         
_________________________________________________________________
ar-weights (Dense)           (None, 1)                 97        
=================================================================
Total params: 97
Trainable params: 97
Non-trainable params: 0
_________________________________________________________________
(34944, 96)
(34944,)
Epoch 1/200
 - 1s - loss: 0.2297
Epoch 2/200
 - 1s - loss: 0.2012
Epoch 3/200
 - 1s - loss: 0.1941
Epoch 4/200
 - 1s - loss: 0.1890
Epoch 5/200
 - 1s - loss: 0.1856
Epoch 6/200
 - 1s - loss: 0.1826
Epoch 7/200
 - 1s - loss: 0.1813
Epoch 8/200
 - 1s - loss: 0.1801
Epoch 9/200
 - 1s - loss: 0.1790
Epoch 10/200
 - 1s - loss: 0.1784
Epoch 11/200
 - 1s - loss: 0.1779
Epoch 12/200
 - 1s - loss: 0.1778
Epoch 13/200
 - 1s - loss: 0.1776
Epoch 14/200
 - 1s - loss: 0.1774
Epoch 15/200
 - 1s - loss: 0.1776
Epoch 16/200
 - 1s - loss: 0.1767
Epoch 17/200
 - 1s - loss: 0.1766
Epoch 18/200
 - 1s - loss: 0.1765
Epoch 19/200
 - 1s - loss: 0.1766
Epoch 20/200
 - 1s - loss: 0.1762
Epoch 21/200
 - 1s - loss: 0.1764
Epoch 22/200
 - 1s - loss: 0.1763
Epoch 23/200
 - 1s - loss: 0.1763
Epoch 24/200
 - 1s - loss: 0.1758
Epoch 25/200
 - 1s - loss: 0.1761
Epoch 26/200
 - 1s - loss: 0.1758
Epoch 27/200
 - 1s - loss: 0.1766
Epoch 28/200
 - 1s - loss: 0.1756
Epoch 29/200
 - 1s - loss: 0.1758
Epoch 30/200
 - 1s - loss: 0.1761
Epoch 31/200
 - 1s - loss: 0.1758
Epoch 32/200
 - 1s - loss: 0.1756
Epoch 33/200
 - 1s - loss: 0.1761
Epoch 34/200
 - 1s - loss: 0.1756
Epoch 35/200
 - 1s - loss: 0.1755
Epoch 36/200
 - 1s - loss: 0.1759
Epoch 37/200
 - 1s - loss: 0.1756
Epoch 38/200
 - 1s - loss: 0.1756
Epoch 39/200
 - 1s - loss: 0.1753
Epoch 40/200
 - 1s - loss: 0.1755
Epoch 41/200
 - 1s - loss: 0.1754
Epoch 42/200
 - 1s - loss: 0.1755
Epoch 43/200
 - 1s - loss: 0.1758
Epoch 44/200
 - 1s - loss: 0.1752
Epoch 45/200
 - 1s - loss: 0.1749
Epoch 46/200
 - 1s - loss: 0.1757
Epoch 47/200
 - 1s - loss: 0.1755
Epoch 48/200
 - 1s - loss: 0.1756
Epoch 49/200
 - 1s - loss: 0.1755
Epoch 50/200
 - 1s - loss: 0.1761
Epoch 51/200
 - 1s - loss: 0.1758
Epoch 52/200
 - 1s - loss: 0.1757
Epoch 53/200
 - 1s - loss: 0.1756
Epoch 54/200
 - 1s - loss: 0.1755
Epoch 55/200
 - 1s - loss: 0.1755
Epoch 56/200
 - 1s - loss: 0.1751
Epoch 57/200
 - 1s - loss: 0.1751
Epoch 58/200
 - 1s - loss: 0.1756
Epoch 59/200
 - 1s - loss: 0.1748
Epoch 60/200
 - 1s - loss: 0.1754
Epoch 61/200
 - 1s - loss: 0.1754
Epoch 62/200
 - 1s - loss: 0.1756
Epoch 63/200
 - 1s - loss: 0.1755
Epoch 64/200
 - 1s - loss: 0.1756
Epoch 65/200
 - 1s - loss: 0.1754
Epoch 66/200
 - 1s - loss: 0.1754
Epoch 67/200
 - 1s - loss: 0.1756
Epoch 68/200
 - 1s - loss: 0.1753
Epoch 69/200
 - 1s - loss: 0.1754
Epoch 70/200
 - 1s - loss: 0.1752
Epoch 71/200
 - 1s - loss: 0.1754
Epoch 72/200
 - 1s - loss: 0.1752
Epoch 73/200
 - 1s - loss: 0.1750
Epoch 74/200
 - 1s - loss: 0.1751
Epoch 75/200
 - 1s - loss: 0.1751
Epoch 76/200
 - 1s - loss: 0.1756
Epoch 77/200
 - 1s - loss: 0.1753
Epoch 78/200
 - 1s - loss: 0.1757
Epoch 79/200
 - 1s - loss: 0.1756
Epoch 80/200
 - 1s - loss: 0.1753
Epoch 81/200
 - 1s - loss: 0.1753
Epoch 82/200
 - 1s - loss: 0.1756
Epoch 83/200
 - 1s - loss: 0.1755
Epoch 84/200
 - 1s - loss: 0.1753
Epoch 85/200
 - 1s - loss: 0.1754
Epoch 86/200
 - 1s - loss: 0.1753
Epoch 87/200
 - 1s - loss: 0.1753
Epoch 88/200
 - 1s - loss: 0.1751
Epoch 89/200
 - 1s - loss: 0.1755
Epoch 90/200
 - 1s - loss: 0.1753
Epoch 91/200
 - 1s - loss: 0.1753
Model saved ...  ../../exp_ElectricityLoad/saved_models/ar/ar_MT_015_weights
_________________________________________________________________
Layer (type)                 Output Shape              Param #   
=================================================================
input_16 (InputLayer)        (None, 96)                0         
_________________________________________________________________
ar-weights (Dense)           (None, 1)                 97        
=================================================================
Total params: 97
Trainable params: 97
Non-trainable params: 0
_________________________________________________________________
(34944, 96)
(34944,)
Epoch 1/200
 - 1s - loss: 1.0783
Epoch 2/200
 - 1s - loss: 1.0158
Epoch 3/200
 - 1s - loss: 1.0030
Epoch 4/200
 - 1s - loss: 1.0054
Epoch 5/200
 - 1s - loss: 1.0100
Epoch 6/200
 - 1s - loss: 1.0155
Epoch 7/200
 - 1s - loss: 1.0195
Epoch 8/200
 - 1s - loss: 1.0206
Epoch 9/200
 - 1s - loss: 1.0206
Epoch 10/200
 - 1s - loss: 1.0208
Epoch 11/200
 - 1s - loss: 1.0229
Epoch 12/200
 - 1s - loss: 1.0209
Epoch 13/200
 - 1s - loss: 1.0220
Epoch 14/200
 - 1s - loss: 1.0226
Epoch 15/200
 - 1s - loss: 1.0220
Epoch 16/200
 - 1s - loss: 1.0224
Epoch 17/200
 - 1s - loss: 1.0208
Epoch 18/200
 - 1s - loss: 1.0202
Epoch 19/200
 - 1s - loss: 1.0205
Epoch 20/200
 - 1s - loss: 1.0207
Epoch 21/200
 - 1s - loss: 1.0212
Epoch 22/200
 - 1s - loss: 1.0220
Epoch 23/200
 - 1s - loss: 1.0203
Epoch 24/200
 - 1s - loss: 1.0209
Epoch 25/200
 - 1s - loss: 1.0222
Epoch 26/200
 - 1s - loss: 1.0214
Epoch 27/200
 - 1s - loss: 1.0211
Epoch 28/200
 - 1s - loss: 1.0213
Epoch 29/200
 - 1s - loss: 1.0214
Epoch 30/200
 - 1s - loss: 1.0223
Epoch 31/200
 - 1s - loss: 1.0208
Epoch 32/200
 - 1s - loss: 1.0217
Epoch 33/200
 - 1s - loss: 1.0215
Epoch 34/200
 - 1s - loss: 1.0204
Epoch 35/200
 - 1s - loss: 1.0214
Model saved ...  ../../exp_ElectricityLoad/saved_models/ar/ar_MT_016_weights
_________________________________________________________________
Layer (type)                 Output Shape              Param #   
=================================================================
input_17 (InputLayer)        (None, 96)                0         
_________________________________________________________________
ar-weights (Dense)           (None, 1)                 97        
=================================================================
Total params: 97
Trainable params: 97
Non-trainable params: 0
_________________________________________________________________
(34944, 96)
(34944,)
Epoch 1/200
 - 1s - loss: 1.0677
Epoch 2/200
 - 1s - loss: 0.9772
Epoch 3/200
 - 1s - loss: 0.9520
Epoch 4/200
 - 1s - loss: 0.9477
Epoch 5/200
 - 1s - loss: 0.9528
Epoch 6/200
 - 1s - loss: 0.9664
Epoch 7/200
 - 1s - loss: 0.9773
Epoch 8/200
 - 1s - loss: 0.9871
Epoch 9/200
 - 1s - loss: 0.9933
Epoch 10/200
 - 1s - loss: 0.9983
Epoch 11/200
 - 1s - loss: 0.9998
Epoch 12/200
 - 1s - loss: 0.9989
Epoch 13/200
 - 1s - loss: 1.0008
Epoch 14/200
 - 1s - loss: 0.9998
Epoch 15/200
 - 1s - loss: 0.9998
Epoch 16/200
 - 1s - loss: 0.9994
Epoch 17/200
 - 1s - loss: 0.9999
Epoch 18/200
 - 1s - loss: 0.9995
Epoch 19/200
 - 1s - loss: 1.0002
Epoch 20/200
 - 1s - loss: 1.0012
Epoch 21/200
 - 1s - loss: 1.0001
Epoch 22/200
 - 1s - loss: 1.0006
Epoch 23/200
 - 1s - loss: 0.9981
Epoch 24/200
 - 1s - loss: 1.0004
Epoch 25/200
 - 1s - loss: 1.0018
Epoch 26/200
 - 1s - loss: 1.0004
Epoch 27/200
 - 1s - loss: 0.9981
Epoch 28/200
 - 1s - loss: 1.0009
Epoch 29/200
 - 1s - loss: 1.0014
Epoch 30/200
 - 1s - loss: 1.0006
Epoch 31/200
 - 1s - loss: 1.0002
Epoch 32/200
 - 1s - loss: 1.0014
Epoch 33/200
 - 1s - loss: 0.9983
Epoch 34/200
 - 1s - loss: 1.0009
Epoch 35/200
 - 1s - loss: 0.9995
Epoch 36/200
 - 1s - loss: 1.0010
Model saved ...  ../../exp_ElectricityLoad/saved_models/ar/ar_MT_017_weights
_________________________________________________________________
Layer (type)                 Output Shape              Param #   
=================================================================
input_18 (InputLayer)        (None, 96)                0         
_________________________________________________________________
ar-weights (Dense)           (None, 1)                 97        
=================================================================
Total params: 97
Trainable params: 97
Non-trainable params: 0
_________________________________________________________________
(34944, 96)
(34944,)
Epoch 1/200
 - 1s - loss: 1.3455
Epoch 2/200
 - 1s - loss: 1.1564
Epoch 3/200
 - 1s - loss: 1.1417
Epoch 4/200
 - 1s - loss: 1.1415
Epoch 5/200
 - 1s - loss: 1.1413
Epoch 6/200
 - 1s - loss: 1.1427
Epoch 7/200
 - 1s - loss: 1.1424
Epoch 8/200
 - 1s - loss: 1.1419
Epoch 9/200
 - 1s - loss: 1.1416
Epoch 10/200
 - 1s - loss: 1.1421
Epoch 11/200
 - 1s - loss: 1.1422
Epoch 12/200
 - 1s - loss: 1.1422
Epoch 13/200
 - 1s - loss: 1.1415
Epoch 14/200
 - 1s - loss: 1.1407
Epoch 15/200
 - 1s - loss: 1.1418
Epoch 16/200
 - 1s - loss: 1.1435
Epoch 17/200
 - 1s - loss: 1.1419
Epoch 18/200
 - 1s - loss: 1.1429
Epoch 19/200
 - 1s - loss: 1.1413
Epoch 20/200
 - 1s - loss: 1.1432
Epoch 21/200
 - 1s - loss: 1.1417
Epoch 22/200
 - 1s - loss: 1.1420
Epoch 23/200
 - 1s - loss: 1.1405
Epoch 24/200
 - 1s - loss: 1.1425
Epoch 25/200
 - 1s - loss: 1.1435
Epoch 26/200
 - 1s - loss: 1.1420
Epoch 27/200
 - 1s - loss: 1.1423
Epoch 28/200
 - 1s - loss: 1.1416
Epoch 29/200
 - 1s - loss: 1.1416
Epoch 30/200
 - 1s - loss: 1.1431
Epoch 31/200
 - 1s - loss: 1.1419
Epoch 32/200
 - 1s - loss: 1.1436
Epoch 33/200
 - 1s - loss: 1.1434
Epoch 34/200
 - 1s - loss: 1.1420
Epoch 35/200
 - 1s - loss: 1.1420
Epoch 36/200
 - 1s - loss: 1.1420
Epoch 37/200
 - 1s - loss: 1.1427
Epoch 38/200
 - 1s - loss: 1.1415
Epoch 39/200
 - 1s - loss: 1.1433
Epoch 40/200
 - 1s - loss: 1.1410
Epoch 41/200
 - 1s - loss: 1.1427
Epoch 42/200
 - 1s - loss: 1.1421
Epoch 43/200
 - 1s - loss: 1.1427
Epoch 44/200
 - 1s - loss: 1.1417
Epoch 45/200
 - 1s - loss: 1.1409
Epoch 46/200
 - 1s - loss: 1.1435
Epoch 47/200
 - 1s - loss: 1.1437
Epoch 48/200
 - 1s - loss: 1.1410
Epoch 49/200
 - 1s - loss: 1.1418
Epoch 50/200
 - 1s - loss: 1.1421
Epoch 51/200
 - 1s - loss: 1.1427
Epoch 52/200
 - 1s - loss: 1.1425
Epoch 53/200
 - 1s - loss: 1.1409
Epoch 54/200
 - 1s - loss: 1.1422
Epoch 55/200
 - 1s - loss: 1.1424
Model saved ...  ../../exp_ElectricityLoad/saved_models/ar/ar_MT_018_weights
_________________________________________________________________
Layer (type)                 Output Shape              Param #   
=================================================================
input_19 (InputLayer)        (None, 96)                0         
_________________________________________________________________
ar-weights (Dense)           (None, 1)                 97        
=================================================================
Total params: 97
Trainable params: 97
Non-trainable params: 0
_________________________________________________________________
(34944, 96)
(34944,)
Epoch 1/200
 - 1s - loss: 1.3574
Epoch 2/200
 - 1s - loss: 1.2390
Epoch 3/200
 - 1s - loss: 1.2138
Epoch 4/200
 - 1s - loss: 1.2192
Epoch 5/200
 - 1s - loss: 1.2207
Epoch 6/200
 - 1s - loss: 1.2225
Epoch 7/200
 - 1s - loss: 1.2220
Epoch 8/200
 - 1s - loss: 1.2225
Epoch 9/200
 - 1s - loss: 1.2221
Epoch 10/200
 - 1s - loss: 1.2217
Epoch 11/200
 - 1s - loss: 1.2228
Epoch 12/200
 - 1s - loss: 1.2220
Epoch 13/200
 - 1s - loss: 1.2218
Epoch 14/200
 - 1s - loss: 1.2227
Epoch 15/200
 - 1s - loss: 1.2209
Epoch 16/200
 - 1s - loss: 1.2216
Epoch 17/200
 - 1s - loss: 1.2214
Epoch 18/200
 - 1s - loss: 1.2224
Epoch 19/200
 - 1s - loss: 1.2222
Epoch 20/200
 - 1s - loss: 1.2223
Epoch 21/200
 - 1s - loss: 1.2218
Epoch 22/200
 - 1s - loss: 1.2225
Epoch 23/200
 - 1s - loss: 1.2212
Epoch 24/200
 - 1s - loss: 1.2219
Epoch 25/200
 - 1s - loss: 1.2210
Epoch 26/200
 - 1s - loss: 1.2224
Epoch 27/200
 - 1s - loss: 1.2231
Epoch 28/200
 - 1s - loss: 1.2211
Epoch 29/200
 - 1s - loss: 1.2217
Epoch 30/200
 - 1s - loss: 1.2219
Epoch 31/200
 - 1s - loss: 1.2219
Epoch 32/200
 - 1s - loss: 1.2215
Epoch 33/200
 - 1s - loss: 1.2228
Epoch 34/200
 - 1s - loss: 1.2216
Epoch 35/200
 - 1s - loss: 1.2233
Model saved ...  ../../exp_ElectricityLoad/saved_models/ar/ar_MT_019_weights
_________________________________________________________________
Layer (type)                 Output Shape              Param #   
=================================================================
input_20 (InputLayer)        (None, 96)                0         
_________________________________________________________________
ar-weights (Dense)           (None, 1)                 97        
=================================================================
Total params: 97
Trainable params: 97
Non-trainable params: 0
_________________________________________________________________
(34944, 96)
(34944,)
Epoch 1/200
 - 1s - loss: 1.0836
Epoch 2/200
 - 1s - loss: 0.9912
Epoch 3/200
 - 1s - loss: 0.9710
Epoch 4/200
 - 1s - loss: 0.9677
Epoch 5/200
 - 1s - loss: 0.9710
Epoch 6/200
 - 1s - loss: 0.9704
Epoch 7/200
 - 1s - loss: 0.9714
Epoch 8/200
 - 1s - loss: 0.9710
Epoch 9/200
 - 1s - loss: 0.9710
Epoch 10/200
 - 1s - loss: 0.9709
Epoch 11/200
 - 1s - loss: 0.9707
Epoch 12/200
 - 1s - loss: 0.9703
Epoch 13/200
 - 1s - loss: 0.9722
Epoch 14/200
 - 1s - loss: 0.9701
Epoch 15/200
 - 1s - loss: 0.9696
Epoch 16/200
 - 1s - loss: 0.9716
Epoch 17/200
 - 1s - loss: 0.9706
Epoch 18/200
 - 1s - loss: 0.9717
Epoch 19/200
 - 1s - loss: 0.9710
Epoch 20/200
 - 1s - loss: 0.9705
Epoch 21/200
 - 1s - loss: 0.9697
Epoch 22/200
 - 1s - loss: 0.9718
Epoch 23/200
 - 1s - loss: 0.9703
Epoch 24/200
 - 1s - loss: 0.9706
Epoch 25/200
 - 1s - loss: 0.9717
Epoch 26/200
 - 1s - loss: 0.9710
Epoch 27/200
 - 1s - loss: 0.9706
Epoch 28/200
 - 1s - loss: 0.9697
Epoch 29/200
 - 1s - loss: 0.9705
Epoch 30/200
 - 1s - loss: 0.9701
Epoch 31/200
 - 1s - loss: 0.9707
Epoch 32/200
 - 1s - loss: 0.9717
Epoch 33/200
 - 1s - loss: 0.9706
Epoch 34/200
 - 1s - loss: 0.9712
Epoch 35/200
 - 1s - loss: 0.9708
Epoch 36/200
 - 1s - loss: 0.9709
Model saved ...  ../../exp_ElectricityLoad/saved_models/ar/ar_MT_020_weights
_________________________________________________________________
Layer (type)                 Output Shape              Param #   
=================================================================
input_21 (InputLayer)        (None, 96)                0         
_________________________________________________________________
ar-weights (Dense)           (None, 1)                 97        
=================================================================
Total params: 97
Trainable params: 97
Non-trainable params: 0
_________________________________________________________________
(34944, 96)
(34944,)
Epoch 1/200
 - 1s - loss: 0.9117
Epoch 2/200
 - 1s - loss: 0.6924
Epoch 3/200
 - 1s - loss: 0.6556
Epoch 4/200
 - 1s - loss: 0.6428
Epoch 5/200
 - 1s - loss: 0.6383
Epoch 6/200
 - 1s - loss: 0.6358
Epoch 7/200
 - 1s - loss: 0.6358
Epoch 8/200
 - 1s - loss: 0.6354
Epoch 9/200
 - 1s - loss: 0.6360
Epoch 10/200
 - 1s - loss: 0.6360
Epoch 11/200
 - 1s - loss: 0.6345
Epoch 12/200
 - 1s - loss: 0.6361
Epoch 13/200
 - 1s - loss: 0.6352
Epoch 14/200
 - 1s - loss: 0.6355
Epoch 15/200
 - 1s - loss: 0.6361
Epoch 16/200
 - 1s - loss: 0.6355
Epoch 17/200
 - 1s - loss: 0.6350
Epoch 18/200
 - 1s - loss: 0.6357
Epoch 19/200
 - 1s - loss: 0.6370
Epoch 20/200
 - 1s - loss: 0.6353
Epoch 21/200
 - 1s - loss: 0.6350
Epoch 22/200
 - 1s - loss: 0.6347
Epoch 23/200
 - 1s - loss: 0.6359
Epoch 24/200
 - 1s - loss: 0.6359
Epoch 25/200
 - 1s - loss: 0.6351
Epoch 26/200
 - 1s - loss: 0.6359
Epoch 27/200
 - 1s - loss: 0.6360
Epoch 28/200
 - 1s - loss: 0.6349
Epoch 29/200
 - 1s - loss: 0.6351
Epoch 30/200
 - 1s - loss: 0.6354
Epoch 31/200
 - 1s - loss: 0.6353
Epoch 32/200
 - 1s - loss: 0.6354
Epoch 33/200
 - 1s - loss: 0.6355
Epoch 34/200
 - 1s - loss: 0.6359
Epoch 35/200
 - 1s - loss: 0.6355
Epoch 36/200
 - 1s - loss: 0.6344
Epoch 37/200
 - 1s - loss: 0.6351
Epoch 38/200
 - 1s - loss: 0.6351
Epoch 39/200
 - 1s - loss: 0.6353
Epoch 40/200
 - 1s - loss: 0.6359
Epoch 41/200
 - 1s - loss: 0.6353
Epoch 42/200
 - 1s - loss: 0.6356
Epoch 43/200
 - 1s - loss: 0.6358
Epoch 44/200
 - 1s - loss: 0.6349
Epoch 45/200
 - 1s - loss: 0.6345
Epoch 46/200
 - 1s - loss: 0.6357
Epoch 47/200
 - 1s - loss: 0.6360
Epoch 48/200
 - 1s - loss: 0.6356
Epoch 49/200
 - 1s - loss: 0.6356
Epoch 50/200
 - 1s - loss: 0.6353
Epoch 51/200
 - 1s - loss: 0.6364
Epoch 52/200
 - 1s - loss: 0.6359
Epoch 53/200
 - 1s - loss: 0.6361
Epoch 54/200
 - 1s - loss: 0.6354
Epoch 55/200
 - 1s - loss: 0.6365
Epoch 56/200
 - 1s - loss: 0.6357
Epoch 57/200
 - 1s - loss: 0.6338
Epoch 58/200
 - 1s - loss: 0.6361
Epoch 59/200
 - 1s - loss: 0.6367
Epoch 60/200
 - 1s - loss: 0.6359
Epoch 61/200
 - 1s - loss: 0.6366
Epoch 62/200
 - 1s - loss: 0.6355
Epoch 63/200
 - 1s - loss: 0.6360
Epoch 64/200
 - 1s - loss: 0.6358
Epoch 65/200
 - 1s - loss: 0.6358
Epoch 66/200
 - 1s - loss: 0.6349
Epoch 67/200
 - 1s - loss: 0.6349
Epoch 68/200
 - 1s - loss: 0.6357
Epoch 69/200
 - 1s - loss: 0.6365
Epoch 70/200
 - 1s - loss: 0.6351
Epoch 71/200
 - 1s - loss: 0.6357
Epoch 72/200
 - 1s - loss: 0.6366
Epoch 73/200
 - 1s - loss: 0.6348
Epoch 74/200
 - 1s - loss: 0.6349
Epoch 75/200
 - 1s - loss: 0.6353
Epoch 76/200
 - 1s - loss: 0.6364
Epoch 77/200
 - 1s - loss: 0.6362
Epoch 78/200
 - 1s - loss: 0.6353
Epoch 79/200
 - 1s - loss: 0.6362
Epoch 80/200
 - 1s - loss: 0.6348
Epoch 81/200
 - 1s - loss: 0.6361
Epoch 82/200
 - 1s - loss: 0.6353
Epoch 83/200
 - 1s - loss: 0.6359
Epoch 84/200
 - 1s - loss: 0.6365
Epoch 85/200
 - 1s - loss: 0.6350
Epoch 86/200
 - 1s - loss: 0.6356
Epoch 87/200
 - 1s - loss: 0.6350
Epoch 88/200
 - 1s - loss: 0.6359
Epoch 89/200
 - 1s - loss: 0.6359
Model saved ...  ../../exp_ElectricityLoad/saved_models/ar/ar_MT_021_weights
_________________________________________________________________
Layer (type)                 Output Shape              Param #   
=================================================================
input_22 (InputLayer)        (None, 96)                0         
_________________________________________________________________
ar-weights (Dense)           (None, 1)                 97        
=================================================================
Total params: 97
Trainable params: 97
Non-trainable params: 0
_________________________________________________________________
(34944, 96)
(34944,)
Epoch 1/200
 - 1s - loss: 1.0993
Epoch 2/200
 - 1s - loss: 0.9938
Epoch 3/200
 - 1s - loss: 0.9653
Epoch 4/200
 - 1s - loss: 0.9637
Epoch 5/200
 - 1s - loss: 0.9682
Epoch 6/200
 - 1s - loss: 0.9705
Epoch 7/200
 - 1s - loss: 0.9721
Epoch 8/200
 - 1s - loss: 0.9742
Epoch 9/200
 - 1s - loss: 0.9732
Epoch 10/200
 - 1s - loss: 0.9736
Epoch 11/200
 - 1s - loss: 0.9725
Epoch 12/200
 - 1s - loss: 0.9728
Epoch 13/200
 - 1s - loss: 0.9742
Epoch 14/200
 - 1s - loss: 0.9736
Epoch 15/200
 - 1s - loss: 0.9735
Epoch 16/200
 - 1s - loss: 0.9727
Epoch 17/200
 - 1s - loss: 0.9729
Epoch 18/200
 - 1s - loss: 0.9739
Epoch 19/200
 - 1s - loss: 0.9723
Epoch 20/200
 - 1s - loss: 0.9738
Epoch 21/200
 - 1s - loss: 0.9736
Epoch 22/200
 - 1s - loss: 0.9739
Epoch 23/200
 - 1s - loss: 0.9725
Epoch 24/200
 - 1s - loss: 0.9734
Epoch 25/200
 - 1s - loss: 0.9716
Epoch 26/200
 - 1s - loss: 0.9725
Epoch 27/200
 - 1s - loss: 0.9729
Epoch 28/200
 - 1s - loss: 0.9722
Epoch 29/200
 - 1s - loss: 0.9738
Epoch 30/200
 - 1s - loss: 0.9728
Epoch 31/200
 - 1s - loss: 0.9731
Epoch 32/200
 - 1s - loss: 0.9725
Epoch 33/200
 - 1s - loss: 0.9731
Epoch 34/200
 - 1s - loss: 0.9737
Epoch 35/200
 - 1s - loss: 0.9730
Epoch 36/200
 - 1s - loss: 0.9726
Model saved ...  ../../exp_ElectricityLoad/saved_models/ar/ar_MT_022_weights
_________________________________________________________________
Layer (type)                 Output Shape              Param #   
=================================================================
input_23 (InputLayer)        (None, 96)                0         
_________________________________________________________________
ar-weights (Dense)           (None, 1)                 97        
=================================================================
Total params: 97
Trainable params: 97
Non-trainable params: 0
_________________________________________________________________
(34944, 96)
(34944,)
Epoch 1/200
 - 1s - loss: 1.2870
Epoch 2/200
 - 1s - loss: 1.1445
Epoch 3/200
 - 1s - loss: 1.1213
Epoch 4/200
 - 1s - loss: 1.1208
Epoch 5/200
 - 1s - loss: 1.1210
Epoch 6/200
 - 1s - loss: 1.1214
Epoch 7/200
 - 1s - loss: 1.1206
Epoch 8/200
 - 1s - loss: 1.1195
Epoch 9/200
 - 1s - loss: 1.1210
Epoch 10/200
 - 1s - loss: 1.1214
Epoch 11/200
 - 1s - loss: 1.1207
Epoch 12/200
 - 1s - loss: 1.1216
Epoch 13/200
 - 1s - loss: 1.1214
Epoch 14/200
 - 1s - loss: 1.1215
Epoch 15/200
 - 1s - loss: 1.1234
Epoch 16/200
 - 1s - loss: 1.1209
Epoch 17/200
 - 1s - loss: 1.1214
Epoch 18/200
 - 1s - loss: 1.1205
Epoch 19/200
 - 1s - loss: 1.1216
Epoch 20/200
 - 1s - loss: 1.1224
Epoch 21/200
 - 1s - loss: 1.1212
Epoch 22/200
 - 1s - loss: 1.1210
Epoch 23/200
 - 1s - loss: 1.1223
Epoch 24/200
 - 1s - loss: 1.1223
Epoch 25/200
 - 1s - loss: 1.1209
Epoch 26/200
 - 1s - loss: 1.1207
Epoch 27/200
 - 1s - loss: 1.1213
Epoch 28/200
 - 1s - loss: 1.1210
Epoch 29/200
 - 1s - loss: 1.1207
Epoch 30/200
 - 1s - loss: 1.1215
Epoch 31/200
 - 2s - loss: 1.1221
Epoch 32/200
 - 3s - loss: 1.1212
Epoch 33/200
 - 3s - loss: 1.1218
Epoch 34/200
 - 3s - loss: 1.1215
Epoch 35/200
 - 3s - loss: 1.1221
Epoch 36/200
 - 3s - loss: 1.1210
Epoch 37/200
 - 3s - loss: 1.1206
Epoch 38/200
 - 3s - loss: 1.1224
Epoch 39/200
 - 3s - loss: 1.1215
Epoch 40/200
 - 3s - loss: 1.1209
Model saved ...  ../../exp_ElectricityLoad/saved_models/ar/ar_MT_023_weights
_________________________________________________________________
Layer (type)                 Output Shape              Param #   
=================================================================
input_24 (InputLayer)        (None, 96)                0         
_________________________________________________________________
ar-weights (Dense)           (None, 1)                 97        
=================================================================
Total params: 97
Trainable params: 97
Non-trainable params: 0
_________________________________________________________________
(34944, 96)
(34944,)
Epoch 1/200
 - 1s - loss: 1.1401
Epoch 2/200
 - 2s - loss: 1.0883
Epoch 3/200
 - 3s - loss: 1.0752
Epoch 4/200
 - 3s - loss: 1.0901
Epoch 5/200
 - 3s - loss: 1.1072
Epoch 6/200
 - 3s - loss: 1.1189
Epoch 7/200
 - 3s - loss: 1.1236
Epoch 8/200
 - 3s - loss: 1.1273
Epoch 9/200
 - 3s - loss: 1.1273
Epoch 10/200
 - 3s - loss: 1.1277
Epoch 11/200
 - 3s - loss: 1.1282
Epoch 12/200
 - 3s - loss: 1.1267
Epoch 13/200
 - 3s - loss: 1.1269
Epoch 14/200
 - 3s - loss: 1.1290
Epoch 15/200
 - 3s - loss: 1.1271
Epoch 16/200
 - 3s - loss: 1.1281
Epoch 17/200
 - 3s - loss: 1.1279
Epoch 18/200
 - 3s - loss: 1.1274
Epoch 19/200
 - 3s - loss: 1.1275
Epoch 20/200
 - 3s - loss: 1.1285
Epoch 21/200
 - 3s - loss: 1.1284
Epoch 22/200
 - 3s - loss: 1.1278
Epoch 23/200
 - 3s - loss: 1.1277
Epoch 24/200
 - 3s - loss: 1.1290
Epoch 25/200
 - 3s - loss: 1.1288
Epoch 26/200
 - 3s - loss: 1.1297
Epoch 27/200
 - 2s - loss: 1.1281
Epoch 28/200
 - 1s - loss: 1.1271
Epoch 29/200
 - 3s - loss: 1.1282
Epoch 30/200
 - 2s - loss: 1.1287
Epoch 31/200
 - 3s - loss: 1.1271
Epoch 32/200
 - 3s - loss: 1.1289
Epoch 33/200
 - 3s - loss: 1.1278
Epoch 34/200
 - 3s - loss: 1.1276
Epoch 35/200
 - 3s - loss: 1.1281
Model saved ...  ../../exp_ElectricityLoad/saved_models/ar/ar_MT_024_weights
_________________________________________________________________
Layer (type)                 Output Shape              Param #   
=================================================================
input_25 (InputLayer)        (None, 96)                0         
_________________________________________________________________
ar-weights (Dense)           (None, 1)                 97        
=================================================================
Total params: 97
Trainable params: 97
Non-trainable params: 0
_________________________________________________________________
(34944, 96)
(34944,)
Epoch 1/200
 - 2s - loss: 0.9339
Epoch 2/200
 - 3s - loss: 0.8525
Epoch 3/200
 - 2s - loss: 0.8464
Epoch 4/200
 - 3s - loss: 0.8362
Epoch 5/200
 - 3s - loss: 0.8285
Epoch 6/200
 - 3s - loss: 0.8185
Epoch 7/200
 - 3s - loss: 0.8000
Epoch 8/200
 - 3s - loss: 0.7845
Epoch 9/200
 - 3s - loss: 0.7700
Epoch 10/200
 - 3s - loss: 0.7618
Epoch 11/200
 - 3s - loss: 0.7559
Epoch 12/200
 - 3s - loss: 0.7521
Epoch 13/200
 - 3s - loss: 0.7517
Epoch 14/200
 - 3s - loss: 0.7499
Epoch 15/200
 - 3s - loss: 0.7492
Epoch 16/200
 - 3s - loss: 0.7491
Epoch 17/200
 - 3s - loss: 0.7490
Epoch 18/200
 - 3s - loss: 0.7472
Epoch 19/200
 - 3s - loss: 0.7482
Epoch 20/200
 - 2s - loss: 0.7469
Epoch 21/200
 - 3s - loss: 0.7465
Epoch 22/200
 - 3s - loss: 0.7478
Epoch 23/200
 - 3s - loss: 0.7473
Epoch 24/200
 - 3s - loss: 0.7455
Epoch 25/200
 - 3s - loss: 0.7473
Epoch 26/200
 - 3s - loss: 0.7471
Epoch 27/200
 - 3s - loss: 0.7463
Epoch 28/200
 - 3s - loss: 0.7472
Epoch 29/200
 - 3s - loss: 0.7480
Epoch 30/200
 - 3s - loss: 0.7485
Epoch 31/200
 - 3s - loss: 0.7476
Epoch 32/200
 - 3s - loss: 0.7472
Epoch 33/200
 - 2s - loss: 0.7461
Epoch 34/200
 - 3s - loss: 0.7468
Epoch 35/200
 - 3s - loss: 0.7469
Epoch 36/200
 - 3s - loss: 0.7469
Epoch 37/200
 - 3s - loss: 0.7470
Epoch 38/200
 - 3s - loss: 0.7476
Epoch 39/200
 - 3s - loss: 0.7484
Epoch 40/200
 - 3s - loss: 0.7473
Epoch 41/200
 - 3s - loss: 0.7468
Epoch 42/200
 - 3s - loss: 0.7464
Epoch 43/200
 - 3s - loss: 0.7466
Epoch 44/200
 - 3s - loss: 0.7465
Epoch 45/200
 - 3s - loss: 0.7466
Epoch 46/200
 - 3s - loss: 0.7483
Epoch 47/200
 - 3s - loss: 0.7466
Epoch 48/200
 - 3s - loss: 0.7469
Epoch 49/200
 - 3s - loss: 0.7466
Epoch 50/200
 - 3s - loss: 0.7476
Epoch 51/200
 - 3s - loss: 0.7472
Epoch 52/200
 - 2s - loss: 0.7482
Epoch 53/200
 - 3s - loss: 0.7484
Epoch 54/200
 - 2s - loss: 0.7472
Epoch 55/200
 - 3s - loss: 0.7461
Epoch 56/200
 - 2s - loss: 0.7474
Model saved ...  ../../exp_ElectricityLoad/saved_models/ar/ar_MT_025_weights
_________________________________________________________________
Layer (type)                 Output Shape              Param #   
=================================================================
input_26 (InputLayer)        (None, 96)                0         
_________________________________________________________________
ar-weights (Dense)           (None, 1)                 97        
=================================================================
Total params: 97
Trainable params: 97
Non-trainable params: 0
_________________________________________________________________
(34944, 96)
(34944,)
Epoch 1/200
 - 2s - loss: 1.1646
Epoch 2/200
 - 3s - loss: 1.0780
Epoch 3/200
 - 3s - loss: 1.0407
Epoch 4/200
 - 3s - loss: 1.0216
Epoch 5/200
 - 3s - loss: 1.0100
Epoch 6/200
 - 3s - loss: 1.0018
Epoch 7/200
 - 3s - loss: 0.9974
Epoch 8/200
 - 3s - loss: 0.9932
Epoch 9/200
 - 2s - loss: 0.9957
Epoch 10/200
 - 3s - loss: 0.9969
Epoch 11/200
 - 3s - loss: 1.0004
Epoch 12/200
 - 3s - loss: 1.0065
Epoch 13/200
 - 3s - loss: 1.0087
Epoch 14/200
 - 3s - loss: 1.0085
Epoch 15/200
 - 3s - loss: 1.0101
Epoch 16/200
 - 3s - loss: 1.0109
Epoch 17/200
 - 3s - loss: 1.0113
Epoch 18/200
 - 3s - loss: 1.0108
Epoch 19/200
 - 3s - loss: 1.0114
Epoch 20/200
 - 3s - loss: 1.0108
Epoch 21/200
 - 3s - loss: 1.0100
Epoch 22/200
 - 3s - loss: 1.0119
Epoch 23/200
 - 3s - loss: 1.0113
Epoch 24/200
 - 3s - loss: 1.0106
Epoch 25/200
 - 2s - loss: 1.0126
Epoch 26/200
 - 3s - loss: 1.0112
Epoch 27/200
 - 3s - loss: 1.0106
Epoch 28/200
 - 3s - loss: 1.0103
Epoch 29/200
 - 3s - loss: 1.0134
Epoch 30/200
 - 3s - loss: 1.0119
Epoch 31/200
 - 3s - loss: 1.0105
Epoch 32/200
 - 3s - loss: 1.0093
Epoch 33/200
 - 2s - loss: 1.0128
Epoch 34/200
 - 3s - loss: 1.0104
Epoch 35/200
 - 3s - loss: 1.0109
Epoch 36/200
 - 3s - loss: 1.0114
Epoch 37/200
 - 3s - loss: 1.0118
Epoch 38/200
 - 3s - loss: 1.0106
Epoch 39/200
 - 1s - loss: 1.0123
Epoch 40/200
 - 1s - loss: 1.0091
Model saved ...  ../../exp_ElectricityLoad/saved_models/ar/ar_MT_026_weights
_________________________________________________________________
Layer (type)                 Output Shape              Param #   
=================================================================
input_27 (InputLayer)        (None, 96)                0         
_________________________________________________________________
ar-weights (Dense)           (None, 1)                 97        
=================================================================
Total params: 97
Trainable params: 97
Non-trainable params: 0
_________________________________________________________________
(34944, 96)
(34944,)
Epoch 1/200
 - 1s - loss: 1.3581
Epoch 2/200
 - 1s - loss: 1.2815
Epoch 3/200
 - 2s - loss: 1.2628
Epoch 4/200
 - 3s - loss: 1.2615
Epoch 5/200
 - 3s - loss: 1.2634
Epoch 6/200
 - 3s - loss: 1.2654
Epoch 7/200
 - 3s - loss: 1.2648
Epoch 8/200
 - 3s - loss: 1.2648
Epoch 9/200
 - 3s - loss: 1.2647
Epoch 10/200
 - 3s - loss: 1.2649
Epoch 11/200
 - 3s - loss: 1.2660
Epoch 12/200
 - 3s - loss: 1.2651
Epoch 13/200
 - 3s - loss: 1.2664
Epoch 14/200
 - 3s - loss: 1.2652
Epoch 15/200
 - 3s - loss: 1.2664
Epoch 16/200
 - 2s - loss: 1.2654
Epoch 17/200
 - 3s - loss: 1.2649
Epoch 18/200
 - 3s - loss: 1.2647
Epoch 19/200
 - 3s - loss: 1.2667
Epoch 20/200
 - 3s - loss: 1.2669
Epoch 21/200
 - 3s - loss: 1.2632
Epoch 22/200
 - 3s - loss: 1.2665
Epoch 23/200
 - 2s - loss: 1.2653
Epoch 24/200
 - 2s - loss: 1.2663
Epoch 25/200
 - 3s - loss: 1.2656
Epoch 26/200
 - 3s - loss: 1.2656
Epoch 27/200
 - 3s - loss: 1.2667
Epoch 28/200
 - 3s - loss: 1.2651
Epoch 29/200
 - 3s - loss: 1.2652
Epoch 30/200
 - 3s - loss: 1.2650
Epoch 31/200
 - 2s - loss: 1.2674
Epoch 32/200
 - 3s - loss: 1.2651
Epoch 33/200
 - 3s - loss: 1.2628
Epoch 34/200
 - 3s - loss: 1.2669
Epoch 35/200
 - 3s - loss: 1.2656
Epoch 36/200
 - 3s - loss: 1.2652
Model saved ...  ../../exp_ElectricityLoad/saved_models/ar/ar_MT_027_weights
_________________________________________________________________
Layer (type)                 Output Shape              Param #   
=================================================================
input_28 (InputLayer)        (None, 96)                0         
_________________________________________________________________
ar-weights (Dense)           (None, 1)                 97        
=================================================================
Total params: 97
Trainable params: 97
Non-trainable params: 0
_________________________________________________________________
(34944, 96)
(34944,)
Epoch 1/200
 - 2s - loss: 1.1765
Epoch 2/200
 - 3s - loss: 1.0243
Epoch 3/200
 - 2s - loss: 0.9758
Epoch 4/200
 - 2s - loss: 0.9752
Epoch 5/200
 - 3s - loss: 0.9771
Epoch 6/200
 - 3s - loss: 0.9795
Epoch 7/200
 - 3s - loss: 0.9797
Epoch 8/200
 - 3s - loss: 0.9788
Epoch 9/200
 - 3s - loss: 0.9788
Epoch 10/200
 - 3s - loss: 0.9791
Epoch 11/200
 - 3s - loss: 0.9796
Epoch 12/200
 - 3s - loss: 0.9794
Epoch 13/200
 - 3s - loss: 0.9798
Epoch 14/200
 - 3s - loss: 0.9777
Epoch 15/200
 - 3s - loss: 0.9804
Epoch 16/200
 - 3s - loss: 0.9805
Epoch 17/200
 - 2s - loss: 0.9801
Epoch 18/200
 - 3s - loss: 0.9793
Epoch 19/200
 - 3s - loss: 0.9790
Epoch 20/200
 - 3s - loss: 0.9796
Epoch 21/200
 - 3s - loss: 0.9793
Epoch 22/200
 - 3s - loss: 0.9784
Epoch 23/200
 - 3s - loss: 0.9799
Epoch 24/200
 - 3s - loss: 0.9800
Epoch 25/200
 - 3s - loss: 0.9793
Epoch 26/200
 - 3s - loss: 0.9798
Epoch 27/200
 - 3s - loss: 0.9790
Epoch 28/200
 - 3s - loss: 0.9787
Epoch 29/200
 - 2s - loss: 0.9797
Epoch 30/200
 - 2s - loss: 0.9794
Epoch 31/200
 - 1s - loss: 0.9798
Epoch 32/200
 - 2s - loss: 0.9789
Epoch 33/200
 - 3s - loss: 0.9793
Epoch 34/200
 - 3s - loss: 0.9789
Epoch 35/200
 - 3s - loss: 0.9799
Epoch 36/200
 - 3s - loss: 0.9802
Model saved ...  ../../exp_ElectricityLoad/saved_models/ar/ar_MT_028_weights
_________________________________________________________________
Layer (type)                 Output Shape              Param #   
=================================================================
input_29 (InputLayer)        (None, 96)                0         
_________________________________________________________________
ar-weights (Dense)           (None, 1)                 97        
=================================================================
Total params: 97
Trainable params: 97
Non-trainable params: 0
_________________________________________________________________
(34944, 96)
(34944,)
Epoch 1/200
 - 1s - loss: 0.8847
Epoch 2/200
 - 2s - loss: 0.7156
Epoch 3/200
 - 3s - loss: 0.6914
Epoch 4/200
 - 3s - loss: 0.6887
Epoch 5/200
 - 2s - loss: 0.6887
Epoch 6/200
 - 3s - loss: 0.6901
Epoch 7/200
 - 3s - loss: 0.6894
Epoch 8/200
 - 3s - loss: 0.6901
Epoch 9/200
 - 3s - loss: 0.6900
Epoch 10/200
 - 3s - loss: 0.6903
Epoch 11/200
 - 3s - loss: 0.6904
Epoch 12/200
 - 3s - loss: 0.6903
Epoch 13/200
 - 3s - loss: 0.6912
Epoch 14/200
 - 3s - loss: 0.6902
Epoch 15/200
 - 3s - loss: 0.6904
Epoch 16/200
 - 3s - loss: 0.6903
Epoch 17/200
 - 3s - loss: 0.6907
Epoch 18/200
 - 3s - loss: 0.6906
Epoch 19/200
 - 3s - loss: 0.6897
Epoch 20/200
 - 3s - loss: 0.6897
Epoch 21/200
 - 3s - loss: 0.6907
Epoch 22/200
 - 3s - loss: 0.6900
Epoch 23/200
 - 3s - loss: 0.6889
Epoch 24/200
 - 3s - loss: 0.6914
Epoch 25/200
 - 3s - loss: 0.6903
Epoch 26/200
 - 3s - loss: 0.6901
Epoch 27/200
 - 3s - loss: 0.6904
Epoch 28/200
 - 3s - loss: 0.6899
Epoch 29/200
 - 3s - loss: 0.6902
Epoch 30/200
 - 3s - loss: 0.6903
Epoch 31/200
 - 3s - loss: 0.6891
Epoch 32/200
 - 3s - loss: 0.6901
Epoch 33/200
 - 3s - loss: 0.6903
Epoch 34/200
 - 3s - loss: 0.6900
Epoch 35/200
 - 3s - loss: 0.6898
Epoch 36/200
 - 3s - loss: 0.6903
Model saved ...  ../../exp_ElectricityLoad/saved_models/ar/ar_MT_029_weights
_________________________________________________________________
Layer (type)                 Output Shape              Param #   
=================================================================
input_30 (InputLayer)        (None, 96)                0         
_________________________________________________________________
ar-weights (Dense)           (None, 1)                 97        
=================================================================
Total params: 97
Trainable params: 97
Non-trainable params: 0
_________________________________________________________________
(34944, 96)
(34944,)
Epoch 1/200
 - 1s - loss: 0.2520
Epoch 2/200
 - 2s - loss: 0.0555
Epoch 3/200
 - 2s - loss: 0.0435
Epoch 4/200
 - 3s - loss: 0.0368
Epoch 5/200
 - 3s - loss: 0.0333
Epoch 6/200
 - 3s - loss: 0.0312
Epoch 7/200
 - 3s - loss: 0.0301
Epoch 8/200
 - 3s - loss: 0.0296
Epoch 9/200
 - 3s - loss: 0.0292
Epoch 10/200
 - 3s - loss: 0.0289
Epoch 11/200
 - 3s - loss: 0.0287
Epoch 12/200
 - 3s - loss: 0.0286
Epoch 13/200
 - 3s - loss: 0.0285
Epoch 14/200
 - 3s - loss: 0.0286
Epoch 15/200
 - 3s - loss: 0.0285
Epoch 16/200
 - 3s - loss: 0.0284
Epoch 17/200
 - 3s - loss: 0.0285
Epoch 18/200
 - 3s - loss: 0.0285
Epoch 19/200
 - 3s - loss: 0.0285
Epoch 20/200
 - 3s - loss: 0.0284
Epoch 21/200
 - 3s - loss: 0.0284
Epoch 22/200
 - 3s - loss: 0.0284
Epoch 23/200
 - 3s - loss: 0.0284
Epoch 24/200
 - 3s - loss: 0.0284
Epoch 25/200
 - 3s - loss: 0.0284
Epoch 26/200
 - 3s - loss: 0.0285
Epoch 27/200
 - 3s - loss: 0.0284
Epoch 28/200
 - 3s - loss: 0.0285
Epoch 29/200
 - 3s - loss: 0.0284
Epoch 30/200
 - 3s - loss: 0.0286
Epoch 31/200
 - 3s - loss: 0.0284
Epoch 32/200
 - 3s - loss: 0.0284
Epoch 33/200
 - 3s - loss: 0.0285
Epoch 34/200
 - 2s - loss: 0.0284
Epoch 35/200
 - 3s - loss: 0.0283
Epoch 36/200
 - 3s - loss: 0.0284
Epoch 37/200
 - 3s - loss: 0.0285
Epoch 38/200
 - 3s - loss: 0.0284
Epoch 39/200
 - 3s - loss: 0.0285
Epoch 40/200
 - 3s - loss: 0.0284
Epoch 41/200
 - 3s - loss: 0.0285
Epoch 42/200
 - 3s - loss: 0.0284
Epoch 43/200
 - 3s - loss: 0.0284
Epoch 44/200
 - 3s - loss: 0.0285
Epoch 45/200
 - 3s - loss: 0.0284
Epoch 46/200
 - 3s - loss: 0.0284
Epoch 47/200
 - 3s - loss: 0.0284
Epoch 48/200
 - 3s - loss: 0.0285
Epoch 49/200
 - 3s - loss: 0.0284
Epoch 50/200
 - 3s - loss: 0.0285
Epoch 51/200
 - 3s - loss: 0.0284
Epoch 52/200
 - 3s - loss: 0.0284
Epoch 53/200
 - 3s - loss: 0.0284
Epoch 54/200
 - 3s - loss: 0.0284
Epoch 55/200
 - 3s - loss: 0.0285
Epoch 56/200
 - 2s - loss: 0.0285
Epoch 57/200
 - 2s - loss: 0.0284
Epoch 58/200
 - 3s - loss: 0.0284
Epoch 59/200
 - 3s - loss: 0.0285
Epoch 60/200
 - 3s - loss: 0.0284
Epoch 61/200
 - 3s - loss: 0.0284
Epoch 62/200
 - 3s - loss: 0.0283
Epoch 63/200
 - 3s - loss: 0.0284
Epoch 64/200
 - 3s - loss: 0.0284
Epoch 65/200
 - 3s - loss: 0.0284
Epoch 66/200
 - 3s - loss: 0.0285
Epoch 67/200
 - 3s - loss: 0.0284
Epoch 68/200
 - 3s - loss: 0.0285
Epoch 69/200
 - 3s - loss: 0.0283
Epoch 70/200
 - 3s - loss: 0.0284
Epoch 71/200
 - 3s - loss: 0.0284
Epoch 72/200
 - 3s - loss: 0.0284
Epoch 73/200
 - 3s - loss: 0.0284
Epoch 74/200
 - 3s - loss: 0.0285
Epoch 75/200
 - 3s - loss: 0.0284
Epoch 76/200
 - 3s - loss: 0.0285
Epoch 77/200
 - 3s - loss: 0.0284
Epoch 78/200
 - 3s - loss: 0.0285
Epoch 79/200
 - 3s - loss: 0.0284
Epoch 80/200
 - 3s - loss: 0.0283
Epoch 81/200
 - 3s - loss: 0.0284
Epoch 82/200
 - 2s - loss: 0.0284
Epoch 83/200
 - 3s - loss: 0.0285
Epoch 84/200
 - 3s - loss: 0.0283
Epoch 85/200
 - 3s - loss: 0.0286
Epoch 86/200
 - 3s - loss: 0.0284
Epoch 87/200
 - 3s - loss: 0.0285
Epoch 88/200
 - 3s - loss: 0.0285
Epoch 89/200
 - 3s - loss: 0.0284
Epoch 90/200
 - 3s - loss: 0.0285
Epoch 91/200
 - 3s - loss: 0.0284
Epoch 92/200
 - 3s - loss: 0.0285
Epoch 93/200
 - 3s - loss: 0.0284
Epoch 94/200
 - 3s - loss: 0.0284
Epoch 95/200
 - 3s - loss: 0.0283
Epoch 96/200
 - 3s - loss: 0.0285
Epoch 97/200
 - 3s - loss: 0.0284
Epoch 98/200
 - 3s - loss: 0.0284
Epoch 99/200
 - 3s - loss: 0.0284
Epoch 100/200
 - 3s - loss: 0.0285
Epoch 101/200
 - 3s - loss: 0.0284
Epoch 102/200
 - 3s - loss: 0.0285
Epoch 103/200
 - 2s - loss: 0.0284
Epoch 104/200
 - 3s - loss: 0.0285
Epoch 105/200
 - 3s - loss: 0.0284
Epoch 106/200
 - 3s - loss: 0.0284
Epoch 107/200
 - 3s - loss: 0.0284
Epoch 108/200
 - 3s - loss: 0.0285
Epoch 109/200
 - 3s - loss: 0.0284
Epoch 110/200
 - 3s - loss: 0.0285
Epoch 111/200
 - 3s - loss: 0.0284
Epoch 112/200
 - 3s - loss: 0.0285
Epoch 113/200
 - 3s - loss: 0.0285
Epoch 114/200
 - 3s - loss: 0.0285
Epoch 115/200
 - 3s - loss: 0.0284
Epoch 116/200
 - 3s - loss: 0.0284
Model saved ...  ../../exp_ElectricityLoad/saved_models/ar/ar_MT_030_weights
_________________________________________________________________
Layer (type)                 Output Shape              Param #   
=================================================================
input_31 (InputLayer)        (None, 96)                0         
_________________________________________________________________
ar-weights (Dense)           (None, 1)                 97        
=================================================================
Total params: 97
Trainable params: 97
Non-trainable params: 0
_________________________________________________________________
(34944, 96)
(34944,)
Epoch 1/200
 - 2s - loss: 1.1636
Epoch 2/200
 - 3s - loss: 1.0230
Epoch 3/200
 - 3s - loss: 1.0199
Epoch 4/200
 - 3s - loss: 1.0328
Epoch 5/200
 - 2s - loss: 1.0425
Epoch 6/200
 - 2s - loss: 1.0534
Epoch 7/200
 - 3s - loss: 1.0629
Epoch 8/200
 - 3s - loss: 1.0691
Epoch 9/200
 - 3s - loss: 1.0709
Epoch 10/200
 - 3s - loss: 1.0717
Epoch 11/200
 - 3s - loss: 1.0708
Epoch 12/200
 - 3s - loss: 1.0726
Epoch 13/200
 - 3s - loss: 1.0716
Epoch 14/200
 - 3s - loss: 1.0707
Epoch 15/200
 - 3s - loss: 1.0703
Epoch 16/200
 - 3s - loss: 1.0718
Epoch 17/200
 - 3s - loss: 1.0693
Epoch 18/200
 - 3s - loss: 1.0709
Epoch 19/200
 - 3s - loss: 1.0704
Epoch 20/200
 - 3s - loss: 1.0715
Epoch 21/200
 - 3s - loss: 1.0706
Epoch 22/200
 - 3s - loss: 1.0712
Epoch 23/200
 - 3s - loss: 1.0707
Epoch 24/200
 - 3s - loss: 1.0725
Epoch 25/200
 - 3s - loss: 1.0715
Epoch 26/200
 - 3s - loss: 1.0711
Epoch 27/200
 - 3s - loss: 1.0708
Epoch 28/200
 - 3s - loss: 1.0713
Epoch 29/200
 - 3s - loss: 1.0721
Epoch 30/200
 - 2s - loss: 1.0696
Epoch 31/200
 - 3s - loss: 1.0713
Epoch 32/200
 - 3s - loss: 1.0722
Epoch 33/200
 - 3s - loss: 1.0707
Epoch 34/200
 - 3s - loss: 1.0716
Epoch 35/200
 - 3s - loss: 1.0705
Model saved ...  ../../exp_ElectricityLoad/saved_models/ar/ar_MT_031_weights
_________________________________________________________________
Layer (type)                 Output Shape              Param #   
=================================================================
input_32 (InputLayer)        (None, 96)                0         
_________________________________________________________________
ar-weights (Dense)           (None, 1)                 97        
=================================================================
Total params: 97
Trainable params: 97
Non-trainable params: 0
_________________________________________________________________
(34944, 96)
(34944,)
Epoch 1/200
 - 1s - loss: 1.4260
Epoch 2/200
 - 3s - loss: 1.3059
Epoch 3/200
 - 3s - loss: 1.2611
Epoch 4/200
 - 3s - loss: 1.2628
Epoch 5/200
 - 3s - loss: 1.2621
Epoch 6/200
 - 3s - loss: 1.2639
Epoch 7/200
 - 3s - loss: 1.2651
Epoch 8/200
 - 3s - loss: 1.2624
Epoch 9/200
 - 3s - loss: 1.2635
Epoch 10/200
 - 3s - loss: 1.2647
Epoch 11/200
 - 2s - loss: 1.2647
Epoch 12/200
 - 3s - loss: 1.2632
Epoch 13/200
 - 3s - loss: 1.2634
Epoch 14/200
 - 3s - loss: 1.2651
Epoch 15/200
 - 3s - loss: 1.2621
Epoch 16/200
 - 3s - loss: 1.2647
Epoch 17/200
 - 3s - loss: 1.2646
Epoch 18/200
 - 3s - loss: 1.2646
Epoch 19/200
 - 3s - loss: 1.2652
Epoch 20/200
 - 3s - loss: 1.2664
Epoch 21/200
 - 2s - loss: 1.2643
Epoch 22/200
 - 1s - loss: 1.2635
Epoch 23/200
 - 1s - loss: 1.2654
Epoch 24/200
 - 3s - loss: 1.2638
Epoch 25/200
 - 3s - loss: 1.2654
Epoch 26/200
 - 3s - loss: 1.2622
Epoch 27/200
 - 3s - loss: 1.2651
Epoch 28/200
 - 3s - loss: 1.2655
Epoch 29/200
 - 3s - loss: 1.2624
Epoch 30/200
 - 3s - loss: 1.2673
Epoch 31/200
 - 3s - loss: 1.2671
Epoch 32/200
 - 3s - loss: 1.2626
Epoch 33/200
 - 3s - loss: 1.2632
Epoch 34/200
 - 3s - loss: 1.2653
Epoch 35/200
 - 3s - loss: 1.2647
Using TensorFlow backend.
Model saved ...  ../../exp_ElectricityLoad/saved_models/ar/ar_MT_032_weights
***  2020-03-24 18:54:15.790660 	 Exit Successfully.
	Comsumed Time:  0:36:09.408758 

nohup: ignoring input
2020-03-24 19:04:48.729621: W tensorflow/core/platform/cpu_feature_guard.cc:45] The TensorFlow library wasn't compiled to use SSE4.1 instructions, but these are available on your machine and could speed up CPU computations.
2020-03-24 19:04:48.729666: W tensorflow/core/platform/cpu_feature_guard.cc:45] The TensorFlow library wasn't compiled to use SSE4.2 instructions, but these are available on your machine and could speed up CPU computations.
2020-03-24 19:04:48.729674: W tensorflow/core/platform/cpu_feature_guard.cc:45] The TensorFlow library wasn't compiled to use AVX instructions, but these are available on your machine and could speed up CPU computations.
2020-03-24 19:04:48.729679: W tensorflow/core/platform/cpu_feature_guard.cc:45] The TensorFlow library wasn't compiled to use AVX2 instructions, but these are available on your machine and could speed up CPU computations.
2020-03-24 19:04:48.729685: W tensorflow/core/platform/cpu_feature_guard.cc:45] The TensorFlow library wasn't compiled to use FMA instructions, but these are available on your machine and could speed up CPU computations.
Using TensorFlow backend.
***  2020-03-24 19:04:48.201277 	 Start runing run_ar.py
(34944, 96, 32)
(34944, 32)
(34944, 32)
mean-overall-mae:	 0.731610455726
(34944, 32)
mean-mae:
 [ 0.77627815  0.6818879   0.53586968  0.95448761  0.80694715  0.57409656
  0.79355868  0.68936257  0.74688344  0.75037556  0.73552493  0.69116843
  0.83056101  0.69027254  0.57024576  0.72635069  0.77640444  0.70879757
  0.86301878  0.76769098  0.57816517  0.85748485  0.96111547  0.79056335
  0.65437138  0.63450759  0.67148611  0.78433779  0.87491283  0.5219704
  0.8460137   0.56682352]
point-overall-mae:	 0.468058809484
point-mae:
 [ 0.77056779  0.47180403  0.41528238  0.3558967   0.48000192  0.45081609
  0.44189219  0.54973717  0.5212825   0.51646831  0.54958267  0.4129537
  0.49796162  0.19978999  0.42538078  0.51857505  0.51122998  0.47131014
  0.60995733  0.57171918  0.32140569  0.50940721  0.62775696  0.51723776
  0.41170241  0.44041552  0.48150038  0.50495095  0.3350551   0.16892388
  0.47972684  0.43758967]
ar_model-overall-mae:	 0.525422214293
ar_model-mae:
 [ 0.71885787  0.51211056  0.58924655  0.41804781  0.51031015  0.50789143
  0.47501028  0.80119994  0.53906939  0.54241006  0.62781863  0.5077405
  0.53426013  0.21164432  0.61988978  0.5695215   0.59660064  0.50585203
  0.64776137  0.59262311  0.37944855  0.53550068  0.67445753  0.62271852
  0.45668199  0.46928904  0.49813202  0.5385134   0.38235553  0.16303951
  0.61336249  0.45214555]
***  2020-03-24 19:05:03.764192 	 Exit Successfully.
	Comsumed Time:  0:00:15.562920 

