nohup: ignoring input
2020-03-24 20:23:37.230094: W tensorflow/core/platform/cpu_feature_guard.cc:45] The TensorFlow library wasn't compiled to use SSE4.1 instructions, but these are available on your machine and could speed up CPU computations.
2020-03-24 20:23:37.230137: W tensorflow/core/platform/cpu_feature_guard.cc:45] The TensorFlow library wasn't compiled to use SSE4.2 instructions, but these are available on your machine and could speed up CPU computations.
2020-03-24 20:23:37.230145: W tensorflow/core/platform/cpu_feature_guard.cc:45] The TensorFlow library wasn't compiled to use AVX instructions, but these are available on your machine and could speed up CPU computations.
2020-03-24 20:23:37.230150: W tensorflow/core/platform/cpu_feature_guard.cc:45] The TensorFlow library wasn't compiled to use AVX2 instructions, but these are available on your machine and could speed up CPU computations.
2020-03-24 20:23:37.230156: W tensorflow/core/platform/cpu_feature_guard.cc:45] The TensorFlow library wasn't compiled to use FMA instructions, but these are available on your machine and could speed up CPU computations.
***  2020-03-24 20:23:32.885400 	 Start runing run_are.py
_________________________________________________________________
Layer (type)                 Output Shape              Param #   
=================================================================
input_1 (InputLayer)         (None, 96)                0         
_________________________________________________________________
ar-weights (Dense)           (None, 1)                 97        
=================================================================
Total params: 97
Trainable params: 97
Non-trainable params: 0
_________________________________________________________________
(34944, 96)
(34944,)
Epoch 1/2
 - 1s - loss: 0.8475
Epoch 2/2
 - 1s - loss: 0.7871
Model saved ...  ../../exp_ElectricityLoad/saved_models/are/ar_MT_001_weights
_________________________________________________________________
Layer (type)                 Output Shape              Param #   
=================================================================
input_2 (InputLayer)         (None, 96)                0         
_________________________________________________________________
ar-weights (Dense)           (None, 1)                 97        
=================================================================
Total params: 97
Trainable params: 97
Non-trainable params: 0
_________________________________________________________________
(34944, 96)
(34944,)
Epoch 1/2
 - 1s - loss: 0.7960
Epoch 2/2
 - 1s - loss: 0.6512
Model saved ...  ../../exp_ElectricityLoad/saved_models/are/ar_MT_002_weights
_________________________________________________________________
Layer (type)                 Output Shape              Param #   
=================================================================
input_3 (InputLayer)         (None, 96)                0         
_________________________________________________________________
ar-weights (Dense)           (None, 1)                 97        
=================================================================
Total params: 97
Trainable params: 97
Non-trainable params: 0
_________________________________________________________________
(34944, 96)
(34944,)
Epoch 1/2
 - 1s - loss: 0.4645
Epoch 2/2
 - 1s - loss: 0.2410
Model saved ...  ../../exp_ElectricityLoad/saved_models/are/ar_MT_003_weights
_________________________________________________________________
Layer (type)                 Output Shape              Param #   
=================================================================
input_4 (InputLayer)         (None, 96)                0         
_________________________________________________________________
ar-weights (Dense)           (None, 1)                 97        
=================================================================
Total params: 97
Trainable params: 97
Non-trainable params: 0
_________________________________________________________________
(34944, 96)
(34944,)
Epoch 1/2
 - 1s - loss: 0.5587
Epoch 2/2
 - 1s - loss: 0.3439
Model saved ...  ../../exp_ElectricityLoad/saved_models/are/ar_MT_004_weights
_________________________________________________________________
Layer (type)                 Output Shape              Param #   
=================================================================
input_5 (InputLayer)         (None, 96)                0         
_________________________________________________________________
ar-weights (Dense)           (None, 1)                 97        
=================================================================
Total params: 97
Trainable params: 97
Non-trainable params: 0
_________________________________________________________________
(34944, 96)
(34944,)
Epoch 1/2
 - 1s - loss: 0.7710
Epoch 2/2
 - 1s - loss: 0.5696
Model saved ...  ../../exp_ElectricityLoad/saved_models/are/ar_MT_005_weights
_________________________________________________________________
Layer (type)                 Output Shape              Param #   
=================================================================
input_6 (InputLayer)         (None, 96)                0         
_________________________________________________________________
ar-weights (Dense)           (None, 1)                 97        
=================================================================
Total params: 97
Trainable params: 97
Non-trainable params: 0
_________________________________________________________________
(34944, 96)
(34944,)
Epoch 1/2
 - 1s - loss: 0.7202
Epoch 2/2
 - 1s - loss: 0.5212
Model saved ...  ../../exp_ElectricityLoad/saved_models/are/ar_MT_006_weights
_________________________________________________________________
Layer (type)                 Output Shape              Param #   
=================================================================
input_7 (InputLayer)         (None, 96)                0         
_________________________________________________________________
ar-weights (Dense)           (None, 1)                 97        
=================================================================
Total params: 97
Trainable params: 97
Non-trainable params: 0
_________________________________________________________________
(34944, 96)
(34944,)
Epoch 1/2
 - 1s - loss: 0.5938
Epoch 2/2
 - 1s - loss: 0.4561
Model saved ...  ../../exp_ElectricityLoad/saved_models/are/ar_MT_007_weights
_________________________________________________________________
Layer (type)                 Output Shape              Param #   
=================================================================
input_8 (InputLayer)         (None, 96)                0         
_________________________________________________________________
ar-weights (Dense)           (None, 1)                 97        
=================================================================
Total params: 97
Trainable params: 97
Non-trainable params: 0
_________________________________________________________________
(34944, 96)
(34944,)
Epoch 1/2
 - 1s - loss: 0.9681
Epoch 2/2
 - 1s - loss: 0.7854
Model saved ...  ../../exp_ElectricityLoad/saved_models/are/ar_MT_008_weights
_________________________________________________________________
Layer (type)                 Output Shape              Param #   
=================================================================
input_9 (InputLayer)         (None, 96)                0         
_________________________________________________________________
ar-weights (Dense)           (None, 1)                 97        
=================================================================
Total params: 97
Trainable params: 97
Non-trainable params: 0
_________________________________________________________________
(34944, 96)
(34944,)
Epoch 1/2
 - 1s - loss: 0.7284
Epoch 2/2
 - 1s - loss: 0.5778
Model saved ...  ../../exp_ElectricityLoad/saved_models/are/ar_MT_009_weights
_________________________________________________________________
Layer (type)                 Output Shape              Param #   
=================================================================
input_10 (InputLayer)        (None, 96)                0         
_________________________________________________________________
ar-weights (Dense)           (None, 1)                 97        
=================================================================
Total params: 97
Trainable params: 97
Non-trainable params: 0
_________________________________________________________________
(34944, 96)
(34944,)
Epoch 1/2
 - 1s - loss: 0.8511
Epoch 2/2
 - 1s - loss: 0.6477
Model saved ...  ../../exp_ElectricityLoad/saved_models/are/ar_MT_010_weights
_________________________________________________________________
Layer (type)                 Output Shape              Param #   
=================================================================
input_11 (InputLayer)        (None, 96)                0         
_________________________________________________________________
ar-weights (Dense)           (None, 1)                 97        
=================================================================
Total params: 97
Trainable params: 97
Non-trainable params: 0
_________________________________________________________________
(34944, 96)
(34944,)
Epoch 1/2
 - 1s - loss: 0.7140
Epoch 2/2
 - 1s - loss: 0.6094
Model saved ...  ../../exp_ElectricityLoad/saved_models/are/ar_MT_011_weights
_________________________________________________________________
Layer (type)                 Output Shape              Param #   
=================================================================
input_12 (InputLayer)        (None, 96)                0         
_________________________________________________________________
ar-weights (Dense)           (None, 1)                 97        
=================================================================
Total params: 97
Trainable params: 97
Non-trainable params: 0
_________________________________________________________________
(34944, 96)
(34944,)
Epoch 1/2
 - 1s - loss: 0.2893
Epoch 2/2
 - 1s - loss: 0.2685
Model saved ...  ../../exp_ElectricityLoad/saved_models/are/ar_MT_012_weights
_________________________________________________________________
Layer (type)                 Output Shape              Param #   
=================================================================
input_13 (InputLayer)        (None, 96)                0         
_________________________________________________________________
ar-weights (Dense)           (None, 1)                 97        
=================================================================
Total params: 97
Trainable params: 97
Non-trainable params: 0
_________________________________________________________________
(34944, 96)
(34944,)
Epoch 1/2
 - 1s - loss: 0.8189
Epoch 2/2
 - 1s - loss: 0.5970
Model saved ...  ../../exp_ElectricityLoad/saved_models/are/ar_MT_013_weights
_________________________________________________________________
Layer (type)                 Output Shape              Param #   
=================================================================
input_14 (InputLayer)        (None, 96)                0         
_________________________________________________________________
ar-weights (Dense)           (None, 1)                 97        
=================================================================
Total params: 97
Trainable params: 97
Non-trainable params: 0
_________________________________________________________________
(34944, 96)
(34944,)
Epoch 1/2
 - 1s - loss: 0.4696
Epoch 2/2
 - 1s - loss: 0.3544
Model saved ...  ../../exp_ElectricityLoad/saved_models/are/ar_MT_014_weights
_________________________________________________________________
Layer (type)                 Output Shape              Param #   
=================================================================
input_15 (InputLayer)        (None, 96)                0         
_________________________________________________________________
ar-weights (Dense)           (None, 1)                 97        
=================================================================
Total params: 97
Trainable params: 97
Non-trainable params: 0
_________________________________________________________________
(34944, 96)
(34944,)
Epoch 1/2
 - 1s - loss: 0.1935
Epoch 2/2
 - 1s - loss: 0.1845
Model saved ...  ../../exp_ElectricityLoad/saved_models/are/ar_MT_015_weights
_________________________________________________________________
Layer (type)                 Output Shape              Param #   
=================================================================
input_16 (InputLayer)        (None, 96)                0         
_________________________________________________________________
ar-weights (Dense)           (None, 1)                 97        
=================================================================
Total params: 97
Trainable params: 97
Non-trainable params: 0
_________________________________________________________________
(34944, 96)
(34944,)
Epoch 1/2
 - 1s - loss: 0.7573
Epoch 2/2
 - 1s - loss: 0.7014
Model saved ...  ../../exp_ElectricityLoad/saved_models/are/ar_MT_016_weights
_________________________________________________________________
Layer (type)                 Output Shape              Param #   
=================================================================
input_17 (InputLayer)        (None, 96)                0         
_________________________________________________________________
ar-weights (Dense)           (None, 1)                 97        
=================================================================
Total params: 97
Trainable params: 97
Non-trainable params: 0
_________________________________________________________________
(34944, 96)
(34944,)
Epoch 1/2
 - 1s - loss: 0.7545
Epoch 2/2
 - 1s - loss: 0.6916
Model saved ...  ../../exp_ElectricityLoad/saved_models/are/ar_MT_017_weights
_________________________________________________________________
Layer (type)                 Output Shape              Param #   
=================================================================
input_18 (InputLayer)        (None, 96)                0         
_________________________________________________________________
ar-weights (Dense)           (None, 1)                 97        
=================================================================
Total params: 97
Trainable params: 97
Non-trainable params: 0
_________________________________________________________________
(34944, 96)
(34944,)
Epoch 1/2
 - 1s - loss: 0.8163
Epoch 2/2
 - 1s - loss: 0.6370
Model saved ...  ../../exp_ElectricityLoad/saved_models/are/ar_MT_018_weights
_________________________________________________________________
Layer (type)                 Output Shape              Param #   
=================================================================
input_19 (InputLayer)        (None, 96)                0         
_________________________________________________________________
ar-weights (Dense)           (None, 1)                 97        
=================================================================
Total params: 97
Trainable params: 97
Non-trainable params: 0
_________________________________________________________________
(34944, 96)
(34944,)
Epoch 1/2
 - 1s - loss: 0.9320
Epoch 2/2
 - 1s - loss: 0.7863
Model saved ...  ../../exp_ElectricityLoad/saved_models/are/ar_MT_019_weights
_________________________________________________________________
Layer (type)                 Output Shape              Param #   
=================================================================
input_20 (InputLayer)        (None, 96)                0         
_________________________________________________________________
ar-weights (Dense)           (None, 1)                 97        
=================================================================
Total params: 97
Trainable params: 97
Non-trainable params: 0
_________________________________________________________________
(34944, 96)
(34944,)
Epoch 1/2
 - 1s - loss: 0.7199
Epoch 2/2
 - 1s - loss: 0.5293
Model saved ...  ../../exp_ElectricityLoad/saved_models/are/ar_MT_020_weights
_________________________________________________________________
Layer (type)                 Output Shape              Param #   
=================================================================
input_21 (InputLayer)        (None, 96)                0         
_________________________________________________________________
ar-weights (Dense)           (None, 1)                 97        
=================================================================
Total params: 97
Trainable params: 97
Non-trainable params: 0
_________________________________________________________________
(34944, 96)
(34944,)
Epoch 1/2
 - 1s - loss: 0.5098
Epoch 2/2
 - 1s - loss: 0.3213
Model saved ...  ../../exp_ElectricityLoad/saved_models/are/ar_MT_021_weights
_________________________________________________________________
Layer (type)                 Output Shape              Param #   
=================================================================
input_22 (InputLayer)        (None, 96)                0         
_________________________________________________________________
ar-weights (Dense)           (None, 1)                 97        
=================================================================
Total params: 97
Trainable params: 97
Non-trainable params: 0
_________________________________________________________________
(34944, 96)
(34944,)
Epoch 1/2
 - 1s - loss: 0.7894
Epoch 2/2
 - 1s - loss: 0.6935
Model saved ...  ../../exp_ElectricityLoad/saved_models/are/ar_MT_022_weights
_________________________________________________________________
Layer (type)                 Output Shape              Param #   
=================================================================
input_23 (InputLayer)        (None, 96)                0         
_________________________________________________________________
ar-weights (Dense)           (None, 1)                 97        
=================================================================
Total params: 97
Trainable params: 97
Non-trainable params: 0
_________________________________________________________________
(34944, 96)
(34944,)
Epoch 1/2
 - 1s - loss: 0.8689
Epoch 2/2
 - 1s - loss: 0.6844
Model saved ...  ../../exp_ElectricityLoad/saved_models/are/ar_MT_023_weights
_________________________________________________________________
Layer (type)                 Output Shape              Param #   
=================================================================
input_24 (InputLayer)        (None, 96)                0         
_________________________________________________________________
ar-weights (Dense)           (None, 1)                 97        
=================================================================
Total params: 97
Trainable params: 97
Non-trainable params: 0
_________________________________________________________________
(34944, 96)
(34944,)
Epoch 1/2
 - 1s - loss: 0.7469
Epoch 2/2
 - 1s - loss: 0.5545
Model saved ...  ../../exp_ElectricityLoad/saved_models/are/ar_MT_024_weights
_________________________________________________________________
Layer (type)                 Output Shape              Param #   
=================================================================
input_25 (InputLayer)        (None, 96)                0         
_________________________________________________________________
ar-weights (Dense)           (None, 1)                 97        
=================================================================
Total params: 97
Trainable params: 97
Non-trainable params: 0
_________________________________________________________________
(34944, 96)
(34944,)
Epoch 1/2
 - 1s - loss: 0.5008
Epoch 2/2
 - 1s - loss: 0.3257
Model saved ...  ../../exp_ElectricityLoad/saved_models/are/ar_MT_025_weights
_________________________________________________________________
Layer (type)                 Output Shape              Param #   
=================================================================
input_26 (InputLayer)        (None, 96)                0         
_________________________________________________________________
ar-weights (Dense)           (None, 1)                 97        
=================================================================
Total params: 97
Trainable params: 97
Non-trainable params: 0
_________________________________________________________________
(34944, 96)
(34944,)
Epoch 1/2
 - 1s - loss: 0.7030
Epoch 2/2
 - 1s - loss: 0.4895
Model saved ...  ../../exp_ElectricityLoad/saved_models/are/ar_MT_026_weights
_________________________________________________________________
Layer (type)                 Output Shape              Param #   
=================================================================
input_27 (InputLayer)        (None, 96)                0         
_________________________________________________________________
ar-weights (Dense)           (None, 1)                 97        
=================================================================
Total params: 97
Trainable params: 97
Non-trainable params: 0
_________________________________________________________________
(34944, 96)
(34944,)
Epoch 1/2
 - 1s - loss: 0.7763
Epoch 2/2
 - 1s - loss: 0.6217
Model saved ...  ../../exp_ElectricityLoad/saved_models/are/ar_MT_027_weights
_________________________________________________________________
Layer (type)                 Output Shape              Param #   
=================================================================
input_28 (InputLayer)        (None, 96)                0         
_________________________________________________________________
ar-weights (Dense)           (None, 1)                 97        
=================================================================
Total params: 97
Trainable params: 97
Non-trainable params: 0
_________________________________________________________________
(34944, 96)
(34944,)
Epoch 1/2
 - 1s - loss: 0.7121
Epoch 2/2
 - 1s - loss: 0.4981
Model saved ...  ../../exp_ElectricityLoad/saved_models/are/ar_MT_028_weights
_________________________________________________________________
Layer (type)                 Output Shape              Param #   
=================================================================
input_29 (InputLayer)        (None, 96)                0         
_________________________________________________________________
ar-weights (Dense)           (None, 1)                 97        
=================================================================
Total params: 97
Trainable params: 97
Non-trainable params: 0
_________________________________________________________________
(34944, 96)
(34944,)
Epoch 1/2
 - 1s - loss: 0.6350
Epoch 2/2
 - 1s - loss: 0.3908
Model saved ...  ../../exp_ElectricityLoad/saved_models/are/ar_MT_029_weights
_________________________________________________________________
Layer (type)                 Output Shape              Param #   
=================================================================
input_30 (InputLayer)        (None, 96)                0         
_________________________________________________________________
ar-weights (Dense)           (None, 1)                 97        
=================================================================
Total params: 97
Trainable params: 97
Non-trainable params: 0
_________________________________________________________________
(34944, 96)
(34944,)
Epoch 1/2
 - 1s - loss: 0.2230
Epoch 2/2
 - 1s - loss: 0.1545
Model saved ...  ../../exp_ElectricityLoad/saved_models/are/ar_MT_030_weights
_________________________________________________________________
Layer (type)                 Output Shape              Param #   
=================================================================
input_31 (InputLayer)        (None, 96)                0         
_________________________________________________________________
ar-weights (Dense)           (None, 1)                 97        
=================================================================
Total params: 97
Trainable params: 97
Non-trainable params: 0
_________________________________________________________________
(34944, 96)
(34944,)
Epoch 1/2
 - 1s - loss: 0.7870
Epoch 2/2
 - 1s - loss: 0.5644
Model saved ...  ../../exp_ElectricityLoad/saved_models/are/ar_MT_031_weights
_________________________________________________________________
Layer (type)                 Output Shape              Param #   
=================================================================
input_32 (InputLayer)        (None, 96)                0         
_________________________________________________________________
ar-weights (Dense)           (None, 1)                 97        
=================================================================
Total params: 97
Trainable params: 97
Non-trainable params: 0
_________________________________________________________________
(34944, 96)
(34944,)
Epoch 1/2
 - 1s - loss: 0.8666
Epoch 2/2
 - 1s - loss: 0.8050
Using TensorFlow backend.
Model saved ...  ../../exp_ElectricityLoad/saved_models/are/ar_MT_032_weights
***  2020-03-24 20:26:35.077088 	 Exit Successfully.
	Comsumed Time:  0:03:02.191680 

nohup: ignoring input
2020-03-24 20:29:09.093549: W tensorflow/core/platform/cpu_feature_guard.cc:45] The TensorFlow library wasn't compiled to use SSE4.1 instructions, but these are available on your machine and could speed up CPU computations.
2020-03-24 20:29:09.093586: W tensorflow/core/platform/cpu_feature_guard.cc:45] The TensorFlow library wasn't compiled to use SSE4.2 instructions, but these are available on your machine and could speed up CPU computations.
2020-03-24 20:29:09.093595: W tensorflow/core/platform/cpu_feature_guard.cc:45] The TensorFlow library wasn't compiled to use AVX instructions, but these are available on your machine and could speed up CPU computations.
2020-03-24 20:29:09.093601: W tensorflow/core/platform/cpu_feature_guard.cc:45] The TensorFlow library wasn't compiled to use AVX2 instructions, but these are available on your machine and could speed up CPU computations.
2020-03-24 20:29:09.093607: W tensorflow/core/platform/cpu_feature_guard.cc:45] The TensorFlow library wasn't compiled to use FMA instructions, but these are available on your machine and could speed up CPU computations.
Using TensorFlow backend.
***  2020-03-24 20:29:08.475934 	 Start runing run_are.py
(34944, 96, 32)
(34944, 32)
(34944, 32)
mean-overall-mae:	 0.731610455726
(34944, 32)
mean-mae:
 [ 0.77627815  0.6818879   0.53586968  0.95448761  0.80694715  0.57409656
  0.79355868  0.68936257  0.74688344  0.75037556  0.73552493  0.69116843
  0.83056101  0.69027254  0.57024576  0.72635069  0.77640444  0.70879757
  0.86301878  0.76769098  0.57816517  0.85748485  0.96111547  0.79056335
  0.65437138  0.63450759  0.67148611  0.78433779  0.87491283  0.5219704
  0.8460137   0.56682352]
point-overall-mae:	 0.468058809484
point-mae:
 [ 0.77056779  0.47180403  0.41528238  0.3558967   0.48000192  0.45081609
  0.44189219  0.54973717  0.5212825   0.51646831  0.54958267  0.4129537
  0.49796162  0.19978999  0.42538078  0.51857505  0.51122998  0.47131014
  0.60995733  0.57171918  0.32140569  0.50940721  0.62775696  0.51723776
  0.41170241  0.44041552  0.48150038  0.50495095  0.3350551   0.16892388
  0.47972684  0.43758967]
are_model-overall-mae:	 0.519968692041
are_model-mae:
 [ 0.78233701  0.60952018  0.42311566  0.36242958  0.4845641   0.45434577
  0.46575542  0.64940964  0.52394186  0.51948182  0.55046165  0.73589518
  0.50145152  0.24500807  0.64146176  0.64027444  0.68135052  0.48187058
  0.67822686  0.57640488  0.32648308  0.67030199  0.63676011  0.5157494
  0.41441641  0.44436773  0.47827057  0.50843702  0.34071053  0.23114029
  0.48470293  0.58035159]
***  2020-03-24 20:29:26.809525 	 Exit Successfully.
	Comsumed Time:  0:00:18.333595 

nohup: ignoring input
2020-03-24 20:37:11.793293: W tensorflow/core/platform/cpu_feature_guard.cc:45] The TensorFlow library wasn't compiled to use SSE4.1 instructions, but these are available on your machine and could speed up CPU computations.
2020-03-24 20:37:11.793334: W tensorflow/core/platform/cpu_feature_guard.cc:45] The TensorFlow library wasn't compiled to use SSE4.2 instructions, but these are available on your machine and could speed up CPU computations.
2020-03-24 20:37:11.793343: W tensorflow/core/platform/cpu_feature_guard.cc:45] The TensorFlow library wasn't compiled to use AVX instructions, but these are available on your machine and could speed up CPU computations.
2020-03-24 20:37:11.793359: W tensorflow/core/platform/cpu_feature_guard.cc:45] The TensorFlow library wasn't compiled to use AVX2 instructions, but these are available on your machine and could speed up CPU computations.
2020-03-24 20:37:11.793365: W tensorflow/core/platform/cpu_feature_guard.cc:45] The TensorFlow library wasn't compiled to use FMA instructions, but these are available on your machine and could speed up CPU computations.
***  2020-03-24 20:37:07.465579 	 Start runing run_are.py
_________________________________________________________________
Layer (type)                 Output Shape              Param #   
=================================================================
input_1 (InputLayer)         (None, 96)                0         
_________________________________________________________________
ar-weights (Dense)           (None, 1)                 97        
=================================================================
Total params: 97
Trainable params: 97
Non-trainable params: 0
_________________________________________________________________
(34944, 96)
(34944,)
Epoch 1/200
 - 1s - loss: 0.8580
Epoch 2/200
 - 1s - loss: 0.7932
Epoch 3/200
 - 1s - loss: 0.7449
Epoch 4/200
 - 1s - loss: 0.6994
Epoch 5/200
 - 1s - loss: 0.6602
Epoch 6/200
 - 1s - loss: 0.6596
Epoch 7/200
 - 1s - loss: 0.6598
Epoch 8/200
 - 1s - loss: 0.6599
Epoch 9/200
 - 1s - loss: 0.6595
Epoch 10/200
 - 1s - loss: 0.6596
Epoch 11/200
 - 1s - loss: 0.6598
Epoch 12/200
 - 1s - loss: 0.6600
Epoch 13/200
 - 1s - loss: 0.6595
Epoch 14/200
 - 1s - loss: 0.6597
Epoch 15/200
 - 1s - loss: 0.6599
Epoch 16/200
 - 1s - loss: 0.6596
Epoch 17/200
 - 1s - loss: 0.6594
Epoch 18/200
 - 1s - loss: 0.6596
Epoch 19/200
 - 1s - loss: 0.6597
Epoch 20/200
 - 1s - loss: 0.6596
Epoch 21/200
 - 1s - loss: 0.6593
Epoch 22/200
 - 1s - loss: 0.6603
Epoch 23/200
 - 1s - loss: 0.6595
Epoch 24/200
 - 1s - loss: 0.6597
Epoch 25/200
 - 1s - loss: 0.6597
Epoch 26/200
 - 1s - loss: 0.6597
Epoch 27/200
 - 1s - loss: 0.6598
Epoch 28/200
 - 1s - loss: 0.6598
Epoch 29/200
 - 1s - loss: 0.6595
Model saved ...  ../../exp_ElectricityLoad/saved_models/are/ar_MT_001_weights
_________________________________________________________________
Layer (type)                 Output Shape              Param #   
=================================================================
input_2 (InputLayer)         (None, 96)                0         
_________________________________________________________________
ar-weights (Dense)           (None, 1)                 97        
=================================================================
Total params: 97
Trainable params: 97
Non-trainable params: 0
_________________________________________________________________
(34944, 96)
(34944,)
Epoch 1/200
 - 1s - loss: 0.7422
Epoch 2/200
 - 1s - loss: 0.4776
Epoch 3/200
 - 1s - loss: 0.4613
Epoch 4/200
 - 1s - loss: 0.4608
Epoch 5/200
 - 1s - loss: 0.4609
Epoch 6/200
 - 1s - loss: 0.4609
Epoch 7/200
 - 1s - loss: 0.4608
Epoch 8/200
 - 1s - loss: 0.4608
Epoch 9/200
 - 1s - loss: 0.4611
Epoch 10/200
 - 1s - loss: 0.4612
Epoch 11/200
 - 1s - loss: 0.4610
Epoch 12/200
 - 1s - loss: 0.4610
Model saved ...  ../../exp_ElectricityLoad/saved_models/are/ar_MT_002_weights
_________________________________________________________________
Layer (type)                 Output Shape              Param #   
=================================================================
input_3 (InputLayer)         (None, 96)                0         
_________________________________________________________________
ar-weights (Dense)           (None, 1)                 97        
=================================================================
Total params: 97
Trainable params: 97
Non-trainable params: 0
_________________________________________________________________
(34944, 96)
(34944,)
Epoch 1/200
 - 1s - loss: 0.4679
Epoch 2/200
 - 1s - loss: 0.2883
Epoch 3/200
 - 1s - loss: 0.2353
Epoch 4/200
 - 1s - loss: 0.2341
Epoch 5/200
 - 1s - loss: 0.2341
Epoch 6/200
 - 1s - loss: 0.2344
Epoch 7/200
 - 1s - loss: 0.2341
Epoch 8/200
 - 1s - loss: 0.2342
Epoch 9/200
 - 1s - loss: 0.2341
Epoch 10/200
 - 1s - loss: 0.2345
Epoch 11/200
 - 1s - loss: 0.2341
Epoch 12/200
 - 1s - loss: 0.2342
Epoch 13/200
 - 1s - loss: 0.2346
Epoch 14/200
 - 1s - loss: 0.2339
Epoch 15/200
 - 1s - loss: 0.2341
Epoch 16/200
 - 1s - loss: 0.2343
Epoch 17/200
 - 1s - loss: 0.2344
Epoch 18/200
 - 1s - loss: 0.2342
Epoch 19/200
 - 1s - loss: 0.2341
Epoch 20/200
 - 1s - loss: 0.2341
Epoch 21/200
 - 1s - loss: 0.2343
Epoch 22/200
 - 1s - loss: 0.2342
Model saved ...  ../../exp_ElectricityLoad/saved_models/are/ar_MT_003_weights
_________________________________________________________________
Layer (type)                 Output Shape              Param #   
=================================================================
input_4 (InputLayer)         (None, 96)                0         
_________________________________________________________________
ar-weights (Dense)           (None, 1)                 97        
=================================================================
Total params: 97
Trainable params: 97
Non-trainable params: 0
_________________________________________________________________
(34944, 96)
(34944,)
Epoch 1/200
 - 1s - loss: 0.6389
Epoch 2/200
 - 1s - loss: 0.4357
Epoch 3/200
 - 1s - loss: 0.3276
Epoch 4/200
 - 1s - loss: 0.3267
Epoch 5/200
 - 1s - loss: 0.3266
Epoch 6/200
 - 1s - loss: 0.3265
Epoch 7/200
 - 1s - loss: 0.3265
Epoch 8/200
 - 1s - loss: 0.3262
Epoch 9/200
 - 1s - loss: 0.3266
Epoch 10/200
 - 1s - loss: 0.3271
Epoch 11/200
 - 1s - loss: 0.3267
Epoch 12/200
 - 1s - loss: 0.3268
Epoch 13/200
 - 1s - loss: 0.3268
Epoch 14/200
 - 1s - loss: 0.3264
Epoch 15/200
 - 1s - loss: 0.3266
Epoch 16/200
 - 1s - loss: 0.3269
Model saved ...  ../../exp_ElectricityLoad/saved_models/are/ar_MT_004_weights
_________________________________________________________________
Layer (type)                 Output Shape              Param #   
=================================================================
input_5 (InputLayer)         (None, 96)                0         
_________________________________________________________________
ar-weights (Dense)           (None, 1)                 97        
=================================================================
Total params: 97
Trainable params: 97
Non-trainable params: 0
_________________________________________________________________
(34944, 96)
(34944,)
Epoch 1/200
 - 1s - loss: 0.7157
Epoch 2/200
 - 1s - loss: 0.5205
Epoch 3/200
 - 1s - loss: 0.5139
Epoch 4/200
 - 1s - loss: 0.5137
Epoch 5/200
 - 1s - loss: 0.5138
Epoch 6/200
 - 1s - loss: 0.5137
Epoch 7/200
 - 1s - loss: 0.5140
Epoch 8/200
 - 1s - loss: 0.5136
Epoch 9/200
 - 1s - loss: 0.5138
Epoch 10/200
 - 1s - loss: 0.5138
Epoch 11/200
 - 1s - loss: 0.5139
Epoch 12/200
 - 1s - loss: 0.5138
Epoch 13/200
 - 1s - loss: 0.5140
Epoch 14/200
 - 1s - loss: 0.5140
Epoch 15/200
 - 1s - loss: 0.5143
Epoch 16/200
 - 1s - loss: 0.5140
Model saved ...  ../../exp_ElectricityLoad/saved_models/are/ar_MT_005_weights
_________________________________________________________________
Layer (type)                 Output Shape              Param #   
=================================================================
input_6 (InputLayer)         (None, 96)                0         
_________________________________________________________________
ar-weights (Dense)           (None, 1)                 97        
=================================================================
Total params: 97
Trainable params: 97
Non-trainable params: 0
_________________________________________________________________
(34944, 96)
(34944,)
Epoch 1/200
 - 1s - loss: 0.7485
Epoch 2/200
 - 1s - loss: 0.6094
Epoch 3/200
 - 1s - loss: 0.5487
Epoch 4/200
 - 1s - loss: 0.5435
Epoch 5/200
 - 1s - loss: 0.5435
Epoch 6/200
 - 1s - loss: 0.5435
Epoch 7/200
 - 1s - loss: 0.5432
Epoch 8/200
 - 1s - loss: 0.5435
Epoch 9/200
 - 1s - loss: 0.5430
Epoch 10/200
 - 1s - loss: 0.5433
Epoch 11/200
 - 1s - loss: 0.5433
Epoch 12/200
 - 1s - loss: 0.5433
Epoch 13/200
 - 1s - loss: 0.5432
Epoch 14/200
 - 1s - loss: 0.5431
Epoch 15/200
 - 1s - loss: 0.5432
Epoch 16/200
 - 1s - loss: 0.5433
Epoch 17/200
 - 1s - loss: 0.5432
Model saved ...  ../../exp_ElectricityLoad/saved_models/are/ar_MT_006_weights
_________________________________________________________________
Layer (type)                 Output Shape              Param #   
=================================================================
input_7 (InputLayer)         (None, 96)                0         
_________________________________________________________________
ar-weights (Dense)           (None, 1)                 97        
=================================================================
Total params: 97
Trainable params: 97
Non-trainable params: 0
_________________________________________________________________
(34944, 96)
(34944,)
Epoch 1/200
 - 1s - loss: 0.5785
Epoch 2/200
 - 1s - loss: 0.4730
Epoch 3/200
 - 1s - loss: 0.4156
Epoch 4/200
 - 1s - loss: 0.4068
Epoch 5/200
 - 1s - loss: 0.4064
Epoch 6/200
 - 1s - loss: 0.4063
Epoch 7/200
 - 1s - loss: 0.4062
Epoch 8/200
 - 1s - loss: 0.4067
Epoch 9/200
 - 1s - loss: 0.4065
Epoch 10/200
 - 1s - loss: 0.4065
Epoch 11/200
 - 1s - loss: 0.4064
Epoch 12/200
 - 1s - loss: 0.4066
Epoch 13/200
 - 1s - loss: 0.4064
Epoch 14/200
 - 1s - loss: 0.4067
Epoch 15/200
 - 1s - loss: 0.4063
Model saved ...  ../../exp_ElectricityLoad/saved_models/are/ar_MT_007_weights
_________________________________________________________________
Layer (type)                 Output Shape              Param #   
=================================================================
input_8 (InputLayer)         (None, 96)                0         
_________________________________________________________________
ar-weights (Dense)           (None, 1)                 97        
=================================================================
Total params: 97
Trainable params: 97
Non-trainable params: 0
_________________________________________________________________
(34944, 96)
(34944,)
Epoch 1/200
 - 1s - loss: 0.9558
Epoch 2/200
 - 1s - loss: 0.7204
Epoch 3/200
 - 1s - loss: 0.6966
Epoch 4/200
 - 1s - loss: 0.6965
Epoch 5/200
 - 1s - loss: 0.6963
Epoch 6/200
 - 1s - loss: 0.6966
Epoch 7/200
 - 1s - loss: 0.6961
Epoch 8/200
 - 1s - loss: 0.6964
Epoch 9/200
 - 1s - loss: 0.6963
Epoch 10/200
 - 1s - loss: 0.6965
Epoch 11/200
 - 1s - loss: 0.6958
Epoch 12/200
 - 1s - loss: 0.6963
Epoch 13/200
 - 1s - loss: 0.6959
Epoch 14/200
 - 1s - loss: 0.6963
Epoch 15/200
 - 1s - loss: 0.6963
Epoch 16/200
 - 1s - loss: 0.6961
Epoch 17/200
 - 1s - loss: 0.6967
Epoch 18/200
 - 1s - loss: 0.6964
Epoch 19/200
 - 1s - loss: 0.6964
Model saved ...  ../../exp_ElectricityLoad/saved_models/are/ar_MT_008_weights
_________________________________________________________________
Layer (type)                 Output Shape              Param #   
=================================================================
input_9 (InputLayer)         (None, 96)                0         
_________________________________________________________________
ar-weights (Dense)           (None, 1)                 97        
=================================================================
Total params: 97
Trainable params: 97
Non-trainable params: 0
_________________________________________________________________
(34944, 96)
(34944,)
Epoch 1/200
 - 1s - loss: 0.7532
Epoch 2/200
 - 1s - loss: 0.5978
Epoch 3/200
 - 1s - loss: 0.5536
Epoch 4/200
 - 1s - loss: 0.5536
Epoch 5/200
 - 1s - loss: 0.5533
Epoch 6/200
 - 1s - loss: 0.5531
Epoch 7/200
 - 1s - loss: 0.5536
Epoch 8/200
 - 1s - loss: 0.5535
Epoch 9/200
 - 1s - loss: 0.5530
Epoch 10/200
 - 1s - loss: 0.5535
Epoch 11/200
 - 1s - loss: 0.5537
Epoch 12/200
 - 1s - loss: 0.5534
Epoch 13/200
 - 1s - loss: 0.5536
Epoch 14/200
 - 1s - loss: 0.5534
Epoch 15/200
 - 1s - loss: 0.5533
Epoch 16/200
 - 1s - loss: 0.5536
Epoch 17/200
 - 1s - loss: 0.5532
Model saved ...  ../../exp_ElectricityLoad/saved_models/are/ar_MT_009_weights
_________________________________________________________________
Layer (type)                 Output Shape              Param #   
=================================================================
input_10 (InputLayer)        (None, 96)                0         
_________________________________________________________________
ar-weights (Dense)           (None, 1)                 97        
=================================================================
Total params: 97
Trainable params: 97
Non-trainable params: 0
_________________________________________________________________
(34944, 96)
(34944,)
Epoch 1/200
 - 1s - loss: 0.7987
Epoch 2/200
 - 1s - loss: 0.5623
Epoch 3/200
 - 1s - loss: 0.5590
Epoch 4/200
 - 1s - loss: 0.5588
Epoch 5/200
 - 1s - loss: 0.5592
Epoch 6/200
 - 1s - loss: 0.5591
Epoch 7/200
 - 1s - loss: 0.5592
Epoch 8/200
 - 1s - loss: 0.5590
Epoch 9/200
 - 1s - loss: 0.5593
Epoch 10/200
 - 1s - loss: 0.5591
Epoch 11/200
 - 1s - loss: 0.5592
Epoch 12/200
 - 1s - loss: 0.5592
Model saved ...  ../../exp_ElectricityLoad/saved_models/are/ar_MT_010_weights
_________________________________________________________________
Layer (type)                 Output Shape              Param #   
=================================================================
input_11 (InputLayer)        (None, 96)                0         
_________________________________________________________________
ar-weights (Dense)           (None, 1)                 97        
=================================================================
Total params: 97
Trainable params: 97
Non-trainable params: 0
_________________________________________________________________
(34944, 96)
(34944,)
Epoch 1/200
 - 1s - loss: 0.7224
Epoch 2/200
 - 1s - loss: 0.6390
Epoch 3/200
 - 1s - loss: 0.5455
Epoch 4/200
 - 1s - loss: 0.5441
Epoch 5/200
 - 1s - loss: 0.5440
Epoch 6/200
 - 1s - loss: 0.5441
Epoch 7/200
 - 1s - loss: 0.5445
Epoch 8/200
 - 1s - loss: 0.5445
Epoch 9/200
 - 1s - loss: 0.5441
Epoch 10/200
 - 1s - loss: 0.5444
Epoch 11/200
 - 1s - loss: 0.5447
Epoch 12/200
 - 1s - loss: 0.5440
Epoch 13/200
 - 1s - loss: 0.5441
Model saved ...  ../../exp_ElectricityLoad/saved_models/are/ar_MT_011_weights
_________________________________________________________________
Layer (type)                 Output Shape              Param #   
=================================================================
input_12 (InputLayer)        (None, 96)                0         
_________________________________________________________________
ar-weights (Dense)           (None, 1)                 97        
=================================================================
Total params: 97
Trainable params: 97
Non-trainable params: 0
_________________________________________________________________
(34944, 96)
(34944,)
Epoch 1/200
 - 1s - loss: 0.3148
Epoch 2/200
 - 1s - loss: 0.2723
Epoch 3/200
 - 1s - loss: 0.2616
Epoch 4/200
 - 1s - loss: 0.2528
Epoch 5/200
 - 1s - loss: 0.2448
Epoch 6/200
 - 1s - loss: 0.2357
Epoch 7/200
 - 1s - loss: 0.2268
Epoch 8/200
 - 1s - loss: 0.2188
Epoch 9/200
 - 1s - loss: 0.2139
Epoch 10/200
 - 1s - loss: 0.2096
Epoch 11/200
 - 1s - loss: 0.2048
Epoch 12/200
 - 1s - loss: 0.2023
Epoch 13/200
 - 1s - loss: 0.1984
Epoch 14/200
 - 1s - loss: 0.1941
Epoch 15/200
 - 1s - loss: 0.1914
Epoch 16/200
 - 1s - loss: 0.1879
Epoch 17/200
 - 1s - loss: 0.1844
Epoch 18/200
 - 1s - loss: 0.1809
Epoch 19/200
 - 1s - loss: 0.1766
Epoch 20/200
 - 1s - loss: 0.1723
Epoch 21/200
 - 1s - loss: 0.1679
Epoch 22/200
 - 1s - loss: 0.1644
Epoch 23/200
 - 1s - loss: 0.1615
Epoch 24/200
 - 1s - loss: 0.1613
Epoch 25/200
 - 1s - loss: 0.1615
Epoch 26/200
 - 1s - loss: 0.1613
Epoch 27/200
 - 1s - loss: 0.1613
Epoch 28/200
 - 1s - loss: 0.1610
Epoch 29/200
 - 1s - loss: 0.1619
Epoch 30/200
 - 1s - loss: 0.1614
Epoch 31/200
 - 1s - loss: 0.1610
Epoch 32/200
 - 1s - loss: 0.1609
Epoch 33/200
 - 1s - loss: 0.1612
Epoch 34/200
 - 1s - loss: 0.1614
Epoch 35/200
 - 1s - loss: 0.1608
Epoch 36/200
 - 1s - loss: 0.1618
Epoch 37/200
 - 1s - loss: 0.1615
Epoch 38/200
 - 1s - loss: 0.1605
Epoch 39/200
 - 1s - loss: 0.1609
Epoch 40/200
 - 1s - loss: 0.1606
Epoch 41/200
 - 1s - loss: 0.1615
Epoch 42/200
 - 1s - loss: 0.1610
Epoch 43/200
 - 1s - loss: 0.1608
Epoch 44/200
 - 1s - loss: 0.1616
Epoch 45/200
 - 1s - loss: 0.1611
Epoch 46/200
 - 1s - loss: 0.1618
Model saved ...  ../../exp_ElectricityLoad/saved_models/are/ar_MT_012_weights
_________________________________________________________________
Layer (type)                 Output Shape              Param #   
=================================================================
input_13 (InputLayer)        (None, 96)                0         
_________________________________________________________________
ar-weights (Dense)           (None, 1)                 97        
=================================================================
Total params: 97
Trainable params: 97
Non-trainable params: 0
_________________________________________________________________
(34944, 96)
(34944,)
Epoch 1/200
 - 1s - loss: 0.8315
Epoch 2/200
 - 1s - loss: 0.6550
Epoch 3/200
 - 1s - loss: 0.5667
Epoch 4/200
 - 1s - loss: 0.5663
Epoch 5/200
 - 1s - loss: 0.5664
Epoch 6/200
 - 1s - loss: 0.5661
Epoch 7/200
 - 1s - loss: 0.5664
Epoch 8/200
 - 1s - loss: 0.5664
Epoch 9/200
 - 1s - loss: 0.5666
Epoch 10/200
 - 1s - loss: 0.5661
Epoch 11/200
 - 1s - loss: 0.5664
Epoch 12/200
 - 1s - loss: 0.5666
Epoch 13/200
 - 1s - loss: 0.5664
Epoch 14/200
 - 1s - loss: 0.5661
Model saved ...  ../../exp_ElectricityLoad/saved_models/are/ar_MT_013_weights
_________________________________________________________________
Layer (type)                 Output Shape              Param #   
=================================================================
input_14 (InputLayer)        (None, 96)                0         
_________________________________________________________________
ar-weights (Dense)           (None, 1)                 97        
=================================================================
Total params: 97
Trainable params: 97
Non-trainable params: 0
_________________________________________________________________
(34944, 96)
(34944,)
Epoch 1/200
 - 1s - loss: 0.5068
Epoch 2/200
 - 1s - loss: 0.3674
Epoch 3/200
 - 1s - loss: 0.2954
Epoch 4/200
 - 1s - loss: 0.2683
Epoch 5/200
 - 1s - loss: 0.2676
Epoch 6/200
 - 1s - loss: 0.2673
Epoch 7/200
 - 1s - loss: 0.2673
Epoch 8/200
 - 1s - loss: 0.2671
Epoch 9/200
 - 1s - loss: 0.2674
Epoch 10/200
 - 1s - loss: 0.2673
Epoch 11/200
 - 1s - loss: 0.2678
Epoch 12/200
 - 1s - loss: 0.2679
Epoch 13/200
 - 1s - loss: 0.2672
Epoch 14/200
 - 1s - loss: 0.2677
Epoch 15/200
 - 1s - loss: 0.2673
Epoch 16/200
 - 1s - loss: 0.2676
Model saved ...  ../../exp_ElectricityLoad/saved_models/are/ar_MT_014_weights
_________________________________________________________________
Layer (type)                 Output Shape              Param #   
=================================================================
input_15 (InputLayer)        (None, 96)                0         
_________________________________________________________________
ar-weights (Dense)           (None, 1)                 97        
=================================================================
Total params: 97
Trainable params: 97
Non-trainable params: 0
_________________________________________________________________
(34944, 96)
(34944,)
Epoch 1/200
 - 1s - loss: 0.2209
Epoch 2/200
 - 1s - loss: 0.1898
Epoch 3/200
 - 1s - loss: 0.1867
Epoch 4/200
 - 1s - loss: 0.1852
Epoch 5/200
 - 1s - loss: 0.1848
Epoch 6/200
 - 1s - loss: 0.1838
Epoch 7/200
 - 1s - loss: 0.1812
Epoch 8/200
 - 1s - loss: 0.1822
Epoch 9/200
 - 1s - loss: 0.1800
Epoch 10/200
 - 1s - loss: 0.1792
Epoch 11/200
 - 1s - loss: 0.1785
Epoch 12/200
 - 1s - loss: 0.1772
Epoch 13/200
 - 1s - loss: 0.1779
Epoch 14/200
 - 1s - loss: 0.1765
Epoch 15/200
 - 1s - loss: 0.1747
Epoch 16/200
 - 1s - loss: 0.1749
Epoch 17/200
 - 1s - loss: 0.1767
Epoch 18/200
 - 1s - loss: 0.1739
Epoch 19/200
 - 1s - loss: 0.1728
Epoch 20/200
 - 1s - loss: 0.1727
Epoch 21/200
 - 1s - loss: 0.1723
Epoch 22/200
 - 1s - loss: 0.1725
Epoch 23/200
 - 1s - loss: 0.1722
Epoch 24/200
 - 1s - loss: 0.1696
Epoch 25/200
 - 1s - loss: 0.1702
Epoch 26/200
 - 1s - loss: 0.1700
Epoch 27/200
 - 1s - loss: 0.1694
Epoch 28/200
 - 1s - loss: 0.1677
Epoch 29/200
 - 1s - loss: 0.1682
Epoch 30/200
 - 1s - loss: 0.1676
Epoch 31/200
 - 1s - loss: 0.1667
Epoch 32/200
 - 1s - loss: 0.1653
Epoch 33/200
 - 1s - loss: 0.1655
Epoch 34/200
 - 1s - loss: 0.1654
Epoch 35/200
 - 1s - loss: 0.1636
Epoch 36/200
 - 1s - loss: 0.1646
Epoch 37/200
 - 1s - loss: 0.1609
Epoch 38/200
 - 1s - loss: 0.1607
Epoch 39/200
 - 1s - loss: 0.1593
Epoch 40/200
 - 1s - loss: 0.1592
Epoch 41/200
 - 1s - loss: 0.1553
Epoch 42/200
 - 1s - loss: 0.1568
Epoch 43/200
 - 1s - loss: 0.1530
Epoch 44/200
 - 1s - loss: 0.1507
Epoch 45/200
 - 1s - loss: 0.1488
Epoch 46/200
 - 1s - loss: 0.1457
Epoch 47/200
 - 1s - loss: 0.1438
Epoch 48/200
 - 1s - loss: 0.1396
Epoch 49/200
 - 1s - loss: 0.1382
Epoch 50/200
 - 1s - loss: 0.1348
Epoch 51/200
 - 1s - loss: 0.1323
Epoch 52/200
 - 1s - loss: 0.1291
Epoch 53/200
 - 1s - loss: 0.1285
Epoch 54/200
 - 1s - loss: 0.1257
Epoch 55/200
 - 1s - loss: 0.1238
Epoch 56/200
 - 1s - loss: 0.1245
Epoch 57/200
 - 1s - loss: 0.1247
Epoch 58/200
 - 1s - loss: 0.1238
Epoch 59/200
 - 1s - loss: 0.1240
Epoch 60/200
 - 1s - loss: 0.1243
Epoch 61/200
 - 1s - loss: 0.1233
Epoch 62/200
 - 1s - loss: 0.1238
Epoch 63/200
 - 1s - loss: 0.1232
Epoch 64/200
 - 1s - loss: 0.1250
Epoch 65/200
 - 1s - loss: 0.1239
Epoch 66/200
 - 1s - loss: 0.1226
Epoch 67/200
 - 1s - loss: 0.1234
Epoch 68/200
 - 1s - loss: 0.1243
Epoch 69/200
 - 1s - loss: 0.1226
Epoch 70/200
 - 1s - loss: 0.1231
Epoch 71/200
 - 1s - loss: 0.1231
Epoch 72/200
 - 1s - loss: 0.1233
Epoch 73/200
 - 1s - loss: 0.1249
Epoch 74/200
 - 1s - loss: 0.1232
Model saved ...  ../../exp_ElectricityLoad/saved_models/are/ar_MT_015_weights
_________________________________________________________________
Layer (type)                 Output Shape              Param #   
=================================================================
input_16 (InputLayer)        (None, 96)                0         
_________________________________________________________________
ar-weights (Dense)           (None, 1)                 97        
=================================================================
Total params: 97
Trainable params: 97
Non-trainable params: 0
_________________________________________________________________
(34944, 96)
(34944,)
Epoch 1/200
 - 1s - loss: 0.7598
Epoch 2/200
 - 1s - loss: 0.6261
Epoch 3/200
 - 1s - loss: 0.5647
Epoch 4/200
 - 1s - loss: 0.5640
Epoch 5/200
 - 1s - loss: 0.5643
Epoch 6/200
 - 1s - loss: 0.5640
Epoch 7/200
 - 1s - loss: 0.5645
Epoch 8/200
 - 1s - loss: 0.5644
Epoch 9/200
 - 1s - loss: 0.5643
Epoch 10/200
 - 1s - loss: 0.5643
Epoch 11/200
 - 1s - loss: 0.5639
Epoch 12/200
 - 1s - loss: 0.5643
Epoch 13/200
 - 1s - loss: 0.5642
Epoch 14/200
 - 1s - loss: 0.5642
Epoch 15/200
 - 1s - loss: 0.5642
Epoch 16/200
 - 1s - loss: 0.5642
Epoch 17/200
 - 1s - loss: 0.5643
Epoch 18/200
 - 1s - loss: 0.5640
Epoch 19/200
 - 1s - loss: 0.5643
Model saved ...  ../../exp_ElectricityLoad/saved_models/are/ar_MT_016_weights
_________________________________________________________________
Layer (type)                 Output Shape              Param #   
=================================================================
input_17 (InputLayer)        (None, 96)                0         
_________________________________________________________________
ar-weights (Dense)           (None, 1)                 97        
=================================================================
Total params: 97
Trainable params: 97
Non-trainable params: 0
_________________________________________________________________
(34944, 96)
(34944,)
Epoch 1/200
 - 1s - loss: 0.7267
Epoch 2/200
 - 1s - loss: 0.5693
Epoch 3/200
 - 1s - loss: 0.4873
Epoch 4/200
 - 1s - loss: 0.4872
Epoch 5/200
 - 1s - loss: 0.4875
Epoch 6/200
 - 1s - loss: 0.4872
Epoch 7/200
 - 1s - loss: 0.4873
Epoch 8/200
 - 1s - loss: 0.4875
Epoch 9/200
 - 1s - loss: 0.4868
Epoch 10/200
 - 1s - loss: 0.4873
Epoch 11/200
 - 1s - loss: 0.4875
Epoch 12/200
 - 1s - loss: 0.4872
Epoch 13/200
 - 1s - loss: 0.4875
Epoch 14/200
 - 1s - loss: 0.4875
Epoch 15/200
 - 1s - loss: 0.4872
Epoch 16/200
 - 1s - loss: 0.4872
Epoch 17/200
 - 1s - loss: 0.4872
Model saved ...  ../../exp_ElectricityLoad/saved_models/are/ar_MT_017_weights
_________________________________________________________________
Layer (type)                 Output Shape              Param #   
=================================================================
input_18 (InputLayer)        (None, 96)                0         
_________________________________________________________________
ar-weights (Dense)           (None, 1)                 97        
=================================================================
Total params: 97
Trainable params: 97
Non-trainable params: 0
_________________________________________________________________
(34944, 96)
(34944,)
Epoch 1/200
 - 1s - loss: 0.8223
Epoch 2/200
 - 1s - loss: 0.7190
Epoch 3/200
 - 1s - loss: 0.5265
Epoch 4/200
 - 1s - loss: 0.5135
Epoch 5/200
 - 1s - loss: 0.5134
Epoch 6/200
 - 1s - loss: 0.5134
Epoch 7/200
 - 1s - loss: 0.5136
Epoch 8/200
 - 1s - loss: 0.5133
Epoch 9/200
 - 1s - loss: 0.5135
Epoch 10/200
 - 1s - loss: 0.5135
Epoch 11/200
 - 1s - loss: 0.5137
Epoch 12/200
 - 1s - loss: 0.5134
Epoch 13/200
 - 1s - loss: 0.5134
Epoch 14/200
 - 1s - loss: 0.5132
Epoch 15/200
 - 1s - loss: 0.5133
Epoch 16/200
 - 1s - loss: 0.5135
Epoch 17/200
 - 1s - loss: 0.5133
Epoch 18/200
 - 1s - loss: 0.5134
Epoch 19/200
 - 1s - loss: 0.5133
Epoch 20/200
 - 1s - loss: 0.5132
Epoch 21/200
 - 1s - loss: 0.5135
Epoch 22/200
 - 1s - loss: 0.5136
Epoch 23/200
 - 1s - loss: 0.5134
Epoch 24/200
 - 1s - loss: 0.5132
Epoch 25/200
 - 1s - loss: 0.5135
Epoch 26/200
 - 1s - loss: 0.5135
Epoch 27/200
 - 1s - loss: 0.5132
Epoch 28/200
 - 1s - loss: 0.5135
Epoch 29/200
 - 1s - loss: 0.5132
Epoch 30/200
 - 1s - loss: 0.5135
Epoch 31/200
 - 1s - loss: 0.5132
Epoch 32/200
 - 1s - loss: 0.5133
Model saved ...  ../../exp_ElectricityLoad/saved_models/are/ar_MT_018_weights
_________________________________________________________________
Layer (type)                 Output Shape              Param #   
=================================================================
input_19 (InputLayer)        (None, 96)                0         
_________________________________________________________________
ar-weights (Dense)           (None, 1)                 97        
=================================================================
Total params: 97
Trainable params: 97
Non-trainable params: 0
_________________________________________________________________
(34944, 96)
(34944,)
Epoch 1/200
 - 1s - loss: 0.8535
Epoch 2/200
 - 1s - loss: 0.6459
Epoch 3/200
 - 1s - loss: 0.6355
Epoch 4/200
 - 1s - loss: 0.6356
Epoch 5/200
 - 1s - loss: 0.6356
Epoch 6/200
 - 1s - loss: 0.6355
Epoch 7/200
 - 1s - loss: 0.6358
Epoch 8/200
 - 1s - loss: 0.6359
Epoch 9/200
 - 1s - loss: 0.6356
Epoch 10/200
 - 1s - loss: 0.6359
Epoch 11/200
 - 1s - loss: 0.6356
Model saved ...  ../../exp_ElectricityLoad/saved_models/are/ar_MT_019_weights
_________________________________________________________________
Layer (type)                 Output Shape              Param #   
=================================================================
input_20 (InputLayer)        (None, 96)                0         
_________________________________________________________________
ar-weights (Dense)           (None, 1)                 97        
=================================================================
Total params: 97
Trainable params: 97
Non-trainable params: 0
_________________________________________________________________
(34944, 96)
(34944,)
Epoch 1/200
 - 1s - loss: 0.7536
Epoch 2/200
 - 1s - loss: 0.5944
Epoch 3/200
 - 1s - loss: 0.5075
Epoch 4/200
 - 1s - loss: 0.5073
Epoch 5/200
 - 1s - loss: 0.5075
Epoch 6/200
 - 1s - loss: 0.5073
Epoch 7/200
 - 1s - loss: 0.5072
Epoch 8/200
 - 1s - loss: 0.5072
Epoch 9/200
 - 1s - loss: 0.5074
Epoch 10/200
 - 1s - loss: 0.5077
Epoch 11/200
 - 1s - loss: 0.5073
Epoch 12/200
 - 1s - loss: 0.5073
Epoch 13/200
 - 1s - loss: 0.5073
Epoch 14/200
 - 1s - loss: 0.5073
Epoch 15/200
 - 1s - loss: 0.5071
Epoch 16/200
 - 1s - loss: 0.5072
Epoch 17/200
 - 1s - loss: 0.5074
Epoch 18/200
 - 1s - loss: 0.5073
Epoch 19/200
 - 1s - loss: 0.5075
Epoch 20/200
 - 1s - loss: 0.5070
Epoch 21/200
 - 1s - loss: 0.5076
Epoch 22/200
 - 1s - loss: 0.5076
Epoch 23/200
 - 1s - loss: 0.5075
Epoch 24/200
 - 1s - loss: 0.5075
Epoch 25/200
 - 1s - loss: 0.5071
Epoch 26/200
 - 1s - loss: 0.5076
Epoch 27/200
 - 1s - loss: 0.5073
Epoch 28/200
 - 1s - loss: 0.5078
Model saved ...  ../../exp_ElectricityLoad/saved_models/are/ar_MT_020_weights
_________________________________________________________________
Layer (type)                 Output Shape              Param #   
=================================================================
input_21 (InputLayer)        (None, 96)                0         
_________________________________________________________________
ar-weights (Dense)           (None, 1)                 97        
=================================================================
Total params: 97
Trainable params: 97
Non-trainable params: 0
_________________________________________________________________
(34944, 96)
(34944,)
Epoch 1/200
 - 1s - loss: 0.5654
Epoch 2/200
 - 1s - loss: 0.4328
Epoch 3/200
 - 1s - loss: 0.3908
Epoch 4/200
 - 1s - loss: 0.3603
Epoch 5/200
 - 1s - loss: 0.3437
Epoch 6/200
 - 1s - loss: 0.3434
Epoch 7/200
 - 1s - loss: 0.3435
Epoch 8/200
 - 1s - loss: 0.3437
Epoch 9/200
 - 1s - loss: 0.3432
Epoch 10/200
 - 1s - loss: 0.3436
Epoch 11/200
 - 1s - loss: 0.3436
Epoch 12/200
 - 1s - loss: 0.3437
Epoch 13/200
 - 1s - loss: 0.3435
Epoch 14/200
 - 1s - loss: 0.3432
Epoch 15/200
 - 1s - loss: 0.3434
Epoch 16/200
 - 1s - loss: 0.3437
Epoch 17/200
 - 1s - loss: 0.3434
Epoch 18/200
 - 1s - loss: 0.3435
Epoch 19/200
 - 1s - loss: 0.3434
Epoch 20/200
 - 1s - loss: 0.3432
Epoch 21/200
 - 1s - loss: 0.3434
Epoch 22/200
 - 1s - loss: 0.3434
Epoch 23/200
 - 1s - loss: 0.3435
Epoch 24/200
 - 1s - loss: 0.3433
Epoch 25/200
 - 1s - loss: 0.3434
Epoch 26/200
 - 1s - loss: 0.3436
Epoch 27/200
 - 1s - loss: 0.3434
Epoch 28/200
 - 1s - loss: 0.3433
Model saved ...  ../../exp_ElectricityLoad/saved_models/are/ar_MT_021_weights
_________________________________________________________________
Layer (type)                 Output Shape              Param #   
=================================================================
input_22 (InputLayer)        (None, 96)                0         
_________________________________________________________________
ar-weights (Dense)           (None, 1)                 97        
=================================================================
Total params: 97
Trainable params: 97
Non-trainable params: 0
_________________________________________________________________
(34944, 96)
(34944,)
Epoch 1/200
 - 1s - loss: 0.7154
Epoch 2/200
 - 1s - loss: 0.5167
Epoch 3/200
 - 1s - loss: 0.5032
Epoch 4/200
 - 1s - loss: 0.5031
Epoch 5/200
 - 1s - loss: 0.5033
Epoch 6/200
 - 1s - loss: 0.5032
Epoch 7/200
 - 1s - loss: 0.5030
Epoch 8/200
 - 1s - loss: 0.5028
Epoch 9/200
 - 1s - loss: 0.5033
Epoch 10/200
 - 1s - loss: 0.5030
Epoch 11/200
 - 1s - loss: 0.5031
Epoch 12/200
 - 1s - loss: 0.5031
Epoch 13/200
 - 1s - loss: 0.5031
Epoch 14/200
 - 1s - loss: 0.5029
Epoch 15/200
 - 1s - loss: 0.5029
Epoch 16/200
 - 1s - loss: 0.5029
Model saved ...  ../../exp_ElectricityLoad/saved_models/are/ar_MT_022_weights
_________________________________________________________________
Layer (type)                 Output Shape              Param #   
=================================================================
input_23 (InputLayer)        (None, 96)                0         
_________________________________________________________________
ar-weights (Dense)           (None, 1)                 97        
=================================================================
Total params: 97
Trainable params: 97
Non-trainable params: 0
_________________________________________________________________
(34944, 96)
(34944,)
Epoch 1/200
 - 1s - loss: 0.9077
Epoch 2/200
 - 1s - loss: 0.7417
Epoch 3/200
 - 1s - loss: 0.6176
Epoch 4/200
 - 1s - loss: 0.6171
Epoch 5/200
 - 1s - loss: 0.6170
Epoch 6/200
 - 1s - loss: 0.6172
Epoch 7/200
 - 1s - loss: 0.6172
Epoch 8/200
 - 1s - loss: 0.6171
Epoch 9/200
 - 1s - loss: 0.6171
Epoch 10/200
 - 1s - loss: 0.6170
Epoch 11/200
 - 1s - loss: 0.6170
Epoch 12/200
 - 1s - loss: 0.6170
Epoch 13/200
 - 1s - loss: 0.6170
Epoch 14/200
 - 1s - loss: 0.6171
Epoch 15/200
 - 1s - loss: 0.6169
Epoch 16/200
 - 1s - loss: 0.6172
Epoch 17/200
 - 1s - loss: 0.6172
Epoch 18/200
 - 1s - loss: 0.6171
Epoch 19/200
 - 1s - loss: 0.6173
Epoch 20/200
 - 1s - loss: 0.6170
Epoch 21/200
 - 1s - loss: 0.6169
Epoch 22/200
 - 1s - loss: 0.6172
Epoch 23/200
 - 1s - loss: 0.6169
Epoch 24/200
 - 1s - loss: 0.6170
Epoch 25/200
 - 1s - loss: 0.6173
Epoch 26/200
 - 1s - loss: 0.6170
Epoch 27/200
 - 1s - loss: 0.6170
Epoch 28/200
 - 1s - loss: 0.6172
Epoch 29/200
 - 1s - loss: 0.6169
Model saved ...  ../../exp_ElectricityLoad/saved_models/are/ar_MT_023_weights
_________________________________________________________________
Layer (type)                 Output Shape              Param #   
=================================================================
input_24 (InputLayer)        (None, 96)                0         
_________________________________________________________________
ar-weights (Dense)           (None, 1)                 97        
=================================================================
Total params: 97
Trainable params: 97
Non-trainable params: 0
_________________________________________________________________
(34944, 96)
(34944,)
Epoch 1/200
 - 1s - loss: 0.7841
Epoch 2/200
 - 1s - loss: 0.6578
Epoch 3/200
 - 1s - loss: 0.6238
Epoch 4/200
 - 1s - loss: 0.6247
Epoch 5/200
 - 1s - loss: 0.6270
Epoch 6/200
 - 1s - loss: 0.6285
Epoch 7/200
 - 1s - loss: 0.6295
Epoch 8/200
 - 1s - loss: 0.6302
Epoch 9/200
 - 1s - loss: 0.6306
Epoch 10/200
 - 1s - loss: 0.6305
Epoch 11/200
 - 1s - loss: 0.6300
Model saved ...  ../../exp_ElectricityLoad/saved_models/are/ar_MT_024_weights
_________________________________________________________________
Layer (type)                 Output Shape              Param #   
=================================================================
input_25 (InputLayer)        (None, 96)                0         
_________________________________________________________________
ar-weights (Dense)           (None, 1)                 97        
=================================================================
Total params: 97
Trainable params: 97
Non-trainable params: 0
_________________________________________________________________
(34944, 96)
(34944,)
Epoch 1/200
 - 1s - loss: 0.5760
Epoch 2/200
 - 1s - loss: 0.4067
Epoch 3/200
 - 1s - loss: 0.3575
Epoch 4/200
 - 1s - loss: 0.3288
Epoch 5/200
 - 1s - loss: 0.3230
Epoch 6/200
 - 1s - loss: 0.3228
Epoch 7/200
 - 1s - loss: 0.3229
Epoch 8/200
 - 1s - loss: 0.3227
Epoch 9/200
 - 1s - loss: 0.3230
Epoch 10/200
 - 1s - loss: 0.3230
Epoch 11/200
 - 1s - loss: 0.3229
Epoch 12/200
 - 1s - loss: 0.3229
Epoch 13/200
 - 1s - loss: 0.3229
Epoch 14/200
 - 1s - loss: 0.3230
Epoch 15/200
 - 1s - loss: 0.3228
Epoch 16/200
 - 1s - loss: 0.3230
Model saved ...  ../../exp_ElectricityLoad/saved_models/are/ar_MT_025_weights
_________________________________________________________________
Layer (type)                 Output Shape              Param #   
=================================================================
input_26 (InputLayer)        (None, 96)                0         
_________________________________________________________________
ar-weights (Dense)           (None, 1)                 97        
=================================================================
Total params: 97
Trainable params: 97
Non-trainable params: 0
_________________________________________________________________
(34944, 96)
(34944,)
Epoch 1/200
 - 1s - loss: 0.7126
Epoch 2/200
 - 1s - loss: 0.5633
Epoch 3/200
 - 1s - loss: 0.4587
Epoch 4/200
 - 1s - loss: 0.4565
Epoch 5/200
 - 1s - loss: 0.4566
Epoch 6/200
 - 1s - loss: 0.4565
Epoch 7/200
 - 1s - loss: 0.4569
Epoch 8/200
 - 1s - loss: 0.4563
Epoch 9/200
 - 1s - loss: 0.4564
Epoch 10/200
 - 1s - loss: 0.4568
Epoch 11/200
 - 1s - loss: 0.4567
Epoch 12/200
 - 1s - loss: 0.4566
Epoch 13/200
 - 1s - loss: 0.4566
Epoch 14/200
 - 1s - loss: 0.4567
Epoch 15/200
 - 1s - loss: 0.4565
Epoch 16/200
 - 1s - loss: 0.4564
Model saved ...  ../../exp_ElectricityLoad/saved_models/are/ar_MT_026_weights
_________________________________________________________________
Layer (type)                 Output Shape              Param #   
=================================================================
input_27 (InputLayer)        (None, 96)                0         
_________________________________________________________________
ar-weights (Dense)           (None, 1)                 97        
=================================================================
Total params: 97
Trainable params: 97
Non-trainable params: 0
_________________________________________________________________
(34944, 96)
(34944,)
Epoch 1/200
 - 1s - loss: 0.7632
Epoch 2/200
 - 1s - loss: 0.5715
Epoch 3/200
 - 1s - loss: 0.5317
Epoch 4/200
 - 1s - loss: 0.5319
Epoch 5/200
 - 1s - loss: 0.5316
Epoch 6/200
 - 1s - loss: 0.5317
Epoch 7/200
 - 1s - loss: 0.5317
Epoch 8/200
 - 1s - loss: 0.5317
Epoch 9/200
 - 1s - loss: 0.5318
Epoch 10/200
 - 1s - loss: 0.5318
Epoch 11/200
 - 1s - loss: 0.5319
Epoch 12/200
 - 1s - loss: 0.5319
Epoch 13/200
 - 1s - loss: 0.5316
Model saved ...  ../../exp_ElectricityLoad/saved_models/are/ar_MT_027_weights
_________________________________________________________________
Layer (type)                 Output Shape              Param #   
=================================================================
input_28 (InputLayer)        (None, 96)                0         
_________________________________________________________________
ar-weights (Dense)           (None, 1)                 97        
=================================================================
Total params: 97
Trainable params: 97
Non-trainable params: 0
_________________________________________________________________
(34944, 96)
(34944,)
Epoch 1/200
 - 1s - loss: 0.7854
Epoch 2/200
 - 1s - loss: 0.6518
Epoch 3/200
 - 1s - loss: 0.6016
Epoch 4/200
 - 1s - loss: 0.5741
Epoch 5/200
 - 1s - loss: 0.5701
Epoch 6/200
 - 1s - loss: 0.5700
Epoch 7/200
 - 1s - loss: 0.5701
Epoch 8/200
 - 1s - loss: 0.5700
Epoch 9/200
 - 1s - loss: 0.5701
Epoch 10/200
 - 1s - loss: 0.5701
Epoch 11/200
 - 1s - loss: 0.5702
Epoch 12/200
 - 1s - loss: 0.5698
Epoch 13/200
 - 1s - loss: 0.5699
Epoch 14/200
 - 1s - loss: 0.5701
Epoch 15/200
 - 1s - loss: 0.5700
Epoch 16/200
 - 1s - loss: 0.5698
Epoch 17/200
 - 1s - loss: 0.5700
Epoch 18/200
 - 1s - loss: 0.5701
Epoch 19/200
 - 1s - loss: 0.5701
Epoch 20/200
 - 1s - loss: 0.5699
Epoch 21/200
 - 1s - loss: 0.5700
Epoch 22/200
 - 1s - loss: 0.5703
Epoch 23/200
 - 1s - loss: 0.5697
Epoch 24/200
 - 1s - loss: 0.5698
Epoch 25/200
 - 1s - loss: 0.5699
Epoch 26/200
 - 1s - loss: 0.5699
Epoch 27/200
 - 1s - loss: 0.5700
Epoch 28/200
 - 1s - loss: 0.5702
Epoch 29/200
 - 1s - loss: 0.5699
Epoch 30/200
 - 1s - loss: 0.5699
Epoch 31/200
 - 1s - loss: 0.5700
Model saved ...  ../../exp_ElectricityLoad/saved_models/are/ar_MT_028_weights
_________________________________________________________________
Layer (type)                 Output Shape              Param #   
=================================================================
input_29 (InputLayer)        (None, 96)                0         
_________________________________________________________________
ar-weights (Dense)           (None, 1)                 97        
=================================================================
Total params: 97
Trainable params: 97
Non-trainable params: 0
_________________________________________________________________
(34944, 96)
(34944,)
Epoch 1/200
 - 1s - loss: 0.6643
Epoch 2/200
 - 1s - loss: 0.4756
Epoch 3/200
 - 1s - loss: 0.4161
Epoch 4/200
 - 1s - loss: 0.4160
Epoch 5/200
 - 1s - loss: 0.4158
Epoch 6/200
 - 1s - loss: 0.4159
Epoch 7/200
 - 1s - loss: 0.4160
Epoch 8/200
 - 1s - loss: 0.4159
Epoch 9/200
 - 1s - loss: 0.4158
Epoch 10/200
 - 1s - loss: 0.4162
Epoch 11/200
 - 1s - loss: 0.4156
Epoch 12/200
 - 1s - loss: 0.4161
Epoch 13/200
 - 1s - loss: 0.4158
Epoch 14/200
 - 1s - loss: 0.4160
Epoch 15/200
 - 1s - loss: 0.4161
Epoch 16/200
 - 1s - loss: 0.4164
Epoch 17/200
 - 1s - loss: 0.4161
Epoch 18/200
 - 1s - loss: 0.4160
Epoch 19/200
 - 1s - loss: 0.4160
Model saved ...  ../../exp_ElectricityLoad/saved_models/are/ar_MT_029_weights
_________________________________________________________________
Layer (type)                 Output Shape              Param #   
=================================================================
input_30 (InputLayer)        (None, 96)                0         
_________________________________________________________________
ar-weights (Dense)           (None, 1)                 97        
=================================================================
Total params: 97
Trainable params: 97
Non-trainable params: 0
_________________________________________________________________
(34944, 96)
(34944,)
Epoch 1/200
 - 1s - loss: 0.1958
Epoch 2/200
 - 1s - loss: 0.1493
Epoch 3/200
 - 1s - loss: 0.1398
Epoch 4/200
 - 1s - loss: 0.1336
Epoch 5/200
 - 1s - loss: 0.1296
Epoch 6/200
 - 1s - loss: 0.1273
Epoch 7/200
 - 1s - loss: 0.1237
Epoch 8/200
 - 1s - loss: 0.1210
Epoch 9/200
 - 1s - loss: 0.1186
Epoch 10/200
 - 1s - loss: 0.1192
Epoch 11/200
 - 1s - loss: 0.1145
Epoch 12/200
 - 1s - loss: 0.1154
Epoch 13/200
 - 1s - loss: 0.1125
Epoch 14/200
 - 1s - loss: 0.1113
Epoch 15/200
 - 1s - loss: 0.1108
Epoch 16/200
 - 1s - loss: 0.1096
Epoch 17/200
 - 1s - loss: 0.1096
Epoch 18/200
 - 1s - loss: 0.1096
Epoch 19/200
 - 1s - loss: 0.1090
Epoch 20/200
 - 1s - loss: 0.1090
Epoch 21/200
 - 1s - loss: 0.1081
Epoch 22/200
 - 1s - loss: 0.1080
Epoch 23/200
 - 1s - loss: 0.1089
Epoch 24/200
 - 1s - loss: 0.1070
Epoch 25/200
 - 1s - loss: 0.1069
Epoch 26/200
 - 1s - loss: 0.1076
Epoch 27/200
 - 1s - loss: 0.1057
Epoch 28/200
 - 1s - loss: 0.1066
Epoch 29/200
 - 1s - loss: 0.1066
Epoch 30/200
 - 1s - loss: 0.1061
Epoch 31/200
 - 1s - loss: 0.1063
Epoch 32/200
 - 1s - loss: 0.1055
Epoch 33/200
 - 1s - loss: 0.1061
Epoch 34/200
 - 1s - loss: 0.1072
Epoch 35/200
 - 1s - loss: 0.1048
Epoch 36/200
 - 1s - loss: 0.1068
Epoch 37/200
 - 1s - loss: 0.1056
Epoch 38/200
 - 1s - loss: 0.1052
Epoch 39/200
 - 1s - loss: 0.1061
Epoch 40/200
 - 1s - loss: 0.1046
Epoch 41/200
 - 1s - loss: 0.1050
Epoch 42/200
 - 1s - loss: 0.1065
Epoch 43/200
 - 1s - loss: 0.1046
Epoch 44/200
 - 1s - loss: 0.1064
Epoch 45/200
 - 1s - loss: 0.1055
Epoch 46/200
 - 1s - loss: 0.1048
Epoch 47/200
 - 1s - loss: 0.1058
Epoch 48/200
 - 1s - loss: 0.1047
Epoch 49/200
 - 1s - loss: 0.1058
Epoch 50/200
 - 1s - loss: 0.1045
Epoch 51/200
 - 1s - loss: 0.1039
Epoch 52/200
 - 1s - loss: 0.1044
Epoch 53/200
 - 1s - loss: 0.1052
Epoch 54/200
 - 1s - loss: 0.1050
Epoch 55/200
 - 1s - loss: 0.1049
Epoch 56/200
 - 1s - loss: 0.1033
Epoch 57/200
 - 1s - loss: 0.1031
Epoch 58/200
 - 1s - loss: 0.1046
Epoch 59/200
 - 1s - loss: 0.1054
Epoch 60/200
 - 1s - loss: 0.1058
Epoch 61/200
 - 1s - loss: 0.1037
Epoch 62/200
 - 1s - loss: 0.1039
Epoch 63/200
 - 1s - loss: 0.1036
Epoch 64/200
 - 1s - loss: 0.1049
Epoch 65/200
 - 1s - loss: 0.1040
Model saved ...  ../../exp_ElectricityLoad/saved_models/are/ar_MT_030_weights
_________________________________________________________________
Layer (type)                 Output Shape              Param #   
=================================================================
input_31 (InputLayer)        (None, 96)                0         
_________________________________________________________________
ar-weights (Dense)           (None, 1)                 97        
=================================================================
Total params: 97
Trainable params: 97
Non-trainable params: 0
_________________________________________________________________
(34944, 96)
(34944,)
Epoch 1/200
 - 1s - loss: 0.7906
Epoch 2/200
 - 1s - loss: 0.5494
Epoch 3/200
 - 1s - loss: 0.5089
Epoch 4/200
 - 1s - loss: 0.5083
Epoch 5/200
 - 1s - loss: 0.5083
Epoch 6/200
 - 1s - loss: 0.5084
Epoch 7/200
 - 1s - loss: 0.5084
Epoch 8/200
 - 1s - loss: 0.5084
Epoch 9/200
 - 1s - loss: 0.5085
Epoch 10/200
 - 1s - loss: 0.5084
Epoch 11/200
 - 1s - loss: 0.5087
Epoch 12/200
 - 1s - loss: 0.5085
Model saved ...  ../../exp_ElectricityLoad/saved_models/are/ar_MT_031_weights
_________________________________________________________________
Layer (type)                 Output Shape              Param #   
=================================================================
input_32 (InputLayer)        (None, 96)                0         
_________________________________________________________________
ar-weights (Dense)           (None, 1)                 97        
=================================================================
Total params: 97
Trainable params: 97
Non-trainable params: 0
_________________________________________________________________
(34944, 96)
(34944,)
Epoch 1/200
 - 1s - loss: 0.8734
Epoch 2/200
 - 1s - loss: 0.6921
Epoch 3/200
 - 1s - loss: 0.5916
Epoch 4/200
 - 1s - loss: 0.5916
Epoch 5/200
 - 1s - loss: 0.5919
Epoch 6/200
 - 1s - loss: 0.5916
Epoch 7/200
 - 1s - loss: 0.5918
Epoch 8/200
 - 1s - loss: 0.5912
Epoch 9/200
 - 1s - loss: 0.5913
Epoch 10/200
 - 1s - loss: 0.5914
Epoch 11/200
 - 1s - loss: 0.5919
Epoch 12/200
 - 1s - loss: 0.5914
Epoch 13/200
 - 1s - loss: 0.5916
Epoch 14/200
 - 1s - loss: 0.5914
Epoch 15/200
 - 1s - loss: 0.5917
Epoch 16/200
 - 1s - loss: 0.5913
Using TensorFlow backend.
Model saved ...  ../../exp_ElectricityLoad/saved_models/are/ar_MT_032_weights
***  2020-03-24 20:46:49.557949 	 Exit Successfully.
	Comsumed Time:  0:09:42.092357 

nohup: ignoring input
2020-03-24 20:48:53.587070: W tensorflow/core/platform/cpu_feature_guard.cc:45] The TensorFlow library wasn't compiled to use SSE4.1 instructions, but these are available on your machine and could speed up CPU computations.
2020-03-24 20:48:53.587659: W tensorflow/core/platform/cpu_feature_guard.cc:45] The TensorFlow library wasn't compiled to use SSE4.2 instructions, but these are available on your machine and could speed up CPU computations.
2020-03-24 20:48:53.587743: W tensorflow/core/platform/cpu_feature_guard.cc:45] The TensorFlow library wasn't compiled to use AVX instructions, but these are available on your machine and could speed up CPU computations.
2020-03-24 20:48:53.588130: W tensorflow/core/platform/cpu_feature_guard.cc:45] The TensorFlow library wasn't compiled to use AVX2 instructions, but these are available on your machine and could speed up CPU computations.
2020-03-24 20:48:53.588503: W tensorflow/core/platform/cpu_feature_guard.cc:45] The TensorFlow library wasn't compiled to use FMA instructions, but these are available on your machine and could speed up CPU computations.
Using TensorFlow backend.
***  2020-03-24 20:48:52.972956 	 Start runing run_are.py
(34944, 96, 32)
(34944, 32)
(34944, 32)
mean-overall-mae:	 0.731610455726
(34944, 32)
mean-mae:
 [ 0.77627815  0.6818879   0.53586968  0.95448761  0.80694715  0.57409656
  0.79355868  0.68936257  0.74688344  0.75037556  0.73552493  0.69116843
  0.83056101  0.69027254  0.57024576  0.72635069  0.77640444  0.70879757
  0.86301878  0.76769098  0.57816517  0.85748485  0.96111547  0.79056335
  0.65437138  0.63450759  0.67148611  0.78433779  0.87491283  0.5219704
  0.8460137   0.56682352]
point-overall-mae:	 0.468058809484
point-mae:
 [ 0.77056779  0.47180403  0.41528238  0.3558967   0.48000192  0.45081609
  0.44189219  0.54973717  0.5212825   0.51646831  0.54958267  0.4129537
  0.49796162  0.19978999  0.42538078  0.51857505  0.51122998  0.47131014
  0.60995733  0.57171918  0.32140569  0.50940721  0.62775696  0.51723776
  0.41170241  0.44041552  0.48150038  0.50495095  0.3350551   0.16892388
  0.47972684  0.43758967]
are_model-overall-mae:	 0.484430788353
are_model-mae:
 [ 0.69453193  0.47879461  0.42414918  0.36287598  0.48375074  0.52184808
  0.44882533  0.61003908  0.52469293  0.52040524  0.54958548  0.44854073
  0.50134936  0.19871596  0.4245726   0.56111062  0.51068134  0.47070232
  0.61566505  0.57328963  0.39901462  0.51597612  0.6329846   0.62480856
  0.41537005  0.44363762  0.47679287  0.5937738   0.39505855  0.1593339
  0.48253462  0.43837372]
***  2020-03-24 20:49:11.122183 	 Exit Successfully.
	Comsumed Time:  0:00:18.149231 

