nohup: ignoring input
2020-03-24 18:23:56.579636: W tensorflow/core/platform/cpu_feature_guard.cc:45] The TensorFlow library wasn't compiled to use SSE4.1 instructions, but these are available on your machine and could speed up CPU computations.
2020-03-24 18:23:56.579668: W tensorflow/core/platform/cpu_feature_guard.cc:45] The TensorFlow library wasn't compiled to use SSE4.2 instructions, but these are available on your machine and could speed up CPU computations.
2020-03-24 18:23:56.579674: W tensorflow/core/platform/cpu_feature_guard.cc:45] The TensorFlow library wasn't compiled to use AVX instructions, but these are available on your machine and could speed up CPU computations.
2020-03-24 18:23:56.579679: W tensorflow/core/platform/cpu_feature_guard.cc:45] The TensorFlow library wasn't compiled to use AVX2 instructions, but these are available on your machine and could speed up CPU computations.
2020-03-24 18:23:56.579684: W tensorflow/core/platform/cpu_feature_guard.cc:45] The TensorFlow library wasn't compiled to use FMA instructions, but these are available on your machine and could speed up CPU computations.
***  2020-03-24 18:23:52.486480 	 Start runing run_ear.py
__________________________________________________________________________________________________
Layer (type)                    Output Shape         Param #     Connected to                     
==================================================================================================
input_1 (InputLayer)            (None, 96)           0                                            
__________________________________________________________________________________________________
ar-weights (Dense)              (None, 1)            97          input_1[0][0]                    
__________________________________________________________________________________________________
lambda_1 (Lambda)               (None, 1)            0           input_1[0][0]                    
__________________________________________________________________________________________________
concatenate_1 (Concatenate)     (None, 2)            0           ar-weights[0][0]                 
                                                                 lambda_1[0][0]                   
__________________________________________________________________________________________________
contrib-weights (Dense)         (None, 1)            2           concatenate_1[0][0]              
==================================================================================================
Total params: 99
Trainable params: 99
Non-trainable params: 0
__________________________________________________________________________________________________
None
(34944, 96)
(34944,)
Epoch 1/200
 - 1s - loss: 0.6271
Epoch 2/200
 - 1s - loss: 0.5985
Epoch 3/200
 - 1s - loss: 0.5962
Epoch 4/200
 - 1s - loss: 0.5961
Epoch 5/200
 - 1s - loss: 0.5958
Epoch 6/200
 - 1s - loss: 0.5958
Epoch 7/200
 - 1s - loss: 0.5958
Epoch 8/200
 - 1s - loss: 0.5958
Epoch 9/200
 - 1s - loss: 0.5957
Epoch 10/200
 - 1s - loss: 0.5959
Epoch 11/200
 - 1s - loss: 0.5958
Epoch 12/200
 - 1s - loss: 0.5960
Epoch 13/200
 - 1s - loss: 0.5958
Epoch 14/200
 - 1s - loss: 0.5960
Epoch 15/200
 - 1s - loss: 0.5958
Epoch 16/200
 - 1s - loss: 0.5960
Epoch 17/200
 - 1s - loss: 0.5960
Model saved ...  ../../exp_ElectricityLoad/saved_models/ear/ear_MT_001_weights
__________________________________________________________________________________________________
Layer (type)                    Output Shape         Param #     Connected to                     
==================================================================================================
input_2 (InputLayer)            (None, 96)           0                                            
__________________________________________________________________________________________________
ar-weights (Dense)              (None, 1)            97          input_2[0][0]                    
__________________________________________________________________________________________________
lambda_2 (Lambda)               (None, 1)            0           input_2[0][0]                    
__________________________________________________________________________________________________
concatenate_2 (Concatenate)     (None, 2)            0           ar-weights[0][0]                 
                                                                 lambda_2[0][0]                   
__________________________________________________________________________________________________
contrib-weights (Dense)         (None, 1)            2           concatenate_2[0][0]              
==================================================================================================
Total params: 99
Trainable params: 99
Non-trainable params: 0
__________________________________________________________________________________________________
None
(34944, 96)
(34944,)
Epoch 1/200
 - 1s - loss: 0.6222
Epoch 2/200
 - 1s - loss: 0.4426
Epoch 3/200
 - 1s - loss: 0.4326
Epoch 4/200
 - 1s - loss: 0.4313
Epoch 5/200
 - 1s - loss: 0.4309
Epoch 6/200
 - 1s - loss: 0.4309
Epoch 7/200
 - 1s - loss: 0.4309
Epoch 8/200
 - 1s - loss: 0.4309
Epoch 9/200
 - 1s - loss: 0.4309
Epoch 10/200
 - 1s - loss: 0.4308
Epoch 11/200
 - 1s - loss: 0.4309
Epoch 12/200
 - 1s - loss: 0.4309
Epoch 13/200
 - 1s - loss: 0.4309
Epoch 14/200
 - 1s - loss: 0.4309
Epoch 15/200
 - 1s - loss: 0.4309
Epoch 16/200
 - 1s - loss: 0.4309
Epoch 17/200
 - 1s - loss: 0.4309
Epoch 18/200
 - 1s - loss: 0.4308
Model saved ...  ../../exp_ElectricityLoad/saved_models/ear/ear_MT_002_weights
__________________________________________________________________________________________________
Layer (type)                    Output Shape         Param #     Connected to                     
==================================================================================================
input_3 (InputLayer)            (None, 96)           0                                            
__________________________________________________________________________________________________
ar-weights (Dense)              (None, 1)            97          input_3[0][0]                    
__________________________________________________________________________________________________
lambda_3 (Lambda)               (None, 1)            0           input_3[0][0]                    
__________________________________________________________________________________________________
concatenate_3 (Concatenate)     (None, 2)            0           ar-weights[0][0]                 
                                                                 lambda_3[0][0]                   
__________________________________________________________________________________________________
contrib-weights (Dense)         (None, 1)            2           concatenate_3[0][0]              
==================================================================================================
Total params: 99
Trainable params: 99
Non-trainable params: 0
__________________________________________________________________________________________________
None
(34944, 96)
(34944,)
Epoch 1/200
 - 1s - loss: 0.2922
Epoch 2/200
 - 1s - loss: 0.2291
Epoch 3/200
 - 1s - loss: 0.2291
Epoch 4/200
 - 1s - loss: 0.2291
Epoch 5/200
 - 1s - loss: 0.2291
Epoch 6/200
 - 1s - loss: 0.2291
Epoch 7/200
 - 1s - loss: 0.2291
Epoch 8/200
 - 1s - loss: 0.2291
Epoch 9/200
 - 1s - loss: 0.2291
Epoch 10/200
 - 1s - loss: 0.2291
Epoch 11/200
 - 1s - loss: 0.2291
Epoch 12/200
 - 1s - loss: 0.2291
Epoch 13/200
 - 1s - loss: 0.2291
Epoch 14/200
 - 1s - loss: 0.2291
Epoch 15/200
 - 1s - loss: 0.2291
Epoch 16/200
 - 1s - loss: 0.2291
Model saved ...  ../../exp_ElectricityLoad/saved_models/ear/ear_MT_003_weights
__________________________________________________________________________________________________
Layer (type)                    Output Shape         Param #     Connected to                     
==================================================================================================
input_4 (InputLayer)            (None, 96)           0                                            
__________________________________________________________________________________________________
ar-weights (Dense)              (None, 1)            97          input_4[0][0]                    
__________________________________________________________________________________________________
lambda_4 (Lambda)               (None, 1)            0           input_4[0][0]                    
__________________________________________________________________________________________________
concatenate_4 (Concatenate)     (None, 2)            0           ar-weights[0][0]                 
                                                                 lambda_4[0][0]                   
__________________________________________________________________________________________________
contrib-weights (Dense)         (None, 1)            2           concatenate_4[0][0]              
==================================================================================================
Total params: 99
Trainable params: 99
Non-trainable params: 0
__________________________________________________________________________________________________
None
(34944, 96)
(34944,)
Epoch 1/200
 - 1s - loss: 0.3212
Epoch 2/200
 - 1s - loss: 0.3188
Epoch 3/200
 - 1s - loss: 0.3184
Epoch 4/200
 - 1s - loss: 0.3182
Epoch 5/200
 - 1s - loss: 0.3181
Epoch 6/200
 - 1s - loss: 0.3181
Epoch 7/200
 - 1s - loss: 0.3180
Epoch 8/200
 - 1s - loss: 0.3180
Epoch 9/200
 - 1s - loss: 0.3180
Epoch 10/200
 - 1s - loss: 0.3180
Epoch 11/200
 - 1s - loss: 0.3180
Epoch 12/200
 - 1s - loss: 0.3180
Epoch 13/200
 - 1s - loss: 0.3180
Epoch 14/200
 - 1s - loss: 0.3180
Epoch 15/200
 - 1s - loss: 0.3180
Epoch 16/200
 - 1s - loss: 0.3180
Epoch 17/200
 - 1s - loss: 0.3180
Model saved ...  ../../exp_ElectricityLoad/saved_models/ear/ear_MT_004_weights
__________________________________________________________________________________________________
Layer (type)                    Output Shape         Param #     Connected to                     
==================================================================================================
input_5 (InputLayer)            (None, 96)           0                                            
__________________________________________________________________________________________________
ar-weights (Dense)              (None, 1)            97          input_5[0][0]                    
__________________________________________________________________________________________________
lambda_5 (Lambda)               (None, 1)            0           input_5[0][0]                    
__________________________________________________________________________________________________
concatenate_5 (Concatenate)     (None, 2)            0           ar-weights[0][0]                 
                                                                 lambda_5[0][0]                   
__________________________________________________________________________________________________
contrib-weights (Dense)         (None, 1)            2           concatenate_5[0][0]              
==================================================================================================
Total params: 99
Trainable params: 99
Non-trainable params: 0
__________________________________________________________________________________________________
None
(34944, 96)
(34944,)
Epoch 1/200
 - 1s - loss: 0.5519
Epoch 2/200
 - 1s - loss: 0.4841
Epoch 3/200
 - 1s - loss: 0.4811
Epoch 4/200
 - 1s - loss: 0.4804
Epoch 5/200
 - 1s - loss: 0.4803
Epoch 6/200
 - 1s - loss: 0.4802
Epoch 7/200
 - 1s - loss: 0.4802
Epoch 8/200
 - 1s - loss: 0.4803
Epoch 9/200
 - 1s - loss: 0.4803
Epoch 10/200
 - 1s - loss: 0.4803
Epoch 11/200
 - 1s - loss: 0.4801
Epoch 12/200
 - 1s - loss: 0.4802
Epoch 13/200
 - 1s - loss: 0.4803
Epoch 14/200
 - 1s - loss: 0.4802
Epoch 15/200
 - 1s - loss: 0.4802
Epoch 16/200
 - 1s - loss: 0.4802
Epoch 17/200
 - 1s - loss: 0.4801
Epoch 18/200
 - 1s - loss: 0.4803
Epoch 19/200
 - 1s - loss: 0.4802
Model saved ...  ../../exp_ElectricityLoad/saved_models/ear/ear_MT_005_weights
__________________________________________________________________________________________________
Layer (type)                    Output Shape         Param #     Connected to                     
==================================================================================================
input_6 (InputLayer)            (None, 96)           0                                            
__________________________________________________________________________________________________
ar-weights (Dense)              (None, 1)            97          input_6[0][0]                    
__________________________________________________________________________________________________
lambda_6 (Lambda)               (None, 1)            0           input_6[0][0]                    
__________________________________________________________________________________________________
concatenate_6 (Concatenate)     (None, 2)            0           ar-weights[0][0]                 
                                                                 lambda_6[0][0]                   
__________________________________________________________________________________________________
contrib-weights (Dense)         (None, 1)            2           concatenate_6[0][0]              
==================================================================================================
Total params: 99
Trainable params: 99
Non-trainable params: 0
__________________________________________________________________________________________________
None
(34944, 96)
(34944,)
Epoch 1/200
 - 1s - loss: 0.4576
Epoch 2/200
 - 1s - loss: 0.4401
Epoch 3/200
 - 1s - loss: 0.4387
Epoch 4/200
 - 1s - loss: 0.4384
Epoch 5/200
 - 1s - loss: 0.4385
Epoch 6/200
 - 1s - loss: 0.4384
Epoch 7/200
 - 1s - loss: 0.4384
Epoch 8/200
 - 1s - loss: 0.4384
Epoch 9/200
 - 1s - loss: 0.4384
Epoch 10/200
 - 1s - loss: 0.4384
Epoch 11/200
 - 1s - loss: 0.4384
Epoch 12/200
 - 1s - loss: 0.4383
Epoch 13/200
 - 1s - loss: 0.4383
Epoch 14/200
 - 1s - loss: 0.4384
Epoch 15/200
 - 1s - loss: 0.4383
Epoch 16/200
 - 1s - loss: 0.4385
Epoch 17/200
 - 1s - loss: 0.4384
Epoch 18/200
 - 1s - loss: 0.4384
Epoch 19/200
 - 1s - loss: 0.4384
Epoch 20/200
 - 1s - loss: 0.4384
Epoch 21/200
 - 1s - loss: 0.4384
Model saved ...  ../../exp_ElectricityLoad/saved_models/ear/ear_MT_006_weights
__________________________________________________________________________________________________
Layer (type)                    Output Shape         Param #     Connected to                     
==================================================================================================
input_7 (InputLayer)            (None, 96)           0                                            
__________________________________________________________________________________________________
ar-weights (Dense)              (None, 1)            97          input_7[0][0]                    
__________________________________________________________________________________________________
lambda_7 (Lambda)               (None, 1)            0           input_7[0][0]                    
__________________________________________________________________________________________________
concatenate_7 (Concatenate)     (None, 2)            0           ar-weights[0][0]                 
                                                                 lambda_7[0][0]                   
__________________________________________________________________________________________________
contrib-weights (Dense)         (None, 1)            2           concatenate_7[0][0]              
==================================================================================================
Total params: 99
Trainable params: 99
Non-trainable params: 0
__________________________________________________________________________________________________
None
(34944, 96)
(34944,)
Epoch 1/200
 - 1s - loss: 0.3966
Epoch 2/200
 - 1s - loss: 0.3892
Epoch 3/200
 - 1s - loss: 0.3865
Epoch 4/200
 - 1s - loss: 0.3856
Epoch 5/200
 - 1s - loss: 0.3852
Epoch 6/200
 - 1s - loss: 0.3851
Epoch 7/200
 - 1s - loss: 0.3851
Epoch 8/200
 - 1s - loss: 0.3850
Epoch 9/200
 - 1s - loss: 0.3850
Epoch 10/200
 - 1s - loss: 0.3850
Epoch 11/200
 - 1s - loss: 0.3850
Epoch 12/200
 - 1s - loss: 0.3850
Epoch 13/200
 - 1s - loss: 0.3850
Epoch 14/200
 - 1s - loss: 0.3850
Epoch 15/200
 - 1s - loss: 0.3850
Epoch 16/200
 - 1s - loss: 0.3850
Epoch 17/200
 - 1s - loss: 0.3849
Epoch 18/200
 - 1s - loss: 0.3850
Epoch 19/200
 - 1s - loss: 0.3850
Epoch 20/200
 - 1s - loss: 0.3849
Epoch 21/200
 - 1s - loss: 0.3849
Epoch 22/200
 - 1s - loss: 0.3850
Epoch 23/200
 - 1s - loss: 0.3850
Epoch 24/200
 - 1s - loss: 0.3850
Epoch 25/200
 - 1s - loss: 0.3851
Epoch 26/200
 - 1s - loss: 0.3850
Epoch 27/200
 - 1s - loss: 0.3849
Epoch 28/200
 - 1s - loss: 0.3849
Epoch 29/200
 - 1s - loss: 0.3849
Epoch 30/200
 - 1s - loss: 0.3851
Epoch 31/200
 - 1s - loss: 0.3850
Epoch 32/200
 - 1s - loss: 0.3850
Epoch 33/200
 - 1s - loss: 0.3851
Epoch 34/200
 - 1s - loss: 0.3850
Epoch 35/200
 - 1s - loss: 0.3849
Epoch 36/200
 - 1s - loss: 0.3849
Epoch 37/200
 - 1s - loss: 0.3851
Model saved ...  ../../exp_ElectricityLoad/saved_models/ear/ear_MT_007_weights
__________________________________________________________________________________________________
Layer (type)                    Output Shape         Param #     Connected to                     
==================================================================================================
input_8 (InputLayer)            (None, 96)           0                                            
__________________________________________________________________________________________________
ar-weights (Dense)              (None, 1)            97          input_8[0][0]                    
__________________________________________________________________________________________________
lambda_8 (Lambda)               (None, 1)            0           input_8[0][0]                    
__________________________________________________________________________________________________
concatenate_8 (Concatenate)     (None, 2)            0           ar-weights[0][0]                 
                                                                 lambda_8[0][0]                   
__________________________________________________________________________________________________
contrib-weights (Dense)         (None, 1)            2           concatenate_8[0][0]              
==================================================================================================
Total params: 99
Trainable params: 99
Non-trainable params: 0
__________________________________________________________________________________________________
None
(34944, 96)
(34944,)
Epoch 1/200
 - 1s - loss: 0.6004
Epoch 2/200
 - 1s - loss: 0.5887
Epoch 3/200
 - 1s - loss: 0.5873
Epoch 4/200
 - 1s - loss: 0.5872
Epoch 5/200
 - 1s - loss: 0.5871
Epoch 6/200
 - 1s - loss: 0.5872
Epoch 7/200
 - 1s - loss: 0.5871
Epoch 8/200
 - 1s - loss: 0.5871
Epoch 9/200
 - 1s - loss: 0.5872
Epoch 10/200
 - 1s - loss: 0.5871
Epoch 11/200
 - 1s - loss: 0.5872
Epoch 12/200
 - 1s - loss: 0.5872
Epoch 13/200
 - 1s - loss: 0.5871
Model saved ...  ../../exp_ElectricityLoad/saved_models/ear/ear_MT_008_weights
__________________________________________________________________________________________________
Layer (type)                    Output Shape         Param #     Connected to                     
==================================================================================================
input_9 (InputLayer)            (None, 96)           0                                            
__________________________________________________________________________________________________
ar-weights (Dense)              (None, 1)            97          input_9[0][0]                    
__________________________________________________________________________________________________
lambda_9 (Lambda)               (None, 1)            0           input_9[0][0]                    
__________________________________________________________________________________________________
concatenate_9 (Concatenate)     (None, 2)            0           ar-weights[0][0]                 
                                                                 lambda_9[0][0]                   
__________________________________________________________________________________________________
contrib-weights (Dense)         (None, 1)            2           concatenate_9[0][0]              
==================================================================================================
Total params: 99
Trainable params: 99
Non-trainable params: 0
__________________________________________________________________________________________________
None
(34944, 96)
(34944,)
Epoch 1/200
 - 1s - loss: 0.5641
Epoch 2/200
 - 1s - loss: 0.5320
Epoch 3/200
 - 1s - loss: 0.5298
Epoch 4/200
 - 1s - loss: 0.5285
Epoch 5/200
 - 1s - loss: 0.5281
Epoch 6/200
 - 1s - loss: 0.5278
Epoch 7/200
 - 1s - loss: 0.5278
Epoch 8/200
 - 1s - loss: 0.5277
Epoch 9/200
 - 1s - loss: 0.5277
Epoch 10/200
 - 1s - loss: 0.5279
Epoch 11/200
 - 1s - loss: 0.5278
Epoch 12/200
 - 1s - loss: 0.5277
Epoch 13/200
 - 1s - loss: 0.5277
Epoch 14/200
 - 1s - loss: 0.5277
Epoch 15/200
 - 1s - loss: 0.5277
Epoch 16/200
 - 1s - loss: 0.5277
Epoch 17/200
 - 1s - loss: 0.5277
Model saved ...  ../../exp_ElectricityLoad/saved_models/ear/ear_MT_009_weights
__________________________________________________________________________________________________
Layer (type)                    Output Shape         Param #     Connected to                     
==================================================================================================
input_10 (InputLayer)           (None, 96)           0                                            
__________________________________________________________________________________________________
ar-weights (Dense)              (None, 1)            97          input_10[0][0]                   
__________________________________________________________________________________________________
lambda_10 (Lambda)              (None, 1)            0           input_10[0][0]                   
__________________________________________________________________________________________________
concatenate_10 (Concatenate)    (None, 2)            0           ar-weights[0][0]                 
                                                                 lambda_10[0][0]                  
__________________________________________________________________________________________________
contrib-weights (Dense)         (None, 1)            2           concatenate_10[0][0]             
==================================================================================================
Total params: 99
Trainable params: 99
Non-trainable params: 0
__________________________________________________________________________________________________
None
(34944, 96)
(34944,)
Epoch 1/200
 - 1s - loss: 0.6945
Epoch 2/200
 - 1s - loss: 0.5414
Epoch 3/200
 - 1s - loss: 0.5377
Epoch 4/200
 - 1s - loss: 0.5366
Epoch 5/200
 - 1s - loss: 0.5361
Epoch 6/200
 - 1s - loss: 0.5360
Epoch 7/200
 - 1s - loss: 0.5360
Epoch 8/200
 - 1s - loss: 0.5359
Epoch 9/200
 - 1s - loss: 0.5360
Epoch 10/200
 - 1s - loss: 0.5359
Epoch 11/200
 - 1s - loss: 0.5359
Epoch 12/200
 - 1s - loss: 0.5359
Epoch 13/200
 - 1s - loss: 0.5359
Epoch 14/200
 - 1s - loss: 0.5359
Epoch 15/200
 - 1s - loss: 0.5359
Epoch 16/200
 - 1s - loss: 0.5359
Epoch 17/200
 - 1s - loss: 0.5359
Epoch 18/200
 - 1s - loss: 0.5360
Epoch 19/200
 - 1s - loss: 0.5359
Epoch 20/200
 - 1s - loss: 0.5359
Epoch 21/200
 - 1s - loss: 0.5359
Model saved ...  ../../exp_ElectricityLoad/saved_models/ear/ear_MT_010_weights
__________________________________________________________________________________________________
Layer (type)                    Output Shape         Param #     Connected to                     
==================================================================================================
input_11 (InputLayer)           (None, 96)           0                                            
__________________________________________________________________________________________________
ar-weights (Dense)              (None, 1)            97          input_11[0][0]                   
__________________________________________________________________________________________________
lambda_11 (Lambda)              (None, 1)            0           input_11[0][0]                   
__________________________________________________________________________________________________
concatenate_11 (Concatenate)    (None, 2)            0           ar-weights[0][0]                 
                                                                 lambda_11[0][0]                  
__________________________________________________________________________________________________
contrib-weights (Dense)         (None, 1)            2           concatenate_11[0][0]             
==================================================================================================
Total params: 99
Trainable params: 99
Non-trainable params: 0
__________________________________________________________________________________________________
None
(34944, 96)
(34944,)
Epoch 1/200
 - 1s - loss: 0.5124
Epoch 2/200
 - 1s - loss: 0.4677
Epoch 3/200
 - 1s - loss: 0.4590
Epoch 4/200
 - 1s - loss: 0.4588
Epoch 5/200
 - 1s - loss: 0.4585
Epoch 6/200
 - 1s - loss: 0.4586
Epoch 7/200
 - 1s - loss: 0.4585
Epoch 8/200
 - 1s - loss: 0.4585
Epoch 9/200
 - 1s - loss: 0.4584
Epoch 10/200
 - 1s - loss: 0.4585
Epoch 11/200
 - 1s - loss: 0.4585
Epoch 12/200
 - 1s - loss: 0.4584
Epoch 13/200
 - 1s - loss: 0.4585
Epoch 14/200
 - 1s - loss: 0.4585
Epoch 15/200
 - 1s - loss: 0.4584
Epoch 16/200
 - 1s - loss: 0.4584
Epoch 17/200
 - 1s - loss: 0.4583
Epoch 18/200
 - 1s - loss: 0.4583
Epoch 19/200
 - 1s - loss: 0.4585
Epoch 20/200
 - 1s - loss: 0.4584
Epoch 21/200
 - 1s - loss: 0.4584
Epoch 22/200
 - 1s - loss: 0.4584
Epoch 23/200
 - 1s - loss: 0.4584
Epoch 24/200
 - 1s - loss: 0.4582
Epoch 25/200
 - 1s - loss: 0.4584
Epoch 26/200
 - 1s - loss: 0.4584
Epoch 27/200
 - 1s - loss: 0.4584
Epoch 28/200
 - 1s - loss: 0.4584
Epoch 29/200
 - 1s - loss: 0.4584
Epoch 30/200
 - 1s - loss: 0.4583
Epoch 31/200
 - 1s - loss: 0.4583
Epoch 32/200
 - 1s - loss: 0.4584
Model saved ...  ../../exp_ElectricityLoad/saved_models/ear/ear_MT_011_weights
__________________________________________________________________________________________________
Layer (type)                    Output Shape         Param #     Connected to                     
==================================================================================================
input_12 (InputLayer)           (None, 96)           0                                            
__________________________________________________________________________________________________
ar-weights (Dense)              (None, 1)            97          input_12[0][0]                   
__________________________________________________________________________________________________
lambda_12 (Lambda)              (None, 1)            0           input_12[0][0]                   
__________________________________________________________________________________________________
concatenate_12 (Concatenate)    (None, 2)            0           ar-weights[0][0]                 
                                                                 lambda_12[0][0]                  
__________________________________________________________________________________________________
contrib-weights (Dense)         (None, 1)            2           concatenate_12[0][0]             
==================================================================================================
Total params: 99
Trainable params: 99
Non-trainable params: 0
__________________________________________________________________________________________________
None
(34944, 96)
(34944,)
Epoch 1/200
 - 1s - loss: 0.2250
Epoch 2/200
 - 1s - loss: 0.1542
Epoch 3/200
 - 1s - loss: 0.1465
Epoch 4/200
 - 1s - loss: 0.1454
Epoch 5/200
 - 1s - loss: 0.1450
Epoch 6/200
 - 1s - loss: 0.1447
Epoch 7/200
 - 1s - loss: 0.1444
Epoch 8/200
 - 1s - loss: 0.1440
Epoch 9/200
 - 1s - loss: 0.1436
Epoch 10/200
 - 1s - loss: 0.1434
Epoch 11/200
 - 1s - loss: 0.1431
Epoch 12/200
 - 1s - loss: 0.1429
Epoch 13/200
 - 1s - loss: 0.1427
Epoch 14/200
 - 1s - loss: 0.1427
Epoch 15/200
 - 1s - loss: 0.1425
Epoch 16/200
 - 1s - loss: 0.1424
Epoch 17/200
 - 1s - loss: 0.1423
Epoch 18/200
 - 1s - loss: 0.1422
Epoch 19/200
 - 1s - loss: 0.1422
Epoch 20/200
 - 1s - loss: 0.1421
Epoch 21/200
 - 1s - loss: 0.1421
Epoch 22/200
 - 1s - loss: 0.1421
Epoch 23/200
 - 1s - loss: 0.1421
Epoch 24/200
 - 1s - loss: 0.1422
Epoch 25/200
 - 1s - loss: 0.1421
Epoch 26/200
 - 1s - loss: 0.1420
Epoch 27/200
 - 1s - loss: 0.1420
Epoch 28/200
 - 1s - loss: 0.1419
Epoch 29/200
 - 1s - loss: 0.1419
Epoch 30/200
 - 1s - loss: 0.1420
Epoch 31/200
 - 1s - loss: 0.1420
Epoch 32/200
 - 1s - loss: 0.1419
Epoch 33/200
 - 1s - loss: 0.1420
Epoch 34/200
 - 1s - loss: 0.1419
Epoch 35/200
 - 1s - loss: 0.1419
Epoch 36/200
 - 1s - loss: 0.1420
Epoch 37/200
 - 1s - loss: 0.1420
Epoch 38/200
 - 1s - loss: 0.1420
Epoch 39/200
 - 1s - loss: 0.1419
Epoch 40/200
 - 1s - loss: 0.1420
Epoch 41/200
 - 1s - loss: 0.1419
Epoch 42/200
 - 1s - loss: 0.1419
Epoch 43/200
 - 1s - loss: 0.1420
Epoch 44/200
 - 1s - loss: 0.1420
Epoch 45/200
 - 1s - loss: 0.1420
Epoch 46/200
 - 1s - loss: 0.1419
Epoch 47/200
 - 1s - loss: 0.1419
Model saved ...  ../../exp_ElectricityLoad/saved_models/ear/ear_MT_012_weights
__________________________________________________________________________________________________
Layer (type)                    Output Shape         Param #     Connected to                     
==================================================================================================
input_13 (InputLayer)           (None, 96)           0                                            
__________________________________________________________________________________________________
ar-weights (Dense)              (None, 1)            97          input_13[0][0]                   
__________________________________________________________________________________________________
lambda_13 (Lambda)              (None, 1)            0           input_13[0][0]                   
__________________________________________________________________________________________________
concatenate_13 (Concatenate)    (None, 2)            0           ar-weights[0][0]                 
                                                                 lambda_13[0][0]                  
__________________________________________________________________________________________________
contrib-weights (Dense)         (None, 1)            2           concatenate_13[0][0]             
==================================================================================================
Total params: 99
Trainable params: 99
Non-trainable params: 0
__________________________________________________________________________________________________
None
(34944, 96)
(34944,)
Epoch 1/200
 - 1s - loss: 0.6287
Epoch 2/200
 - 1s - loss: 0.5344
Epoch 3/200
 - 1s - loss: 0.5292
Epoch 4/200
 - 1s - loss: 0.5267
Epoch 5/200
 - 1s - loss: 0.5261
Epoch 6/200
 - 1s - loss: 0.5259
Epoch 7/200
 - 1s - loss: 0.5259
Epoch 8/200
 - 1s - loss: 0.5260
Epoch 9/200
 - 1s - loss: 0.5260
Epoch 10/200
 - 1s - loss: 0.5260
Epoch 11/200
 - 1s - loss: 0.5258
Epoch 12/200
 - 1s - loss: 0.5260
Epoch 13/200
 - 1s - loss: 0.5260
Epoch 14/200
 - 1s - loss: 0.5260
Epoch 15/200
 - 1s - loss: 0.5259
Epoch 16/200
 - 1s - loss: 0.5259
Epoch 17/200
 - 1s - loss: 0.5259
Epoch 18/200
 - 1s - loss: 0.5259
Epoch 19/200
 - 1s - loss: 0.5259
Model saved ...  ../../exp_ElectricityLoad/saved_models/ear/ear_MT_013_weights
__________________________________________________________________________________________________
Layer (type)                    Output Shape         Param #     Connected to                     
==================================================================================================
input_14 (InputLayer)           (None, 96)           0                                            
__________________________________________________________________________________________________
ar-weights (Dense)              (None, 1)            97          input_14[0][0]                   
__________________________________________________________________________________________________
lambda_14 (Lambda)              (None, 1)            0           input_14[0][0]                   
__________________________________________________________________________________________________
concatenate_14 (Concatenate)    (None, 2)            0           ar-weights[0][0]                 
                                                                 lambda_14[0][0]                  
__________________________________________________________________________________________________
contrib-weights (Dense)         (None, 1)            2           concatenate_14[0][0]             
==================================================================================================
Total params: 99
Trainable params: 99
Non-trainable params: 0
__________________________________________________________________________________________________
None
(34944, 96)
(34944,)
Epoch 1/200
 - 1s - loss: 0.3479
Epoch 2/200
 - 1s - loss: 0.2621
Epoch 3/200
 - 1s - loss: 0.2606
Epoch 4/200
 - 1s - loss: 0.2602
Epoch 5/200
 - 1s - loss: 0.2599
Epoch 6/200
 - 1s - loss: 0.2596
Epoch 7/200
 - 1s - loss: 0.2594
Epoch 8/200
 - 1s - loss: 0.2592
Epoch 9/200
 - 1s - loss: 0.2590
Epoch 10/200
 - 1s - loss: 0.2590
Epoch 11/200
 - 1s - loss: 0.2589
Epoch 12/200
 - 1s - loss: 0.2589
Epoch 13/200
 - 1s - loss: 0.2588
Epoch 14/200
 - 1s - loss: 0.2589
Epoch 15/200
 - 1s - loss: 0.2589
Epoch 16/200
 - 1s - loss: 0.2588
Epoch 17/200
 - 1s - loss: 0.2589
Epoch 18/200
 - 1s - loss: 0.2588
Epoch 19/200
 - 1s - loss: 0.2589
Epoch 20/200
 - 1s - loss: 0.2588
Epoch 21/200
 - 1s - loss: 0.2588
Model saved ...  ../../exp_ElectricityLoad/saved_models/ear/ear_MT_014_weights
__________________________________________________________________________________________________
Layer (type)                    Output Shape         Param #     Connected to                     
==================================================================================================
input_15 (InputLayer)           (None, 96)           0                                            
__________________________________________________________________________________________________
ar-weights (Dense)              (None, 1)            97          input_15[0][0]                   
__________________________________________________________________________________________________
lambda_15 (Lambda)              (None, 1)            0           input_15[0][0]                   
__________________________________________________________________________________________________
concatenate_15 (Concatenate)    (None, 2)            0           ar-weights[0][0]                 
                                                                 lambda_15[0][0]                  
__________________________________________________________________________________________________
contrib-weights (Dense)         (None, 1)            2           concatenate_15[0][0]             
==================================================================================================
Total params: 99
Trainable params: 99
Non-trainable params: 0
__________________________________________________________________________________________________
None
(34944, 96)
(34944,)
Epoch 1/200
 - 1s - loss: 0.1857
Epoch 2/200
 - 1s - loss: 0.1557
Epoch 3/200
 - 1s - loss: 0.1390
Epoch 4/200
 - 1s - loss: 0.1282
Epoch 5/200
 - 1s - loss: 0.1219
Epoch 6/200
 - 1s - loss: 0.1171
Epoch 7/200
 - 1s - loss: 0.1147
Epoch 8/200
 - 1s - loss: 0.1126
Epoch 9/200
 - 1s - loss: 0.1110
Epoch 10/200
 - 1s - loss: 0.1101
Epoch 11/200
 - 1s - loss: 0.1094
Epoch 12/200
 - 1s - loss: 0.1085
Epoch 13/200
 - 1s - loss: 0.1080
Epoch 14/200
 - 1s - loss: 0.1079
Epoch 15/200
 - 1s - loss: 0.1074
Epoch 16/200
 - 1s - loss: 0.1069
Epoch 17/200
 - 1s - loss: 0.1068
Epoch 18/200
 - 1s - loss: 0.1064
Epoch 19/200
 - 1s - loss: 0.1064
Epoch 20/200
 - 1s - loss: 0.1062
Epoch 21/200
 - 1s - loss: 0.1063
Epoch 22/200
 - 1s - loss: 0.1063
Epoch 23/200
 - 1s - loss: 0.1060
Epoch 24/200
 - 1s - loss: 0.1060
Epoch 25/200
 - 1s - loss: 0.1059
Epoch 26/200
 - 1s - loss: 0.1061
Epoch 27/200
 - 1s - loss: 0.1059
Epoch 28/200
 - 1s - loss: 0.1058
Epoch 29/200
 - 1s - loss: 0.1059
Epoch 30/200
 - 1s - loss: 0.1057
Epoch 31/200
 - 1s - loss: 0.1060
Epoch 32/200
 - 1s - loss: 0.1057
Epoch 33/200
 - 1s - loss: 0.1060
Epoch 34/200
 - 1s - loss: 0.1054
Epoch 35/200
 - 1s - loss: 0.1055
Epoch 36/200
 - 1s - loss: 0.1055
Epoch 37/200
 - 1s - loss: 0.1055
Epoch 38/200
 - 1s - loss: 0.1054
Epoch 39/200
 - 1s - loss: 0.1057
Epoch 40/200
 - 1s - loss: 0.1058
Epoch 41/200
 - 1s - loss: 0.1054
Epoch 42/200
 - 1s - loss: 0.1055
Epoch 43/200
 - 1s - loss: 0.1056
Epoch 44/200
 - 1s - loss: 0.1055
Epoch 45/200
 - 1s - loss: 0.1056
Epoch 46/200
 - 1s - loss: 0.1055
Model saved ...  ../../exp_ElectricityLoad/saved_models/ear/ear_MT_015_weights
__________________________________________________________________________________________________
Layer (type)                    Output Shape         Param #     Connected to                     
==================================================================================================
input_16 (InputLayer)           (None, 96)           0                                            
__________________________________________________________________________________________________
ar-weights (Dense)              (None, 1)            97          input_16[0][0]                   
__________________________________________________________________________________________________
lambda_16 (Lambda)              (None, 1)            0           input_16[0][0]                   
__________________________________________________________________________________________________
concatenate_16 (Concatenate)    (None, 2)            0           ar-weights[0][0]                 
                                                                 lambda_16[0][0]                  
__________________________________________________________________________________________________
contrib-weights (Dense)         (None, 1)            2           concatenate_16[0][0]             
==================================================================================================
Total params: 99
Trainable params: 99
Non-trainable params: 0
__________________________________________________________________________________________________
None
(34944, 96)
(34944,)
Epoch 1/200
 - 1s - loss: 0.5160
Epoch 2/200
 - 1s - loss: 0.4579
Epoch 3/200
 - 1s - loss: 0.4514
Epoch 4/200
 - 1s - loss: 0.4504
Epoch 5/200
 - 1s - loss: 0.4505
Epoch 6/200
 - 1s - loss: 0.4503
Epoch 7/200
 - 1s - loss: 0.4504
Epoch 8/200
 - 1s - loss: 0.4504
Epoch 9/200
 - 1s - loss: 0.4503
Epoch 10/200
 - 1s - loss: 0.4504
Epoch 11/200
 - 1s - loss: 0.4503
Epoch 12/200
 - 1s - loss: 0.4504
Epoch 13/200
 - 1s - loss: 0.4505
Epoch 14/200
 - 1s - loss: 0.4503
Model saved ...  ../../exp_ElectricityLoad/saved_models/ear/ear_MT_016_weights
__________________________________________________________________________________________________
Layer (type)                    Output Shape         Param #     Connected to                     
==================================================================================================
input_17 (InputLayer)           (None, 96)           0                                            
__________________________________________________________________________________________________
ar-weights (Dense)              (None, 1)            97          input_17[0][0]                   
__________________________________________________________________________________________________
lambda_17 (Lambda)              (None, 1)            0           input_17[0][0]                   
__________________________________________________________________________________________________
concatenate_17 (Concatenate)    (None, 2)            0           ar-weights[0][0]                 
                                                                 lambda_17[0][0]                  
__________________________________________________________________________________________________
contrib-weights (Dense)         (None, 1)            2           concatenate_17[0][0]             
==================================================================================================
Total params: 99
Trainable params: 99
Non-trainable params: 0
__________________________________________________________________________________________________
None
(34944, 96)
(34944,)
Epoch 1/200
 - 1s - loss: 0.4817
Epoch 2/200
 - 1s - loss: 0.4305
Epoch 3/200
 - 1s - loss: 0.4262
Epoch 4/200
 - 1s - loss: 0.4256
Epoch 5/200
 - 1s - loss: 0.4255
Epoch 6/200
 - 1s - loss: 0.4253
Epoch 7/200
 - 1s - loss: 0.4254
Epoch 8/200
 - 1s - loss: 0.4255
Epoch 9/200
 - 1s - loss: 0.4255
Epoch 10/200
 - 1s - loss: 0.4253
Epoch 11/200
 - 1s - loss: 0.4254
Epoch 12/200
 - 1s - loss: 0.4256
Epoch 13/200
 - 1s - loss: 0.4253
Epoch 14/200
 - 1s - loss: 0.4255
Epoch 15/200
 - 1s - loss: 0.4255
Epoch 16/200
 - 1s - loss: 0.4254
Epoch 17/200
 - 1s - loss: 0.4253
Epoch 18/200
 - 1s - loss: 0.4255
Model saved ...  ../../exp_ElectricityLoad/saved_models/ear/ear_MT_017_weights
__________________________________________________________________________________________________
Layer (type)                    Output Shape         Param #     Connected to                     
==================================================================================================
input_18 (InputLayer)           (None, 96)           0                                            
__________________________________________________________________________________________________
ar-weights (Dense)              (None, 1)            97          input_18[0][0]                   
__________________________________________________________________________________________________
lambda_18 (Lambda)              (None, 1)            0           input_18[0][0]                   
__________________________________________________________________________________________________
concatenate_18 (Concatenate)    (None, 2)            0           ar-weights[0][0]                 
                                                                 lambda_18[0][0]                  
__________________________________________________________________________________________________
contrib-weights (Dense)         (None, 1)            2           concatenate_18[0][0]             
==================================================================================================
Total params: 99
Trainable params: 99
Non-trainable params: 0
__________________________________________________________________________________________________
None
(34944, 96)
(34944,)
Epoch 1/200
 - 1s - loss: 0.5381
Epoch 2/200
 - 1s - loss: 0.4760
Epoch 3/200
 - 1s - loss: 0.4733
Epoch 4/200
 - 1s - loss: 0.4729
Epoch 5/200
 - 1s - loss: 0.4729
Epoch 6/200
 - 1s - loss: 0.4728
Epoch 7/200
 - 1s - loss: 0.4728
Epoch 8/200
 - 1s - loss: 0.4728
Epoch 9/200
 - 1s - loss: 0.4728
Epoch 10/200
 - 1s - loss: 0.4728
Epoch 11/200
 - 1s - loss: 0.4728
Epoch 12/200
 - 1s - loss: 0.4728
Epoch 13/200
 - 1s - loss: 0.4728
Epoch 14/200
 - 1s - loss: 0.4727
Epoch 15/200
 - 1s - loss: 0.4728
Epoch 16/200
 - 1s - loss: 0.4728
Epoch 17/200
 - 1s - loss: 0.4728
Epoch 18/200
 - 1s - loss: 0.4727
Epoch 19/200
 - 1s - loss: 0.4728
Epoch 20/200
 - 1s - loss: 0.4728
Epoch 21/200
 - 1s - loss: 0.4728
Epoch 22/200
 - 1s - loss: 0.4727
Epoch 23/200
 - 1s - loss: 0.4727
Epoch 24/200
 - 1s - loss: 0.4729
Epoch 25/200
 - 1s - loss: 0.4728
Epoch 26/200
 - 1s - loss: 0.4728
Epoch 27/200
 - 1s - loss: 0.4727
Epoch 28/200
 - 1s - loss: 0.4728
Epoch 29/200
 - 1s - loss: 0.4728
Epoch 30/200
 - 1s - loss: 0.4728
Epoch 31/200
 - 1s - loss: 0.4728
Model saved ...  ../../exp_ElectricityLoad/saved_models/ear/ear_MT_018_weights
__________________________________________________________________________________________________
Layer (type)                    Output Shape         Param #     Connected to                     
==================================================================================================
input_19 (InputLayer)           (None, 96)           0                                            
__________________________________________________________________________________________________
ar-weights (Dense)              (None, 1)            97          input_19[0][0]                   
__________________________________________________________________________________________________
lambda_19 (Lambda)              (None, 1)            0           input_19[0][0]                   
__________________________________________________________________________________________________
concatenate_19 (Concatenate)    (None, 2)            0           ar-weights[0][0]                 
                                                                 lambda_19[0][0]                  
__________________________________________________________________________________________________
contrib-weights (Dense)         (None, 1)            2           concatenate_19[0][0]             
==================================================================================================
Total params: 99
Trainable params: 99
Non-trainable params: 0
__________________________________________________________________________________________________
None
(34944, 96)
(34944,)
Epoch 1/200
 - 1s - loss: 0.7114
Epoch 2/200
 - 1s - loss: 0.6099
Epoch 3/200
 - 1s - loss: 0.6060
Epoch 4/200
 - 1s - loss: 0.6049
Epoch 5/200
 - 1s - loss: 0.6047
Epoch 6/200
 - 1s - loss: 0.6047
Epoch 7/200
 - 1s - loss: 0.6047
Epoch 8/200
 - 1s - loss: 0.6047
Epoch 9/200
 - 1s - loss: 0.6046
Epoch 10/200
 - 1s - loss: 0.6047
Epoch 11/200
 - 1s - loss: 0.6046
Epoch 12/200
 - 1s - loss: 0.6046
Epoch 13/200
 - 1s - loss: 0.6046
Epoch 14/200
 - 1s - loss: 0.6047
Epoch 15/200
 - 1s - loss: 0.6046
Epoch 16/200
 - 1s - loss: 0.6047
Epoch 17/200
 - 1s - loss: 0.6047
Model saved ...  ../../exp_ElectricityLoad/saved_models/ear/ear_MT_019_weights
__________________________________________________________________________________________________
Layer (type)                    Output Shape         Param #     Connected to                     
==================================================================================================
input_20 (InputLayer)           (None, 96)           0                                            
__________________________________________________________________________________________________
ar-weights (Dense)              (None, 1)            97          input_20[0][0]                   
__________________________________________________________________________________________________
lambda_20 (Lambda)              (None, 1)            0           input_20[0][0]                   
__________________________________________________________________________________________________
concatenate_20 (Concatenate)    (None, 2)            0           ar-weights[0][0]                 
                                                                 lambda_20[0][0]                  
__________________________________________________________________________________________________
contrib-weights (Dense)         (None, 1)            2           concatenate_20[0][0]             
==================================================================================================
Total params: 99
Trainable params: 99
Non-trainable params: 0
__________________________________________________________________________________________________
None
(34944, 96)
(34944,)
Epoch 1/200
 - 1s - loss: 0.4750
Epoch 2/200
 - 1s - loss: 0.4558
Epoch 3/200
 - 1s - loss: 0.4533
Epoch 4/200
 - 1s - loss: 0.4531
Epoch 5/200
 - 1s - loss: 0.4529
Epoch 6/200
 - 1s - loss: 0.4529
Epoch 7/200
 - 1s - loss: 0.4528
Epoch 8/200
 - 1s - loss: 0.4529
Epoch 9/200
 - 1s - loss: 0.4529
Epoch 10/200
 - 1s - loss: 0.4529
Epoch 11/200
 - 1s - loss: 0.4528
Epoch 12/200
 - 1s - loss: 0.4528
Epoch 13/200
 - 1s - loss: 0.4528
Epoch 14/200
 - 1s - loss: 0.4529
Epoch 15/200
 - 1s - loss: 0.4528
Epoch 16/200
 - 1s - loss: 0.4529
Epoch 17/200
 - 1s - loss: 0.4529
Epoch 18/200
 - 1s - loss: 0.4528
Epoch 19/200
 - 1s - loss: 0.4529
Epoch 20/200
 - 1s - loss: 0.4529
Model saved ...  ../../exp_ElectricityLoad/saved_models/ear/ear_MT_020_weights
__________________________________________________________________________________________________
Layer (type)                    Output Shape         Param #     Connected to                     
==================================================================================================
input_21 (InputLayer)           (None, 96)           0                                            
__________________________________________________________________________________________________
ar-weights (Dense)              (None, 1)            97          input_21[0][0]                   
__________________________________________________________________________________________________
lambda_21 (Lambda)              (None, 1)            0           input_21[0][0]                   
__________________________________________________________________________________________________
concatenate_21 (Concatenate)    (None, 2)            0           ar-weights[0][0]                 
                                                                 lambda_21[0][0]                  
__________________________________________________________________________________________________
contrib-weights (Dense)         (None, 1)            2           concatenate_21[0][0]             
==================================================================================================
Total params: 99
Trainable params: 99
Non-trainable params: 0
__________________________________________________________________________________________________
None
(34944, 96)
(34944,)
Epoch 1/200
 - 1s - loss: 0.3141
Epoch 2/200
 - 1s - loss: 0.2789
Epoch 3/200
 - 1s - loss: 0.2783
Epoch 4/200
 - 1s - loss: 0.2779
Epoch 5/200
 - 1s - loss: 0.2776
Epoch 6/200
 - 1s - loss: 0.2775
Epoch 7/200
 - 1s - loss: 0.2774
Epoch 8/200
 - 1s - loss: 0.2774
Epoch 9/200
 - 1s - loss: 0.2773
Epoch 10/200
 - 1s - loss: 0.2774
Epoch 11/200
 - 1s - loss: 0.2773
Epoch 12/200
 - 1s - loss: 0.2773
Epoch 13/200
 - 1s - loss: 0.2774
Epoch 14/200
 - 1s - loss: 0.2773
Epoch 15/200
 - 1s - loss: 0.2773
Epoch 16/200
 - 1s - loss: 0.2774
Epoch 17/200
 - 1s - loss: 0.2773
Epoch 18/200
 - 1s - loss: 0.2773
Epoch 19/200
 - 1s - loss: 0.2774
Epoch 20/200
 - 1s - loss: 0.2773
Epoch 21/200
 - 1s - loss: 0.2773
Epoch 22/200
 - 1s - loss: 0.2773
Epoch 23/200
 - 1s - loss: 0.2773
Epoch 24/200
 - 1s - loss: 0.2773
Epoch 25/200
 - 1s - loss: 0.2773
Model saved ...  ../../exp_ElectricityLoad/saved_models/ear/ear_MT_021_weights
__________________________________________________________________________________________________
Layer (type)                    Output Shape         Param #     Connected to                     
==================================================================================================
input_22 (InputLayer)           (None, 96)           0                                            
__________________________________________________________________________________________________
ar-weights (Dense)              (None, 1)            97          input_22[0][0]                   
__________________________________________________________________________________________________
lambda_22 (Lambda)              (None, 1)            0           input_22[0][0]                   
__________________________________________________________________________________________________
concatenate_22 (Concatenate)    (None, 2)            0           ar-weights[0][0]                 
                                                                 lambda_22[0][0]                  
__________________________________________________________________________________________________
contrib-weights (Dense)         (None, 1)            2           concatenate_22[0][0]             
==================================================================================================
Total params: 99
Trainable params: 99
Non-trainable params: 0
__________________________________________________________________________________________________
None
(34944, 96)
(34944,)
Epoch 1/200
 - 1s - loss: 0.5037
Epoch 2/200
 - 1s - loss: 0.4741
Epoch 3/200
 - 1s - loss: 0.4698
Epoch 4/200
 - 1s - loss: 0.4689
Epoch 5/200
 - 1s - loss: 0.4686
Epoch 6/200
 - 1s - loss: 0.4686
Epoch 7/200
 - 1s - loss: 0.4686
Epoch 8/200
 - 1s - loss: 0.4686
Epoch 9/200
 - 1s - loss: 0.4686
Epoch 10/200
 - 1s - loss: 0.4686
Epoch 11/200
 - 1s - loss: 0.4685
Epoch 12/200
 - 1s - loss: 0.4686
Epoch 13/200
 - 1s - loss: 0.4686
Epoch 14/200
 - 1s - loss: 0.4686
Epoch 15/200
 - 1s - loss: 0.4685
Epoch 16/200
 - 1s - loss: 0.4686
Epoch 17/200
 - 1s - loss: 0.4685
Epoch 18/200
 - 1s - loss: 0.4686
Epoch 19/200
 - 1s - loss: 0.4686
Epoch 20/200
 - 1s - loss: 0.4685
Epoch 21/200
 - 1s - loss: 0.4686
Epoch 22/200
 - 1s - loss: 0.4686
Epoch 23/200
 - 1s - loss: 0.4686
Epoch 24/200
 - 1s - loss: 0.4686
Epoch 25/200
 - 1s - loss: 0.4685
Epoch 26/200
 - 1s - loss: 0.4686
Epoch 27/200
 - 1s - loss: 0.4686
Epoch 28/200
 - 1s - loss: 0.4686
Epoch 29/200
 - 1s - loss: 0.4686
Epoch 30/200
 - 1s - loss: 0.4686
Epoch 31/200
 - 1s - loss: 0.4686
Epoch 32/200
 - 1s - loss: 0.4686
Epoch 33/200
 - 1s - loss: 0.4686
Model saved ...  ../../exp_ElectricityLoad/saved_models/ear/ear_MT_022_weights
__________________________________________________________________________________________________
Layer (type)                    Output Shape         Param #     Connected to                     
==================================================================================================
input_23 (InputLayer)           (None, 96)           0                                            
__________________________________________________________________________________________________
ar-weights (Dense)              (None, 1)            97          input_23[0][0]                   
__________________________________________________________________________________________________
lambda_23 (Lambda)              (None, 1)            0           input_23[0][0]                   
__________________________________________________________________________________________________
concatenate_23 (Concatenate)    (None, 2)            0           ar-weights[0][0]                 
                                                                 lambda_23[0][0]                  
__________________________________________________________________________________________________
contrib-weights (Dense)         (None, 1)            2           concatenate_23[0][0]             
==================================================================================================
Total params: 99
Trainable params: 99
Non-trainable params: 0
__________________________________________________________________________________________________
None
(34944, 96)
(34944,)
Epoch 1/200
 - 1s - loss: 0.6277
Epoch 2/200
 - 1s - loss: 0.5892
Epoch 3/200
 - 1s - loss: 0.5857
Epoch 4/200
 - 1s - loss: 0.5845
Epoch 5/200
 - 1s - loss: 0.5843
Epoch 6/200
 - 1s - loss: 0.5842
Epoch 7/200
 - 1s - loss: 0.5841
Epoch 8/200
 - 1s - loss: 0.5841
Epoch 9/200
 - 1s - loss: 0.5840
Epoch 10/200
 - 1s - loss: 0.5841
Epoch 11/200
 - 1s - loss: 0.5841
Epoch 12/200
 - 1s - loss: 0.5840
Epoch 13/200
 - 1s - loss: 0.5841
Epoch 14/200
 - 1s - loss: 0.5841
Epoch 15/200
 - 1s - loss: 0.5842
Epoch 16/200
 - 1s - loss: 0.5841
Epoch 17/200
 - 1s - loss: 0.5841
Epoch 18/200
 - 1s - loss: 0.5841
Epoch 19/200
 - 1s - loss: 0.5841
Epoch 20/200
 - 1s - loss: 0.5841
Model saved ...  ../../exp_ElectricityLoad/saved_models/ear/ear_MT_023_weights
__________________________________________________________________________________________________
Layer (type)                    Output Shape         Param #     Connected to                     
==================================================================================================
input_24 (InputLayer)           (None, 96)           0                                            
__________________________________________________________________________________________________
ar-weights (Dense)              (None, 1)            97          input_24[0][0]                   
__________________________________________________________________________________________________
lambda_24 (Lambda)              (None, 1)            0           input_24[0][0]                   
__________________________________________________________________________________________________
concatenate_24 (Concatenate)    (None, 2)            0           ar-weights[0][0]                 
                                                                 lambda_24[0][0]                  
__________________________________________________________________________________________________
contrib-weights (Dense)         (None, 1)            2           concatenate_24[0][0]             
==================================================================================================
Total params: 99
Trainable params: 99
Non-trainable params: 0
__________________________________________________________________________________________________
None
(34944, 96)
(34944,)
Epoch 1/200
 - 1s - loss: 0.5948
Epoch 2/200
 - 1s - loss: 0.4740
Epoch 3/200
 - 1s - loss: 0.4670
Epoch 4/200
 - 1s - loss: 0.4654
Epoch 5/200
 - 1s - loss: 0.4651
Epoch 6/200
 - 1s - loss: 0.4651
Epoch 7/200
 - 1s - loss: 0.4650
Epoch 8/200
 - 1s - loss: 0.4651
Epoch 9/200
 - 1s - loss: 0.4651
Epoch 10/200
 - 1s - loss: 0.4649
Epoch 11/200
 - 1s - loss: 0.4650
Epoch 12/200
 - 1s - loss: 0.4649
Epoch 13/200
 - 1s - loss: 0.4650
Epoch 14/200
 - 1s - loss: 0.4650
Epoch 15/200
 - 1s - loss: 0.4650
Epoch 16/200
 - 1s - loss: 0.4649
Epoch 17/200
 - 1s - loss: 0.4651
Epoch 18/200
 - 1s - loss: 0.4649
Model saved ...  ../../exp_ElectricityLoad/saved_models/ear/ear_MT_024_weights
__________________________________________________________________________________________________
Layer (type)                    Output Shape         Param #     Connected to                     
==================================================================================================
input_25 (InputLayer)           (None, 96)           0                                            
__________________________________________________________________________________________________
ar-weights (Dense)              (None, 1)            97          input_25[0][0]                   
__________________________________________________________________________________________________
lambda_25 (Lambda)              (None, 1)            0           input_25[0][0]                   
__________________________________________________________________________________________________
concatenate_25 (Concatenate)    (None, 2)            0           ar-weights[0][0]                 
                                                                 lambda_25[0][0]                  
__________________________________________________________________________________________________
contrib-weights (Dense)         (None, 1)            2           concatenate_25[0][0]             
==================================================================================================
Total params: 99
Trainable params: 99
Non-trainable params: 0
__________________________________________________________________________________________________
None
(34944, 96)
(34944,)
Epoch 1/200
 - 1s - loss: 0.3294
Epoch 2/200
 - 1s - loss: 0.3034
Epoch 3/200
 - 1s - loss: 0.3024
Epoch 4/200
 - 1s - loss: 0.3022
Epoch 5/200
 - 1s - loss: 0.3022
Epoch 6/200
 - 1s - loss: 0.3021
Epoch 7/200
 - 1s - loss: 0.3022
Epoch 8/200
 - 1s - loss: 0.3022
Epoch 9/200
 - 1s - loss: 0.3022
Epoch 10/200
 - 1s - loss: 0.3022
Epoch 11/200
 - 1s - loss: 0.3021
Epoch 12/200
 - 1s - loss: 0.3022
Epoch 13/200
 - 1s - loss: 0.3022
Epoch 14/200
 - 1s - loss: 0.3022
Epoch 15/200
 - 1s - loss: 0.3021
Epoch 16/200
 - 1s - loss: 0.3021
Epoch 17/200
 - 1s - loss: 0.3021
Epoch 18/200
 - 1s - loss: 0.3022
Epoch 19/200
 - 1s - loss: 0.3022
Epoch 20/200
 - 1s - loss: 0.3021
Epoch 21/200
 - 1s - loss: 0.3021
Epoch 22/200
 - 1s - loss: 0.3022
Epoch 23/200
 - 1s - loss: 0.3021
Epoch 24/200
 - 1s - loss: 0.3022
Epoch 25/200
 - 1s - loss: 0.3021
Model saved ...  ../../exp_ElectricityLoad/saved_models/ear/ear_MT_025_weights
__________________________________________________________________________________________________
Layer (type)                    Output Shape         Param #     Connected to                     
==================================================================================================
input_26 (InputLayer)           (None, 96)           0                                            
__________________________________________________________________________________________________
ar-weights (Dense)              (None, 1)            97          input_26[0][0]                   
__________________________________________________________________________________________________
lambda_26 (Lambda)              (None, 1)            0           input_26[0][0]                   
__________________________________________________________________________________________________
concatenate_26 (Concatenate)    (None, 2)            0           ar-weights[0][0]                 
                                                                 lambda_26[0][0]                  
__________________________________________________________________________________________________
contrib-weights (Dense)         (None, 1)            2           concatenate_26[0][0]             
==================================================================================================
Total params: 99
Trainable params: 99
Non-trainable params: 0
__________________________________________________________________________________________________
None
(34944, 96)
(34944,)
Epoch 1/200
 - 1s - loss: 0.4235
Epoch 2/200
 - 1s - loss: 0.4106
Epoch 3/200
 - 1s - loss: 0.4089
Epoch 4/200
 - 1s - loss: 0.4086
Epoch 5/200
 - 1s - loss: 0.4085
Epoch 6/200
 - 1s - loss: 0.4084
Epoch 7/200
 - 1s - loss: 0.4084
Epoch 8/200
 - 1s - loss: 0.4085
Epoch 9/200
 - 1s - loss: 0.4083
Epoch 10/200
 - 1s - loss: 0.4083
Epoch 11/200
 - 1s - loss: 0.4084
Epoch 12/200
 - 1s - loss: 0.4085
Epoch 13/200
 - 1s - loss: 0.4085
Epoch 14/200
 - 1s - loss: 0.4084
Epoch 15/200
 - 1s - loss: 0.4085
Epoch 16/200
 - 1s - loss: 0.4084
Epoch 17/200
 - 1s - loss: 0.4084
Epoch 18/200
 - 1s - loss: 0.4083
Model saved ...  ../../exp_ElectricityLoad/saved_models/ear/ear_MT_026_weights
__________________________________________________________________________________________________
Layer (type)                    Output Shape         Param #     Connected to                     
==================================================================================================
input_27 (InputLayer)           (None, 96)           0                                            
__________________________________________________________________________________________________
ar-weights (Dense)              (None, 1)            97          input_27[0][0]                   
__________________________________________________________________________________________________
lambda_27 (Lambda)              (None, 1)            0           input_27[0][0]                   
__________________________________________________________________________________________________
concatenate_27 (Concatenate)    (None, 2)            0           ar-weights[0][0]                 
                                                                 lambda_27[0][0]                  
__________________________________________________________________________________________________
contrib-weights (Dense)         (None, 1)            2           concatenate_27[0][0]             
==================================================================================================
Total params: 99
Trainable params: 99
Non-trainable params: 0
__________________________________________________________________________________________________
None
(34944, 96)
(34944,)
Epoch 1/200
 - 1s - loss: 0.5043
Epoch 2/200
 - 1s - loss: 0.4594
Epoch 3/200
 - 1s - loss: 0.4556
Epoch 4/200
 - 1s - loss: 0.4553
Epoch 5/200
 - 1s - loss: 0.4551
Epoch 6/200
 - 1s - loss: 0.4553
Epoch 7/200
 - 1s - loss: 0.4551
Epoch 8/200
 - 1s - loss: 0.4552
Epoch 9/200
 - 1s - loss: 0.4551
Epoch 10/200
 - 1s - loss: 0.4552
Epoch 11/200
 - 1s - loss: 0.4552
Epoch 12/200
 - 1s - loss: 0.4551
Epoch 13/200
 - 1s - loss: 0.4550
Epoch 14/200
 - 1s - loss: 0.4551
Epoch 15/200
 - 1s - loss: 0.4550
Epoch 16/200
 - 1s - loss: 0.4551
Epoch 17/200
 - 1s - loss: 0.4548
Epoch 18/200
 - 1s - loss: 0.4551
Epoch 19/200
 - 1s - loss: 0.4552
Epoch 20/200
 - 1s - loss: 0.4549
Epoch 21/200
 - 1s - loss: 0.4550
Epoch 22/200
 - 1s - loss: 0.4550
Epoch 23/200
 - 1s - loss: 0.4550
Epoch 24/200
 - 1s - loss: 0.4551
Epoch 25/200
 - 1s - loss: 0.4550
Model saved ...  ../../exp_ElectricityLoad/saved_models/ear/ear_MT_027_weights
__________________________________________________________________________________________________
Layer (type)                    Output Shape         Param #     Connected to                     
==================================================================================================
input_28 (InputLayer)           (None, 96)           0                                            
__________________________________________________________________________________________________
ar-weights (Dense)              (None, 1)            97          input_28[0][0]                   
__________________________________________________________________________________________________
lambda_28 (Lambda)              (None, 1)            0           input_28[0][0]                   
__________________________________________________________________________________________________
concatenate_28 (Concatenate)    (None, 2)            0           ar-weights[0][0]                 
                                                                 lambda_28[0][0]                  
__________________________________________________________________________________________________
contrib-weights (Dense)         (None, 1)            2           concatenate_28[0][0]             
==================================================================================================
Total params: 99
Trainable params: 99
Non-trainable params: 0
__________________________________________________________________________________________________
None
(34944, 96)
(34944,)
Epoch 1/200
 - 1s - loss: 0.6266
Epoch 2/200
 - 1s - loss: 0.4801
Epoch 3/200
 - 1s - loss: 0.4706
Epoch 4/200
 - 1s - loss: 0.4698
Epoch 5/200
 - 1s - loss: 0.4697
Epoch 6/200
 - 1s - loss: 0.4698
Epoch 7/200
 - 1s - loss: 0.4697
Epoch 8/200
 - 1s - loss: 0.4697
Epoch 9/200
 - 1s - loss: 0.4698
Epoch 10/200
 - 1s - loss: 0.4697
Epoch 11/200
 - 1s - loss: 0.4697
Epoch 12/200
 - 1s - loss: 0.4697
Epoch 13/200
 - 1s - loss: 0.4697
Epoch 14/200
 - 1s - loss: 0.4697
Epoch 15/200
 - 1s - loss: 0.4696
Epoch 16/200
 - 1s - loss: 0.4697
Epoch 17/200
 - 1s - loss: 0.4697
Epoch 18/200
 - 1s - loss: 0.4696
Epoch 19/200
 - 1s - loss: 0.4696
Epoch 20/200
 - 1s - loss: 0.4696
Epoch 21/200
 - 1s - loss: 0.4696
Epoch 22/200
 - 1s - loss: 0.4696
Epoch 23/200
 - 1s - loss: 0.4697
Epoch 24/200
 - 1s - loss: 0.4696
Epoch 25/200
 - 1s - loss: 0.4697
Epoch 26/200
 - 1s - loss: 0.4696
Epoch 27/200
 - 1s - loss: 0.4696
Model saved ...  ../../exp_ElectricityLoad/saved_models/ear/ear_MT_028_weights
__________________________________________________________________________________________________
Layer (type)                    Output Shape         Param #     Connected to                     
==================================================================================================
input_29 (InputLayer)           (None, 96)           0                                            
__________________________________________________________________________________________________
ar-weights (Dense)              (None, 1)            97          input_29[0][0]                   
__________________________________________________________________________________________________
lambda_29 (Lambda)              (None, 1)            0           input_29[0][0]                   
__________________________________________________________________________________________________
concatenate_29 (Concatenate)    (None, 2)            0           ar-weights[0][0]                 
                                                                 lambda_29[0][0]                  
__________________________________________________________________________________________________
contrib-weights (Dense)         (None, 1)            2           concatenate_29[0][0]             
==================================================================================================
Total params: 99
Trainable params: 99
Non-trainable params: 0
__________________________________________________________________________________________________
None
(34944, 96)
(34944,)
Epoch 1/200
 - 1s - loss: 0.3821
Epoch 2/200
 - 1s - loss: 0.3637
Epoch 3/200
 - 1s - loss: 0.3630
Epoch 4/200
 - 1s - loss: 0.3624
Epoch 5/200
 - 1s - loss: 0.3619
Epoch 6/200
 - 1s - loss: 0.3616
Epoch 7/200
 - 1s - loss: 0.3615
Epoch 8/200
 - 1s - loss: 0.3615
Epoch 9/200
 - 1s - loss: 0.3615
Epoch 10/200
 - 1s - loss: 0.3615
Epoch 11/200
 - 1s - loss: 0.3615
Epoch 12/200
 - 1s - loss: 0.3615
Epoch 13/200
 - 1s - loss: 0.3615
Epoch 14/200
 - 1s - loss: 0.3615
Epoch 15/200
 - 1s - loss: 0.3615
Epoch 16/200
 - 1s - loss: 0.3615
Epoch 17/200
 - 1s - loss: 0.3615
Epoch 18/200
 - 1s - loss: 0.3615
Model saved ...  ../../exp_ElectricityLoad/saved_models/ear/ear_MT_029_weights
__________________________________________________________________________________________________
Layer (type)                    Output Shape         Param #     Connected to                     
==================================================================================================
input_30 (InputLayer)           (None, 96)           0                                            
__________________________________________________________________________________________________
ar-weights (Dense)              (None, 1)            97          input_30[0][0]                   
__________________________________________________________________________________________________
lambda_30 (Lambda)              (None, 1)            0           input_30[0][0]                   
__________________________________________________________________________________________________
concatenate_30 (Concatenate)    (None, 2)            0           ar-weights[0][0]                 
                                                                 lambda_30[0][0]                  
__________________________________________________________________________________________________
contrib-weights (Dense)         (None, 1)            2           concatenate_30[0][0]             
==================================================================================================
Total params: 99
Trainable params: 99
Non-trainable params: 0
__________________________________________________________________________________________________
None
(34944, 96)
(34944,)
Epoch 1/200
 - 1s - loss: 0.1098
Epoch 2/200
 - 1s - loss: 0.1003
Epoch 3/200
 - 1s - loss: 0.0989
Epoch 4/200
 - 1s - loss: 0.0981
Epoch 5/200
 - 1s - loss: 0.0975
Epoch 6/200
 - 1s - loss: 0.0970
Epoch 7/200
 - 1s - loss: 0.0969
Epoch 8/200
 - 1s - loss: 0.0966
Epoch 9/200
 - 1s - loss: 0.0962
Epoch 10/200
 - 1s - loss: 0.0961
Epoch 11/200
 - 1s - loss: 0.0960
Epoch 12/200
 - 1s - loss: 0.0958
Epoch 13/200
 - 1s - loss: 0.0959
Epoch 14/200
 - 1s - loss: 0.0957
Epoch 15/200
 - 1s - loss: 0.0955
Epoch 16/200
 - 1s - loss: 0.0956
Epoch 17/200
 - 1s - loss: 0.0954
Epoch 18/200
 - 1s - loss: 0.0955
Epoch 19/200
 - 1s - loss: 0.0955
Epoch 20/200
 - 1s - loss: 0.0953
Epoch 21/200
 - 1s - loss: 0.0952
Epoch 22/200
 - 1s - loss: 0.0953
Epoch 23/200
 - 1s - loss: 0.0952
Epoch 24/200
 - 1s - loss: 0.0952
Epoch 25/200
 - 1s - loss: 0.0951
Epoch 26/200
 - 1s - loss: 0.0952
Epoch 27/200
 - 1s - loss: 0.0953
Epoch 28/200
 - 1s - loss: 0.0952
Epoch 29/200
 - 1s - loss: 0.0952
Epoch 30/200
 - 1s - loss: 0.0951
Epoch 31/200
 - 1s - loss: 0.0952
Epoch 32/200
 - 1s - loss: 0.0951
Epoch 33/200
 - 1s - loss: 0.0949
Epoch 34/200
 - 1s - loss: 0.0951
Epoch 35/200
 - 1s - loss: 0.0948
Epoch 36/200
 - 1s - loss: 0.0949
Epoch 37/200
 - 1s - loss: 0.0950
Epoch 38/200
 - 1s - loss: 0.0950
Epoch 39/200
 - 1s - loss: 0.0950
Epoch 40/200
 - 1s - loss: 0.0950
Epoch 41/200
 - 1s - loss: 0.0950
Epoch 42/200
 - 1s - loss: 0.0951
Epoch 43/200
 - 1s - loss: 0.0951
Model saved ...  ../../exp_ElectricityLoad/saved_models/ear/ear_MT_030_weights
__________________________________________________________________________________________________
Layer (type)                    Output Shape         Param #     Connected to                     
==================================================================================================
input_31 (InputLayer)           (None, 96)           0                                            
__________________________________________________________________________________________________
ar-weights (Dense)              (None, 1)            97          input_31[0][0]                   
__________________________________________________________________________________________________
lambda_31 (Lambda)              (None, 1)            0           input_31[0][0]                   
__________________________________________________________________________________________________
concatenate_31 (Concatenate)    (None, 2)            0           ar-weights[0][0]                 
                                                                 lambda_31[0][0]                  
__________________________________________________________________________________________________
contrib-weights (Dense)         (None, 1)            2           concatenate_31[0][0]             
==================================================================================================
Total params: 99
Trainable params: 99
Non-trainable params: 0
__________________________________________________________________________________________________
None
(34944, 96)
(34944,)
Epoch 1/200
 - 1s - loss: 0.5551
Epoch 2/200
 - 1s - loss: 0.4930
Epoch 3/200
 - 1s - loss: 0.4912
Epoch 4/200
 - 1s - loss: 0.4906
Epoch 5/200
 - 1s - loss: 0.4904
Epoch 6/200
 - 1s - loss: 0.4903
Epoch 7/200
 - 1s - loss: 0.4903
Epoch 8/200
 - 1s - loss: 0.4903
Epoch 9/200
 - 1s - loss: 0.4903
Epoch 10/200
 - 1s - loss: 0.4903
Epoch 11/200
 - 1s - loss: 0.4903
Epoch 12/200
 - 1s - loss: 0.4903
Epoch 13/200
 - 1s - loss: 0.4904
Epoch 14/200
 - 1s - loss: 0.4902
Epoch 15/200
 - 1s - loss: 0.4903
Epoch 16/200
 - 1s - loss: 0.4903
Epoch 17/200
 - 1s - loss: 0.4903
Epoch 18/200
 - 1s - loss: 0.4903
Epoch 19/200
 - 1s - loss: 0.4903
Epoch 20/200
 - 1s - loss: 0.4903
Epoch 21/200
 - 1s - loss: 0.4903
Epoch 22/200
 - 1s - loss: 0.4903
Model saved ...  ../../exp_ElectricityLoad/saved_models/ear/ear_MT_031_weights
__________________________________________________________________________________________________
Layer (type)                    Output Shape         Param #     Connected to                     
==================================================================================================
input_32 (InputLayer)           (None, 96)           0                                            
__________________________________________________________________________________________________
ar-weights (Dense)              (None, 1)            97          input_32[0][0]                   
__________________________________________________________________________________________________
lambda_32 (Lambda)              (None, 1)            0           input_32[0][0]                   
__________________________________________________________________________________________________
concatenate_32 (Concatenate)    (None, 2)            0           ar-weights[0][0]                 
                                                                 lambda_32[0][0]                  
__________________________________________________________________________________________________
contrib-weights (Dense)         (None, 1)            2           concatenate_32[0][0]             
==================================================================================================
Total params: 99
Trainable params: 99
Non-trainable params: 0
__________________________________________________________________________________________________
None
(34944, 96)
(34944,)
Epoch 1/200
 - 1s - loss: 0.5391
Epoch 2/200
 - 1s - loss: 0.5251
Epoch 3/200
 - 1s - loss: 0.5232
Epoch 4/200
 - 1s - loss: 0.5229
Epoch 5/200
 - 1s - loss: 0.5227
Epoch 6/200
 - 1s - loss: 0.5228
Epoch 7/200
 - 1s - loss: 0.5227
Epoch 8/200
 - 1s - loss: 0.5228
Epoch 9/200
 - 1s - loss: 0.5229
Epoch 10/200
 - 1s - loss: 0.5226
Epoch 11/200
 - 1s - loss: 0.5226
Epoch 12/200
 - 1s - loss: 0.5227
Epoch 13/200
 - 1s - loss: 0.5226
Epoch 14/200
 - 1s - loss: 0.5227
Epoch 15/200
 - 1s - loss: 0.5228
Epoch 16/200
 - 1s - loss: 0.5227
Epoch 17/200
 - 1s - loss: 0.5228
Epoch 18/200
 - 1s - loss: 0.5226
Epoch 19/200
 - 1s - loss: 0.5227
Using TensorFlow backend.
Model saved ...  ../../exp_ElectricityLoad/saved_models/ear/ear_MT_032_weights
***  2020-03-24 18:34:12.926692 	 Exit Successfully.
	Comsumed Time:  0:10:20.440203 

nohup: ignoring input
2020-03-24 19:06:23.801166: W tensorflow/core/platform/cpu_feature_guard.cc:45] The TensorFlow library wasn't compiled to use SSE4.1 instructions, but these are available on your machine and could speed up CPU computations.
2020-03-24 19:06:23.801192: W tensorflow/core/platform/cpu_feature_guard.cc:45] The TensorFlow library wasn't compiled to use SSE4.2 instructions, but these are available on your machine and could speed up CPU computations.
2020-03-24 19:06:23.801199: W tensorflow/core/platform/cpu_feature_guard.cc:45] The TensorFlow library wasn't compiled to use AVX instructions, but these are available on your machine and could speed up CPU computations.
2020-03-24 19:06:23.801220: W tensorflow/core/platform/cpu_feature_guard.cc:45] The TensorFlow library wasn't compiled to use AVX2 instructions, but these are available on your machine and could speed up CPU computations.
2020-03-24 19:06:23.801225: W tensorflow/core/platform/cpu_feature_guard.cc:45] The TensorFlow library wasn't compiled to use FMA instructions, but these are available on your machine and could speed up CPU computations.
Using TensorFlow backend.
***  2020-03-24 19:06:23.045669 	 Start runing run_ear.py
(34944, 96, 32)
(34944, 32)
(34944, 32)
mean-overall-mae:	 0.731610455726
(34944, 32)
mean-mae:
 [ 0.77627815  0.6818879   0.53586968  0.95448761  0.80694715  0.57409656
  0.79355868  0.68936257  0.74688344  0.75037556  0.73552493  0.69116843
  0.83056101  0.69027254  0.57024576  0.72635069  0.77640444  0.70879757
  0.86301878  0.76769098  0.57816517  0.85748485  0.96111547  0.79056335
  0.65437138  0.63450759  0.67148611  0.78433779  0.87491283  0.5219704
  0.8460137   0.56682352]
point-overall-mae:	 0.468058809484
point-mae:
 [ 0.77056779  0.47180403  0.41528238  0.3558967   0.48000192  0.45081609
  0.44189219  0.54973717  0.5212825   0.51646831  0.54958267  0.4129537
  0.49796162  0.19978999  0.42538078  0.51857505  0.51122998  0.47131014
  0.60995733  0.57171918  0.32140569  0.50940721  0.62775696  0.51723776
  0.41170241  0.44041552  0.48150038  0.50495095  0.3350551   0.16892388
  0.47972684  0.43758967]
ear_model-overall-mae:	 0.432466554444
ear_model-mae:
 [ 0.61360579  0.44207752  0.41530053  0.35198173  0.4583853   0.42529567
  0.42421826  0.50791607  0.49115823  0.49602826  0.46522432  0.39682594
  0.4637826   0.19497019  0.38525587  0.44645825  0.43960909  0.43893577
  0.58267668  0.51206767  0.31651783  0.48574709  0.60322075  0.46380974
  0.38726168  0.40057934  0.40285322  0.4872136   0.33246559  0.15209995
  0.46781052  0.38757668]
***  2020-03-24 19:06:40.436515 	 Exit Successfully.
	Comsumed Time:  0:00:17.390852 

