nohup: ignoring input
2020-03-24 17:13:34.137875: W tensorflow/core/platform/cpu_feature_guard.cc:45] The TensorFlow library wasn't compiled to use SSE4.1 instructions, but these are available on your machine and could speed up CPU computations.
2020-03-24 17:13:34.137908: W tensorflow/core/platform/cpu_feature_guard.cc:45] The TensorFlow library wasn't compiled to use SSE4.2 instructions, but these are available on your machine and could speed up CPU computations.
2020-03-24 17:13:34.137915: W tensorflow/core/platform/cpu_feature_guard.cc:45] The TensorFlow library wasn't compiled to use AVX instructions, but these are available on your machine and could speed up CPU computations.
2020-03-24 17:13:34.137920: W tensorflow/core/platform/cpu_feature_guard.cc:45] The TensorFlow library wasn't compiled to use AVX2 instructions, but these are available on your machine and could speed up CPU computations.
2020-03-24 17:13:34.137939: W tensorflow/core/platform/cpu_feature_guard.cc:45] The TensorFlow library wasn't compiled to use FMA instructions, but these are available on your machine and could speed up CPU computations.
***  2020-03-24 17:13:29.097763 	 Start runing run_lstnets.py
__________________________________________________________________________________________________
Layer (type)                    Output Shape         Param #     Connected to                     
==================================================================================================
input_1 (InputLayer)            (None, 96, 32)       0                                            
__________________________________________________________________________________________________
input_2 (InputLayer)            (None, 96, 32)       0                                            
__________________________________________________________________________________________________
conv1d_1 (Conv1D)               (None, 93, 3)        387         input_1[0][0]                    
__________________________________________________________________________________________________
conv1d_2 (Conv1D)               (None, 24, 3)        387         input_2[0][0]                    
__________________________________________________________________________________________________
dropout_1 (Dropout)             (None, 93, 3)        0           conv1d_1[0][0]                   
__________________________________________________________________________________________________
dropout_3 (Dropout)             (None, 24, 3)        0           conv1d_2[0][0]                   
__________________________________________________________________________________________________
lambda_1 (Lambda)               (None, 96, 32)       0           input_1[0][0]                    
__________________________________________________________________________________________________
gru_1 (GRU)                     (None, 16)           960         dropout_1[0][0]                  
__________________________________________________________________________________________________
gru_2 (GRU)                     (None, 4)            96          dropout_3[0][0]                  
__________________________________________________________________________________________________
lambda_2 (Lambda)               (None, 32, 96)       0           lambda_1[0][0]                   
__________________________________________________________________________________________________
dropout_2 (Dropout)             (None, 16)           0           gru_1[0][0]                      
__________________________________________________________________________________________________
dropout_4 (Dropout)             (None, 4)            0           gru_2[0][0]                      
__________________________________________________________________________________________________
lambda_3 (Lambda)               (None, 96)           0           lambda_2[0][0]                   
__________________________________________________________________________________________________
concatenate_1 (Concatenate)     (None, 20)           0           dropout_2[0][0]                  
                                                                 dropout_4[0][0]                  
__________________________________________________________________________________________________
dense_2 (Dense)                 (None, 1)            97          lambda_3[0][0]                   
__________________________________________________________________________________________________
dense_1 (Dense)                 (None, 32)           672         concatenate_1[0][0]              
__________________________________________________________________________________________________
lambda_4 (Lambda)               (None, 32)           0           dense_2[0][0]                    
__________________________________________________________________________________________________
add_1 (Add)                     (None, 32)           0           dense_1[0][0]                    
                                                                 lambda_4[0][0]                   
__________________________________________________________________________________________________
activation_1 (Activation)       (None, 32)           0           add_1[0][0]                      
==================================================================================================
Total params: 2,599
Trainable params: 2,599
Non-trainable params: 0
__________________________________________________________________________________________________
(34944, 96, 32)
(34944, 32)
Epoch 1/400
 - 24s - loss: 0.4973
Epoch 2/400
 - 24s - loss: 0.4264
Epoch 3/400
 - 24s - loss: 0.4249
Epoch 4/400
 - 24s - loss: 0.4243
Epoch 5/400
 - 24s - loss: 0.4239
Epoch 6/400
 - 24s - loss: 0.4236
Epoch 7/400
 - 24s - loss: 0.4233
Epoch 8/400
 - 24s - loss: 0.4232
Epoch 9/400
 - 24s - loss: 0.4230
Epoch 10/400
 - 24s - loss: 0.4228
Epoch 11/400
 - 24s - loss: 0.4223
Epoch 12/400
 - 24s - loss: 0.4215
Epoch 13/400
 - 24s - loss: 0.4213
Epoch 14/400
 - 24s - loss: 0.4209
Epoch 15/400
 - 24s - loss: 0.4209
Epoch 16/400
 - 24s - loss: 0.4207
Epoch 17/400
 - 24s - loss: 0.4206
Epoch 18/400
 - 24s - loss: 0.4205
Epoch 19/400
 - 24s - loss: 0.4204
Epoch 20/400
 - 24s - loss: 0.4204
Epoch 21/400
 - 24s - loss: 0.4203
Epoch 22/400
 - 24s - loss: 0.4201
Epoch 23/400
 - 24s - loss: 0.4201
Epoch 24/400
 - 24s - loss: 0.4201
Epoch 25/400
 - 24s - loss: 0.4201
Using TensorFlow backend.
Model saved ...  ../../exp_ElectricityLoad/saved_models/lstnets/model_weights_32
(34944, 96, 32)
(34944, 32)
(34944, 32)
mean-overall-mae:	 0.731610455726
(34944, 32)
mean-mae:
 [ 0.77627815  0.6818879   0.53586968  0.95448761  0.80694715  0.57409656
  0.79355868  0.68936257  0.74688344  0.75037556  0.73552493  0.69116843
  0.83056101  0.69027254  0.57024576  0.72635069  0.77640444  0.70879757
  0.86301878  0.76769098  0.57816517  0.85748485  0.96111547  0.79056335
  0.65437138  0.63450759  0.67148611  0.78433779  0.87491283  0.5219704
  0.8460137   0.56682352]
point-overall-mae:	 0.468058809484
point-mae:
 [ 0.77056779  0.47180403  0.41528238  0.3558967   0.48000192  0.45081609
  0.44189219  0.54973717  0.5212825   0.51646831  0.54958267  0.4129537
  0.49796162  0.19978999  0.42538078  0.51857505  0.51122998  0.47131014
  0.60995733  0.57171918  0.32140569  0.50940721  0.62775696  0.51723776
  0.41170241  0.44041552  0.48150038  0.50495095  0.3350551   0.16892388
  0.47972684  0.43758967]
lstnet_model-overall-mae:	 0.437076483224
lstnet_model-mae:
 [ 0.68496121  0.43356569  0.44008731  0.396286    0.45687597  0.41852504
  0.42197639  0.43669474  0.48000921  0.50159637  0.48089064  0.40700414
  0.46090764  0.20045207  0.40242526  0.45010089  0.4466484   0.42387695
  0.57498304  0.50813477  0.33659554  0.47490847  0.60803226  0.45198833
  0.38740215  0.39076374  0.40924495  0.48576674  0.37878482  0.16560684
  0.47732152  0.39403039]
***  2020-03-24 17:23:45.287684 	 Exit Successfully.
	Comsumed Time:  0:10:16.189918 

nohup: ignoring input
2020-03-25 00:16:05.148657: W tensorflow/core/platform/cpu_feature_guard.cc:45] The TensorFlow library wasn't compiled to use SSE4.1 instructions, but these are available on your machine and could speed up CPU computations.
2020-03-25 00:16:05.148692: W tensorflow/core/platform/cpu_feature_guard.cc:45] The TensorFlow library wasn't compiled to use SSE4.2 instructions, but these are available on your machine and could speed up CPU computations.
2020-03-25 00:16:05.148699: W tensorflow/core/platform/cpu_feature_guard.cc:45] The TensorFlow library wasn't compiled to use AVX instructions, but these are available on your machine and could speed up CPU computations.
2020-03-25 00:16:05.148720: W tensorflow/core/platform/cpu_feature_guard.cc:45] The TensorFlow library wasn't compiled to use AVX2 instructions, but these are available on your machine and could speed up CPU computations.
2020-03-25 00:16:05.148725: W tensorflow/core/platform/cpu_feature_guard.cc:45] The TensorFlow library wasn't compiled to use FMA instructions, but these are available on your machine and could speed up CPU computations.
Using TensorFlow backend.
***  2020-03-25 00:16:04.877972 	 Start runing run_lstnets.py
__________________________________________________________________________________________________
Layer (type)                    Output Shape         Param #     Connected to                     
==================================================================================================
input_1 (InputLayer)            (None, 96, 32)       0                                            
__________________________________________________________________________________________________
input_2 (InputLayer)            (None, 96, 32)       0                                            
__________________________________________________________________________________________________
conv1d_1 (Conv1D)               (None, 93, 3)        387         input_1[0][0]                    
__________________________________________________________________________________________________
conv1d_2 (Conv1D)               (None, 24, 3)        387         input_2[0][0]                    
__________________________________________________________________________________________________
dropout_1 (Dropout)             (None, 93, 3)        0           conv1d_1[0][0]                   
__________________________________________________________________________________________________
dropout_3 (Dropout)             (None, 24, 3)        0           conv1d_2[0][0]                   
__________________________________________________________________________________________________
lambda_1 (Lambda)               (None, 96, 32)       0           input_1[0][0]                    
__________________________________________________________________________________________________
gru_1 (GRU)                     (None, 16)           960         dropout_1[0][0]                  
__________________________________________________________________________________________________
gru_2 (GRU)                     (None, 4)            96          dropout_3[0][0]                  
__________________________________________________________________________________________________
lambda_2 (Lambda)               (None, 32, 96)       0           lambda_1[0][0]                   
__________________________________________________________________________________________________
dropout_2 (Dropout)             (None, 16)           0           gru_1[0][0]                      
__________________________________________________________________________________________________
dropout_4 (Dropout)             (None, 4)            0           gru_2[0][0]                      
__________________________________________________________________________________________________
lambda_3 (Lambda)               (None, 96)           0           lambda_2[0][0]                   
__________________________________________________________________________________________________
concatenate_1 (Concatenate)     (None, 20)           0           dropout_2[0][0]                  
                                                                 dropout_4[0][0]                  
__________________________________________________________________________________________________
dense_2 (Dense)                 (None, 1)            97          lambda_3[0][0]                   
__________________________________________________________________________________________________
dense_1 (Dense)                 (None, 32)           672         concatenate_1[0][0]              
__________________________________________________________________________________________________
lambda_4 (Lambda)               (None, 32)           0           dense_2[0][0]                    
__________________________________________________________________________________________________
add_1 (Add)                     (None, 32)           0           dense_1[0][0]                    
                                                                 lambda_4[0][0]                   
__________________________________________________________________________________________________
activation_1 (Activation)       (None, 32)           0           add_1[0][0]                      
==================================================================================================
Total params: 2,599
Trainable params: 2,599
Non-trainable params: 0
__________________________________________________________________________________________________
(34944, 96, 32)
(34944, 32)
(34944, 32)
mean-overall-mae:	 0.731610455726
(34944, 32)
mean-mae:
 [ 0.77627815  0.6818879   0.53586968  0.95448761  0.80694715  0.57409656
  0.79355868  0.68936257  0.74688344  0.75037556  0.73552493  0.69116843
  0.83056101  0.69027254  0.57024576  0.72635069  0.77640444  0.70879757
  0.86301878  0.76769098  0.57816517  0.85748485  0.96111547  0.79056335
  0.65437138  0.63450759  0.67148611  0.78433779  0.87491283  0.5219704
  0.8460137   0.56682352]
point-overall-mae:	 0.468058809484
point-mae:
 [ 0.77056779  0.47180403  0.41528238  0.3558967   0.48000192  0.45081609
  0.44189219  0.54973717  0.5212825   0.51646831  0.54958267  0.4129537
  0.49796162  0.19978999  0.42538078  0.51857505  0.51122998  0.47131014
  0.60995733  0.57171918  0.32140569  0.50940721  0.62775696  0.51723776
  0.41170241  0.44041552  0.48150038  0.50495095  0.3350551   0.16892388
  0.47972684  0.43758967]
lstnet_model-overall-mae:	 0.437076483224
lstnet_model-mae:
 [ 0.68496121  0.43356569  0.44008731  0.396286    0.45687597  0.41852504
  0.42197639  0.43669474  0.48000921  0.50159637  0.48089064  0.40700414
  0.46090764  0.20045207  0.40242526  0.45010089  0.4466484   0.42387695
  0.57498304  0.50813477  0.33659554  0.47490847  0.60803226  0.45198833
  0.38740215  0.39076374  0.40924495  0.48576674  0.37878482  0.16560684
  0.47732152  0.39403039]
***  2020-03-25 00:16:14.080192 	 Exit Successfully.
	Comsumed Time:  0:00:09.202225 

