nohup: ignoring input
2020-03-24 21:26:33.105787: W tensorflow/core/platform/cpu_feature_guard.cc:45] The TensorFlow library wasn't compiled to use SSE4.1 instructions, but these are available on your machine and could speed up CPU computations.
2020-03-24 21:26:33.105831: W tensorflow/core/platform/cpu_feature_guard.cc:45] The TensorFlow library wasn't compiled to use SSE4.2 instructions, but these are available on your machine and could speed up CPU computations.
2020-03-24 21:26:33.105838: W tensorflow/core/platform/cpu_feature_guard.cc:45] The TensorFlow library wasn't compiled to use AVX instructions, but these are available on your machine and could speed up CPU computations.
2020-03-24 21:26:33.105843: W tensorflow/core/platform/cpu_feature_guard.cc:45] The TensorFlow library wasn't compiled to use AVX2 instructions, but these are available on your machine and could speed up CPU computations.
2020-03-24 21:26:33.105848: W tensorflow/core/platform/cpu_feature_guard.cc:45] The TensorFlow library wasn't compiled to use FMA instructions, but these are available on your machine and could speed up CPU computations.
***  2020-03-24 21:26:32.232598 	 Start runing run_sepnets.py
----pretrain:  True 	----trainable:  False
__________________________________________________________________________________________________
Layer (type)                    Output Shape         Param #     Connected to                     
==================================================================================================
input_1 (InputLayer)            (None, 96, 32)       0                                            
__________________________________________________________________________________________________
Conv1D-1 (Conv1D)               (None, 96, 1)        33          input_1[0][0]                    
__________________________________________________________________________________________________
Conv1D-3 (Conv1D)               (None, 94, 1)        97          input_1[0][0]                    
__________________________________________________________________________________________________
Conv1D-5 (Conv1D)               (None, 92, 1)        161         input_1[0][0]                    
__________________________________________________________________________________________________
lambda_33 (Lambda)              (None, 96)           0           input_1[0][0]                    
__________________________________________________________________________________________________
lambda_34 (Lambda)              (None, 96)           0           input_1[0][0]                    
__________________________________________________________________________________________________
lambda_35 (Lambda)              (None, 96)           0           input_1[0][0]                    
__________________________________________________________________________________________________
lambda_36 (Lambda)              (None, 96)           0           input_1[0][0]                    
__________________________________________________________________________________________________
lambda_37 (Lambda)              (None, 96)           0           input_1[0][0]                    
__________________________________________________________________________________________________
lambda_38 (Lambda)              (None, 96)           0           input_1[0][0]                    
__________________________________________________________________________________________________
lambda_39 (Lambda)              (None, 96)           0           input_1[0][0]                    
__________________________________________________________________________________________________
lambda_40 (Lambda)              (None, 96)           0           input_1[0][0]                    
__________________________________________________________________________________________________
lambda_41 (Lambda)              (None, 96)           0           input_1[0][0]                    
__________________________________________________________________________________________________
lambda_42 (Lambda)              (None, 96)           0           input_1[0][0]                    
__________________________________________________________________________________________________
lambda_43 (Lambda)              (None, 96)           0           input_1[0][0]                    
__________________________________________________________________________________________________
lambda_44 (Lambda)              (None, 96)           0           input_1[0][0]                    
__________________________________________________________________________________________________
lambda_45 (Lambda)              (None, 96)           0           input_1[0][0]                    
__________________________________________________________________________________________________
lambda_46 (Lambda)              (None, 96)           0           input_1[0][0]                    
__________________________________________________________________________________________________
lambda_47 (Lambda)              (None, 96)           0           input_1[0][0]                    
__________________________________________________________________________________________________
lambda_48 (Lambda)              (None, 96)           0           input_1[0][0]                    
__________________________________________________________________________________________________
lambda_49 (Lambda)              (None, 96)           0           input_1[0][0]                    
__________________________________________________________________________________________________
lambda_50 (Lambda)              (None, 96)           0           input_1[0][0]                    
__________________________________________________________________________________________________
lambda_51 (Lambda)              (None, 96)           0           input_1[0][0]                    
__________________________________________________________________________________________________
lambda_52 (Lambda)              (None, 96)           0           input_1[0][0]                    
__________________________________________________________________________________________________
lambda_53 (Lambda)              (None, 96)           0           input_1[0][0]                    
__________________________________________________________________________________________________
lambda_54 (Lambda)              (None, 96)           0           input_1[0][0]                    
__________________________________________________________________________________________________
lambda_55 (Lambda)              (None, 96)           0           input_1[0][0]                    
__________________________________________________________________________________________________
lambda_56 (Lambda)              (None, 96)           0           input_1[0][0]                    
__________________________________________________________________________________________________
lambda_57 (Lambda)              (None, 96)           0           input_1[0][0]                    
__________________________________________________________________________________________________
lambda_58 (Lambda)              (None, 96)           0           input_1[0][0]                    
__________________________________________________________________________________________________
lambda_59 (Lambda)              (None, 96)           0           input_1[0][0]                    
__________________________________________________________________________________________________
lambda_60 (Lambda)              (None, 96)           0           input_1[0][0]                    
__________________________________________________________________________________________________
lambda_61 (Lambda)              (None, 96)           0           input_1[0][0]                    
__________________________________________________________________________________________________
lambda_62 (Lambda)              (None, 96)           0           input_1[0][0]                    
__________________________________________________________________________________________________
lambda_63 (Lambda)              (None, 96)           0           input_1[0][0]                    
__________________________________________________________________________________________________
lambda_64 (Lambda)              (None, 96)           0           input_1[0][0]                    
__________________________________________________________________________________________________
LSTM-1 (LSTM)                   (None, 16)           1152        Conv1D-1[0][0]                   
__________________________________________________________________________________________________
LSTM-3 (LSTM)                   (None, 16)           1152        Conv1D-3[0][0]                   
__________________________________________________________________________________________________
LSTM-5 (LSTM)                   (None, 16)           1152        Conv1D-5[0][0]                   
__________________________________________________________________________________________________
model_1 (Model)                 (None, 1)            99          lambda_33[0][0]                  
__________________________________________________________________________________________________
model_2 (Model)                 (None, 1)            99          lambda_34[0][0]                  
__________________________________________________________________________________________________
model_3 (Model)                 (None, 1)            99          lambda_35[0][0]                  
__________________________________________________________________________________________________
model_4 (Model)                 (None, 1)            99          lambda_36[0][0]                  
__________________________________________________________________________________________________
model_5 (Model)                 (None, 1)            99          lambda_37[0][0]                  
__________________________________________________________________________________________________
model_6 (Model)                 (None, 1)            99          lambda_38[0][0]                  
__________________________________________________________________________________________________
model_7 (Model)                 (None, 1)            99          lambda_39[0][0]                  
__________________________________________________________________________________________________
model_8 (Model)                 (None, 1)            99          lambda_40[0][0]                  
__________________________________________________________________________________________________
model_9 (Model)                 (None, 1)            99          lambda_41[0][0]                  
__________________________________________________________________________________________________
model_10 (Model)                (None, 1)            99          lambda_42[0][0]                  
__________________________________________________________________________________________________
model_11 (Model)                (None, 1)            99          lambda_43[0][0]                  
__________________________________________________________________________________________________
model_12 (Model)                (None, 1)            99          lambda_44[0][0]                  
__________________________________________________________________________________________________
model_13 (Model)                (None, 1)            99          lambda_45[0][0]                  
__________________________________________________________________________________________________
model_14 (Model)                (None, 1)            99          lambda_46[0][0]                  
__________________________________________________________________________________________________
model_15 (Model)                (None, 1)            99          lambda_47[0][0]                  
__________________________________________________________________________________________________
model_16 (Model)                (None, 1)            99          lambda_48[0][0]                  
__________________________________________________________________________________________________
model_17 (Model)                (None, 1)            99          lambda_49[0][0]                  
__________________________________________________________________________________________________
model_18 (Model)                (None, 1)            99          lambda_50[0][0]                  
__________________________________________________________________________________________________
model_19 (Model)                (None, 1)            99          lambda_51[0][0]                  
__________________________________________________________________________________________________
model_20 (Model)                (None, 1)            99          lambda_52[0][0]                  
__________________________________________________________________________________________________
model_21 (Model)                (None, 1)            99          lambda_53[0][0]                  
__________________________________________________________________________________________________
model_22 (Model)                (None, 1)            99          lambda_54[0][0]                  
__________________________________________________________________________________________________
model_23 (Model)                (None, 1)            99          lambda_55[0][0]                  
__________________________________________________________________________________________________
model_24 (Model)                (None, 1)            99          lambda_56[0][0]                  
__________________________________________________________________________________________________
model_25 (Model)                (None, 1)            99          lambda_57[0][0]                  
__________________________________________________________________________________________________
model_26 (Model)                (None, 1)            99          lambda_58[0][0]                  
__________________________________________________________________________________________________
model_27 (Model)                (None, 1)            99          lambda_59[0][0]                  
__________________________________________________________________________________________________
model_28 (Model)                (None, 1)            99          lambda_60[0][0]                  
__________________________________________________________________________________________________
model_29 (Model)                (None, 1)            99          lambda_61[0][0]                  
__________________________________________________________________________________________________
model_30 (Model)                (None, 1)            99          lambda_62[0][0]                  
__________________________________________________________________________________________________
model_31 (Model)                (None, 1)            99          lambda_63[0][0]                  
__________________________________________________________________________________________________
model_32 (Model)                (None, 1)            99          lambda_64[0][0]                  
__________________________________________________________________________________________________
add_1 (Add)                     (None, 16)           0           LSTM-1[0][0]                     
                                                                 LSTM-3[0][0]                     
                                                                 LSTM-5[0][0]                     
__________________________________________________________________________________________________
concatenate_33 (Concatenate)    (None, 32)           0           model_1[1][0]                    
                                                                 model_2[1][0]                    
                                                                 model_3[1][0]                    
                                                                 model_4[1][0]                    
                                                                 model_5[1][0]                    
                                                                 model_6[1][0]                    
                                                                 model_7[1][0]                    
                                                                 model_8[1][0]                    
                                                                 model_9[1][0]                    
                                                                 model_10[1][0]                   
                                                                 model_11[1][0]                   
                                                                 model_12[1][0]                   
                                                                 model_13[1][0]                   
                                                                 model_14[1][0]                   
                                                                 model_15[1][0]                   
                                                                 model_16[1][0]                   
                                                                 model_17[1][0]                   
                                                                 model_18[1][0]                   
                                                                 model_19[1][0]                   
                                                                 model_20[1][0]                   
                                                                 model_21[1][0]                   
                                                                 model_22[1][0]                   
                                                                 model_23[1][0]                   
                                                                 model_24[1][0]                   
                                                                 model_25[1][0]                   
                                                                 model_26[1][0]                   
                                                                 model_27[1][0]                   
                                                                 model_28[1][0]                   
                                                                 model_29[1][0]                   
                                                                 model_30[1][0]                   
                                                                 model_31[1][0]                   
                                                                 model_32[1][0]                   
__________________________________________________________________________________________________
dense_1 (Dense)                 (None, 32)           544         add_1[0][0]                      
__________________________________________________________________________________________________
se-weights (Multiply)           (None, 32)           32          concatenate_33[0][0]             
__________________________________________________________________________________________________
res-weights (Multiply)          (None, 32)           32          dense_1[0][0]                    
__________________________________________________________________________________________________
add_2 (Add)                     (None, 32)           0           se-weights[0][0]                 
                                                                 res-weights[0][0]                
==================================================================================================
Total params: 7,523
Trainable params: 4,355
Non-trainable params: 3,168
__________________________________________________________________________________________________
(34944, 96, 32)
(34944, 32)
Epoch 1/400
 - 59s - loss: 0.4366
Epoch 2/400
 - 58s - loss: 0.4083
Epoch 3/400
 - 59s - loss: 0.4070
Epoch 4/400
 - 58s - loss: 0.4061
Epoch 5/400
 - 59s - loss: 0.4054
Epoch 6/400
 - 59s - loss: 0.4047
Epoch 7/400
 - 59s - loss: 0.4041
Epoch 8/400
 - 59s - loss: 0.4035
Epoch 9/400
 - 59s - loss: 0.4031
Epoch 10/400
 - 58s - loss: 0.4027
Epoch 11/400
 - 59s - loss: 0.4022
Epoch 12/400
 - 58s - loss: 0.4018
Epoch 13/400
 - 59s - loss: 0.4013
Epoch 14/400
 - 58s - loss: 0.4008
Epoch 15/400
 - 58s - loss: 0.4003
Epoch 16/400
 - 58s - loss: 0.3998
Epoch 17/400
 - 58s - loss: 0.3994
Epoch 18/400
 - 58s - loss: 0.3990
Epoch 19/400
 - 59s - loss: 0.3987
Epoch 20/400
 - 59s - loss: 0.3984
Epoch 21/400
 - 59s - loss: 0.3981
Epoch 22/400
 - 58s - loss: 0.3979
Epoch 23/400
 - 58s - loss: 0.3977
Epoch 24/400
 - 58s - loss: 0.3975
Epoch 25/400
 - 59s - loss: 0.3973
Epoch 26/400
 - 58s - loss: 0.3972
Epoch 27/400
 - 59s - loss: 0.3971
Epoch 28/400
 - 58s - loss: 0.3969
Epoch 29/400
 - 58s - loss: 0.3968
Epoch 30/400
 - 58s - loss: 0.3967
Epoch 31/400
 - 58s - loss: 0.3966
Epoch 32/400
 - 58s - loss: 0.3966
Epoch 33/400
 - 59s - loss: 0.3964
Epoch 34/400
 - 58s - loss: 0.3964
Epoch 35/400
 - 59s - loss: 0.3965
Epoch 36/400
 - 58s - loss: 0.3963
Epoch 37/400
 - 58s - loss: 0.3961
Epoch 38/400
 - 58s - loss: 0.3961
Epoch 39/400
 - 59s - loss: 0.3960
Epoch 40/400
 - 58s - loss: 0.3959
Epoch 41/400
 - 59s - loss: 0.3960
Epoch 42/400
 - 59s - loss: 0.3958
Epoch 43/400
 - 59s - loss: 0.3958
Epoch 44/400
 - 58s - loss: 0.3958
Epoch 45/400
 - 59s - loss: 0.3957
Epoch 46/400
 - 58s - loss: 0.3956
Epoch 47/400
 - 59s - loss: 0.3956
Epoch 48/400
 - 58s - loss: 0.3956
Epoch 49/400
 - 58s - loss: 0.3955
Epoch 50/400
 - 58s - loss: 0.3954
Epoch 51/400
 - 58s - loss: 0.3954
Epoch 52/400
 - 58s - loss: 0.3954
Epoch 53/400
 - 59s - loss: 0.3953
Epoch 54/400
 - 58s - loss: 0.3953
Epoch 55/400
 - 59s - loss: 0.3952
Epoch 56/400
 - 42s - loss: 0.3952
Epoch 57/400
 - 39s - loss: 0.3951
Epoch 58/400
 - 39s - loss: 0.3954
Epoch 59/400
 - 39s - loss: 0.3951
Epoch 60/400
 - 39s - loss: 0.3950
Epoch 61/400
 - 39s - loss: 0.3950
Epoch 62/400
 - 39s - loss: 0.3949
Epoch 63/400
 - 39s - loss: 0.3949
Epoch 64/400
 - 39s - loss: 0.3949
Epoch 65/400
 - 39s - loss: 0.3948
Epoch 66/400
 - 39s - loss: 0.3948
Epoch 67/400
 - 39s - loss: 0.3947
Epoch 68/400
 - 39s - loss: 0.3949
Epoch 69/400
 - 39s - loss: 0.3947
Epoch 70/400
 - 39s - loss: 0.3946
Epoch 71/400
 - 39s - loss: 0.3947
Epoch 72/400
 - 39s - loss: 0.3946
Epoch 73/400
 - 39s - loss: 0.3945
Epoch 74/400
 - 39s - loss: 0.3946
Epoch 75/400
 - 39s - loss: 0.3949
Epoch 76/400
 - 39s - loss: 0.3944
Epoch 77/400
 - 39s - loss: 0.3943
Epoch 78/400
 - 39s - loss: 0.3943
Epoch 79/400
 - 39s - loss: 0.3943
Epoch 80/400
 - 39s - loss: 0.3943
Epoch 81/400
 - 39s - loss: 0.3943
Epoch 82/400
 - 39s - loss: 0.3942
Epoch 83/400
 - 39s - loss: 0.3943
Epoch 84/400
 - 39s - loss: 0.3941
Epoch 85/400
 - 39s - loss: 0.3941
Epoch 86/400
 - 39s - loss: 0.3942
Epoch 87/400
 - 39s - loss: 0.3940
Epoch 88/400
 - 39s - loss: 0.3942
Epoch 89/400
 - 39s - loss: 0.3940
Epoch 90/400
 - 39s - loss: 0.3941
Epoch 91/400
 - 39s - loss: 0.3940
Epoch 92/400
 - 39s - loss: 0.3939
Epoch 93/400
 - 39s - loss: 0.3940
Epoch 94/400
 - 39s - loss: 0.3939
Epoch 95/400
 - 39s - loss: 0.3940
Epoch 96/400
 - 39s - loss: 0.3939
Epoch 97/400
 - 39s - loss: 0.3945
Epoch 98/400
 - 39s - loss: 0.3938
Epoch 99/400
 - 39s - loss: 0.3937
Epoch 100/400
 - 39s - loss: 0.3938
Epoch 101/400
 - 39s - loss: 0.3938
Epoch 102/400
 - 39s - loss: 0.3937
Epoch 103/400
 - 39s - loss: 0.3937
Epoch 104/400
 - 39s - loss: 0.3937
Epoch 105/400
 - 39s - loss: 0.3936
Epoch 106/400
 - 39s - loss: 0.3941
Epoch 107/400
 - 39s - loss: 0.3935
Epoch 108/400
 - 39s - loss: 0.3936
Epoch 109/400
 - 39s - loss: 0.3936
Epoch 110/400
 - 39s - loss: 0.3935
Epoch 111/400
 - 39s - loss: 0.3939
Epoch 112/400
 - 39s - loss: 0.3952
Epoch 113/400
 - 39s - loss: 0.3966
Epoch 114/400
 - 39s - loss: 0.3940
Epoch 115/400
 - 39s - loss: 0.3936
Epoch 116/400
 - 39s - loss: 0.3937
Epoch 117/400
 - 39s - loss: 0.3935
Epoch 118/400
 - 39s - loss: 0.3936
Epoch 119/400
 - 39s - loss: 0.3936
Epoch 120/400
 - 39s - loss: 0.3934
Epoch 121/400
 - 39s - loss: 0.3943
Epoch 122/400
 - 39s - loss: 0.3936
Epoch 123/400
 - 40s - loss: 0.3938
Epoch 124/400
 - 39s - loss: 0.3932
Epoch 125/400
 - 39s - loss: 0.3933
Epoch 126/400
 - 39s - loss: 0.3933
Epoch 127/400
 - 39s - loss: 0.3934
Epoch 128/400
 - 39s - loss: 0.3937
Epoch 129/400
 - 39s - loss: 0.3932
Epoch 130/400
 - 39s - loss: 0.3936
Epoch 131/400
 - 39s - loss: 0.3932
Epoch 132/400
 - 39s - loss: 0.3931
Epoch 133/400
 - 39s - loss: 0.3931
Epoch 134/400
 - 39s - loss: 0.3941
Epoch 135/400
 - 39s - loss: 0.3949
Epoch 136/400
 - 39s - loss: 0.3934
Epoch 137/400
 - 39s - loss: 0.3932
Epoch 138/400
 - 39s - loss: 0.3933
Epoch 139/400
 - 39s - loss: 0.3934
Epoch 140/400
 - 39s - loss: 0.3932
Epoch 141/400
 - 39s - loss: 0.3933
Using TensorFlow backend.
Model saved ...  ../../exp_ElectricityLoad/saved_models/sepnets/model_weights_True_False_32
***  2020-03-24 23:16:40.795961 	 Exit Successfully.
	Comsumed Time:  1:50:08.563350 

nohup: ignoring input
2020-03-25 00:09:55.618642: W tensorflow/core/platform/cpu_feature_guard.cc:45] The TensorFlow library wasn't compiled to use SSE4.1 instructions, but these are available on your machine and could speed up CPU computations.
2020-03-25 00:09:55.618672: W tensorflow/core/platform/cpu_feature_guard.cc:45] The TensorFlow library wasn't compiled to use SSE4.2 instructions, but these are available on your machine and could speed up CPU computations.
2020-03-25 00:09:55.618679: W tensorflow/core/platform/cpu_feature_guard.cc:45] The TensorFlow library wasn't compiled to use AVX instructions, but these are available on your machine and could speed up CPU computations.
2020-03-25 00:09:55.618684: W tensorflow/core/platform/cpu_feature_guard.cc:45] The TensorFlow library wasn't compiled to use AVX2 instructions, but these are available on your machine and could speed up CPU computations.
2020-03-25 00:09:55.618704: W tensorflow/core/platform/cpu_feature_guard.cc:45] The TensorFlow library wasn't compiled to use FMA instructions, but these are available on your machine and could speed up CPU computations.
***  2020-03-25 00:09:54.870704 	 Start runing run_sepnets.py
----pretrain:  True 	----trainable:  False
__________________________________________________________________________________________________
Layer (type)                    Output Shape         Param #     Connected to                     
==================================================================================================
input_1 (InputLayer)            (None, 96, 32)       0                                            
__________________________________________________________________________________________________
Conv1D-1 (Conv1D)               (None, 96, 1)        33          input_1[0][0]                    
__________________________________________________________________________________________________
Conv1D-3 (Conv1D)               (None, 94, 1)        97          input_1[0][0]                    
__________________________________________________________________________________________________
Conv1D-5 (Conv1D)               (None, 92, 1)        161         input_1[0][0]                    
__________________________________________________________________________________________________
lambda_33 (Lambda)              (None, 96)           0           input_1[0][0]                    
__________________________________________________________________________________________________
lambda_34 (Lambda)              (None, 96)           0           input_1[0][0]                    
__________________________________________________________________________________________________
lambda_35 (Lambda)              (None, 96)           0           input_1[0][0]                    
__________________________________________________________________________________________________
lambda_36 (Lambda)              (None, 96)           0           input_1[0][0]                    
__________________________________________________________________________________________________
lambda_37 (Lambda)              (None, 96)           0           input_1[0][0]                    
__________________________________________________________________________________________________
lambda_38 (Lambda)              (None, 96)           0           input_1[0][0]                    
__________________________________________________________________________________________________
lambda_39 (Lambda)              (None, 96)           0           input_1[0][0]                    
__________________________________________________________________________________________________
lambda_40 (Lambda)              (None, 96)           0           input_1[0][0]                    
__________________________________________________________________________________________________
lambda_41 (Lambda)              (None, 96)           0           input_1[0][0]                    
__________________________________________________________________________________________________
lambda_42 (Lambda)              (None, 96)           0           input_1[0][0]                    
__________________________________________________________________________________________________
lambda_43 (Lambda)              (None, 96)           0           input_1[0][0]                    
__________________________________________________________________________________________________
lambda_44 (Lambda)              (None, 96)           0           input_1[0][0]                    
__________________________________________________________________________________________________
lambda_45 (Lambda)              (None, 96)           0           input_1[0][0]                    
__________________________________________________________________________________________________
lambda_46 (Lambda)              (None, 96)           0           input_1[0][0]                    
__________________________________________________________________________________________________
lambda_47 (Lambda)              (None, 96)           0           input_1[0][0]                    
__________________________________________________________________________________________________
lambda_48 (Lambda)              (None, 96)           0           input_1[0][0]                    
__________________________________________________________________________________________________
lambda_49 (Lambda)              (None, 96)           0           input_1[0][0]                    
__________________________________________________________________________________________________
lambda_50 (Lambda)              (None, 96)           0           input_1[0][0]                    
__________________________________________________________________________________________________
lambda_51 (Lambda)              (None, 96)           0           input_1[0][0]                    
__________________________________________________________________________________________________
lambda_52 (Lambda)              (None, 96)           0           input_1[0][0]                    
__________________________________________________________________________________________________
lambda_53 (Lambda)              (None, 96)           0           input_1[0][0]                    
__________________________________________________________________________________________________
lambda_54 (Lambda)              (None, 96)           0           input_1[0][0]                    
__________________________________________________________________________________________________
lambda_55 (Lambda)              (None, 96)           0           input_1[0][0]                    
__________________________________________________________________________________________________
lambda_56 (Lambda)              (None, 96)           0           input_1[0][0]                    
__________________________________________________________________________________________________
lambda_57 (Lambda)              (None, 96)           0           input_1[0][0]                    
__________________________________________________________________________________________________
lambda_58 (Lambda)              (None, 96)           0           input_1[0][0]                    
__________________________________________________________________________________________________
lambda_59 (Lambda)              (None, 96)           0           input_1[0][0]                    
__________________________________________________________________________________________________
lambda_60 (Lambda)              (None, 96)           0           input_1[0][0]                    
__________________________________________________________________________________________________
lambda_61 (Lambda)              (None, 96)           0           input_1[0][0]                    
__________________________________________________________________________________________________
lambda_62 (Lambda)              (None, 96)           0           input_1[0][0]                    
__________________________________________________________________________________________________
lambda_63 (Lambda)              (None, 96)           0           input_1[0][0]                    
__________________________________________________________________________________________________
lambda_64 (Lambda)              (None, 96)           0           input_1[0][0]                    
__________________________________________________________________________________________________
LSTM-1 (LSTM)                   (None, 16)           1152        Conv1D-1[0][0]                   
__________________________________________________________________________________________________
LSTM-3 (LSTM)                   (None, 16)           1152        Conv1D-3[0][0]                   
__________________________________________________________________________________________________
LSTM-5 (LSTM)                   (None, 16)           1152        Conv1D-5[0][0]                   
__________________________________________________________________________________________________
model_1 (Model)                 (None, 1)            99          lambda_33[0][0]                  
__________________________________________________________________________________________________
model_2 (Model)                 (None, 1)            99          lambda_34[0][0]                  
__________________________________________________________________________________________________
model_3 (Model)                 (None, 1)            99          lambda_35[0][0]                  
__________________________________________________________________________________________________
model_4 (Model)                 (None, 1)            99          lambda_36[0][0]                  
__________________________________________________________________________________________________
model_5 (Model)                 (None, 1)            99          lambda_37[0][0]                  
__________________________________________________________________________________________________
model_6 (Model)                 (None, 1)            99          lambda_38[0][0]                  
__________________________________________________________________________________________________
model_7 (Model)                 (None, 1)            99          lambda_39[0][0]                  
__________________________________________________________________________________________________
model_8 (Model)                 (None, 1)            99          lambda_40[0][0]                  
__________________________________________________________________________________________________
model_9 (Model)                 (None, 1)            99          lambda_41[0][0]                  
__________________________________________________________________________________________________
model_10 (Model)                (None, 1)            99          lambda_42[0][0]                  
__________________________________________________________________________________________________
model_11 (Model)                (None, 1)            99          lambda_43[0][0]                  
__________________________________________________________________________________________________
model_12 (Model)                (None, 1)            99          lambda_44[0][0]                  
__________________________________________________________________________________________________
model_13 (Model)                (None, 1)            99          lambda_45[0][0]                  
__________________________________________________________________________________________________
model_14 (Model)                (None, 1)            99          lambda_46[0][0]                  
__________________________________________________________________________________________________
model_15 (Model)                (None, 1)            99          lambda_47[0][0]                  
__________________________________________________________________________________________________
model_16 (Model)                (None, 1)            99          lambda_48[0][0]                  
__________________________________________________________________________________________________
model_17 (Model)                (None, 1)            99          lambda_49[0][0]                  
__________________________________________________________________________________________________
model_18 (Model)                (None, 1)            99          lambda_50[0][0]                  
__________________________________________________________________________________________________
model_19 (Model)                (None, 1)            99          lambda_51[0][0]                  
__________________________________________________________________________________________________
model_20 (Model)                (None, 1)            99          lambda_52[0][0]                  
__________________________________________________________________________________________________
model_21 (Model)                (None, 1)            99          lambda_53[0][0]                  
__________________________________________________________________________________________________
model_22 (Model)                (None, 1)            99          lambda_54[0][0]                  
__________________________________________________________________________________________________
model_23 (Model)                (None, 1)            99          lambda_55[0][0]                  
__________________________________________________________________________________________________
model_24 (Model)                (None, 1)            99          lambda_56[0][0]                  
__________________________________________________________________________________________________
model_25 (Model)                (None, 1)            99          lambda_57[0][0]                  
__________________________________________________________________________________________________
model_26 (Model)                (None, 1)            99          lambda_58[0][0]                  
__________________________________________________________________________________________________
model_27 (Model)                (None, 1)            99          lambda_59[0][0]                  
__________________________________________________________________________________________________
model_28 (Model)                (None, 1)            99          lambda_60[0][0]                  
__________________________________________________________________________________________________
model_29 (Model)                (None, 1)            99          lambda_61[0][0]                  
__________________________________________________________________________________________________
model_30 (Model)                (None, 1)            99          lambda_62[0][0]                  
__________________________________________________________________________________________________
model_31 (Model)                (None, 1)            99          lambda_63[0][0]                  
__________________________________________________________________________________________________
model_32 (Model)                (None, 1)            99          lambda_64[0][0]                  
__________________________________________________________________________________________________
add_1 (Add)                     (None, 16)           0           LSTM-1[0][0]                     
                                                                 LSTM-3[0][0]                     
                                                                 LSTM-5[0][0]                     
__________________________________________________________________________________________________
concatenate_33 (Concatenate)    (None, 32)           0           model_1[1][0]                    
                                                                 model_2[1][0]                    
                                                                 model_3[1][0]                    
                                                                 model_4[1][0]                    
                                                                 model_5[1][0]                    
                                                                 model_6[1][0]                    
                                                                 model_7[1][0]                    
                                                                 model_8[1][0]                    
                                                                 model_9[1][0]                    
                                                                 model_10[1][0]                   
                                                                 model_11[1][0]                   
                                                                 model_12[1][0]                   
                                                                 model_13[1][0]                   
                                                                 model_14[1][0]                   
                                                                 model_15[1][0]                   
                                                                 model_16[1][0]                   Using TensorFlow backend.

                                                                 model_17[1][0]                   
                                                                 model_18[1][0]                   
                                                                 model_19[1][0]                   
                                                                 model_20[1][0]                   
                                                                 model_21[1][0]                   
                                                                 model_22[1][0]                   
                                                                 model_23[1][0]                   
                                                                 model_24[1][0]                   
                                                                 model_25[1][0]                   
                                                                 model_26[1][0]                   
                                                                 model_27[1][0]                   
                                                                 model_28[1][0]                   
                                                                 model_29[1][0]                   
                                                                 model_30[1][0]                   
                                                                 model_31[1][0]                   
                                                                 model_32[1][0]                   
__________________________________________________________________________________________________
dense_1 (Dense)                 (None, 32)           544         add_1[0][0]                      
__________________________________________________________________________________________________
se-weights (Multiply)           (None, 32)           32          concatenate_33[0][0]             
__________________________________________________________________________________________________
res-weights (Multiply)          (None, 32)           32          dense_1[0][0]                    
__________________________________________________________________________________________________
add_2 (Add)                     (None, 32)           0           se-weights[0][0]                 
                                                                 res-weights[0][0]                
==================================================================================================
Total params: 7,523
Trainable params: 4,355
Non-trainable params: 3,168
__________________________________________________________________________________________________
None
(34944, 96, 32)
(34944, 32)
(34944, 32)
mean-overall-mae:	 0.731610455726
(34944, 32)
mean-mae:
 [ 0.77627815  0.6818879   0.53586968  0.95448761  0.80694715  0.57409656
  0.79355868  0.68936257  0.74688344  0.75037556  0.73552493  0.69116843
  0.83056101  0.69027254  0.57024576  0.72635069  0.77640444  0.70879757
  0.86301878  0.76769098  0.57816517  0.85748485  0.96111547  0.79056335
  0.65437138  0.63450759  0.67148611  0.78433779  0.87491283  0.5219704
  0.8460137   0.56682352]
point-overall-mae:	 0.468058809484
point-mae:
 [ 0.77056779  0.47180403  0.41528238  0.3558967   0.48000192  0.45081609
  0.44189219  0.54973717  0.5212825   0.51646831  0.54958267  0.4129537
  0.49796162  0.19978999  0.42538078  0.51857505  0.51122998  0.47131014
  0.60995733  0.57171918  0.32140569  0.50940721  0.62775696  0.51723776
  0.41170241  0.44041552  0.48150038  0.50495095  0.3350551   0.16892388
  0.47972684  0.43758967]
sepnets_model-overall-mae:	 0.420879529109
sepnets_model-mae:
 [ 0.6108495   0.43724231  0.41530115  0.35197829  0.45615354  0.4036423
  0.42010078  0.47363551  0.48408989  0.49547438  0.44702889  0.39683829
  0.48368608  0.19084728  0.38525422  0.41492558  0.3832884   0.4203798
  0.55319002  0.50843934  0.31559151  0.46468337  0.61902019  0.38575744
  0.38096086  0.37420976  0.38293411  0.47587642  0.33226673  0.15207868
  0.46467867  0.38774163]
***  2020-03-25 00:10:07.697236 	 Exit Successfully.
	Comsumed Time:  0:00:12.826534 

