nohup: ignoring input
2020-03-24 19:24:13.961769: W tensorflow/core/platform/cpu_feature_guard.cc:45] The TensorFlow library wasn't compiled to use SSE4.1 instructions, but these are available on your machine and could speed up CPU computations.
2020-03-24 19:24:13.961800: W tensorflow/core/platform/cpu_feature_guard.cc:45] The TensorFlow library wasn't compiled to use SSE4.2 instructions, but these are available on your machine and could speed up CPU computations.
2020-03-24 19:24:13.961807: W tensorflow/core/platform/cpu_feature_guard.cc:45] The TensorFlow library wasn't compiled to use AVX instructions, but these are available on your machine and could speed up CPU computations.
2020-03-24 19:24:13.961812: W tensorflow/core/platform/cpu_feature_guard.cc:45] The TensorFlow library wasn't compiled to use AVX2 instructions, but these are available on your machine and could speed up CPU computations.
2020-03-24 19:24:13.961816: W tensorflow/core/platform/cpu_feature_guard.cc:45] The TensorFlow library wasn't compiled to use FMA instructions, but these are available on your machine and could speed up CPU computations.
***  2020-03-24 19:24:13.203468 	 Start runing run_sepnets.py
----pretrain:  True 	----trainable:  True
__________________________________________________________________________________________________
Layer (type)                    Output Shape         Param #     Connected to                     
==================================================================================================
input_1 (InputLayer)            (None, 96, 32)       0                                            
__________________________________________________________________________________________________
Conv1D-1 (Conv1D)               (None, 96, 1)        33          input_1[0][0]                    
__________________________________________________________________________________________________
Conv1D-3 (Conv1D)               (None, 94, 1)        97          input_1[0][0]                    
__________________________________________________________________________________________________
Conv1D-5 (Conv1D)               (None, 92, 1)        161         input_1[0][0]                    
__________________________________________________________________________________________________
lambda_33 (Lambda)              (None, 96)           0           input_1[0][0]                    
__________________________________________________________________________________________________
lambda_34 (Lambda)              (None, 96)           0           input_1[0][0]                    
__________________________________________________________________________________________________
lambda_35 (Lambda)              (None, 96)           0           input_1[0][0]                    
__________________________________________________________________________________________________
lambda_36 (Lambda)              (None, 96)           0           input_1[0][0]                    
__________________________________________________________________________________________________
lambda_37 (Lambda)              (None, 96)           0           input_1[0][0]                    
__________________________________________________________________________________________________
lambda_38 (Lambda)              (None, 96)           0           input_1[0][0]                    
__________________________________________________________________________________________________
lambda_39 (Lambda)              (None, 96)           0           input_1[0][0]                    
__________________________________________________________________________________________________
lambda_40 (Lambda)              (None, 96)           0           input_1[0][0]                    
__________________________________________________________________________________________________
lambda_41 (Lambda)              (None, 96)           0           input_1[0][0]                    
__________________________________________________________________________________________________
lambda_42 (Lambda)              (None, 96)           0           input_1[0][0]                    
__________________________________________________________________________________________________
lambda_43 (Lambda)              (None, 96)           0           input_1[0][0]                    
__________________________________________________________________________________________________
lambda_44 (Lambda)              (None, 96)           0           input_1[0][0]                    
__________________________________________________________________________________________________
lambda_45 (Lambda)              (None, 96)           0           input_1[0][0]                    
__________________________________________________________________________________________________
lambda_46 (Lambda)              (None, 96)           0           input_1[0][0]                    
__________________________________________________________________________________________________
lambda_47 (Lambda)              (None, 96)           0           input_1[0][0]                    
__________________________________________________________________________________________________
lambda_48 (Lambda)              (None, 96)           0           input_1[0][0]                    
__________________________________________________________________________________________________
lambda_49 (Lambda)              (None, 96)           0           input_1[0][0]                    
__________________________________________________________________________________________________
lambda_50 (Lambda)              (None, 96)           0           input_1[0][0]                    
__________________________________________________________________________________________________
lambda_51 (Lambda)              (None, 96)           0           input_1[0][0]                    
__________________________________________________________________________________________________
lambda_52 (Lambda)              (None, 96)           0           input_1[0][0]                    
__________________________________________________________________________________________________
lambda_53 (Lambda)              (None, 96)           0           input_1[0][0]                    
__________________________________________________________________________________________________
lambda_54 (Lambda)              (None, 96)           0           input_1[0][0]                    
__________________________________________________________________________________________________
lambda_55 (Lambda)              (None, 96)           0           input_1[0][0]                    
__________________________________________________________________________________________________
lambda_56 (Lambda)              (None, 96)           0           input_1[0][0]                    
__________________________________________________________________________________________________
lambda_57 (Lambda)              (None, 96)           0           input_1[0][0]                    
__________________________________________________________________________________________________
lambda_58 (Lambda)              (None, 96)           0           input_1[0][0]                    
__________________________________________________________________________________________________
lambda_59 (Lambda)              (None, 96)           0           input_1[0][0]                    
__________________________________________________________________________________________________
lambda_60 (Lambda)              (None, 96)           0           input_1[0][0]                    
__________________________________________________________________________________________________
lambda_61 (Lambda)              (None, 96)           0           input_1[0][0]                    
__________________________________________________________________________________________________
lambda_62 (Lambda)              (None, 96)           0           input_1[0][0]                    
__________________________________________________________________________________________________
lambda_63 (Lambda)              (None, 96)           0           input_1[0][0]                    
__________________________________________________________________________________________________
lambda_64 (Lambda)              (None, 96)           0           input_1[0][0]                    
__________________________________________________________________________________________________
LSTM-1 (LSTM)                   (None, 16)           1152        Conv1D-1[0][0]                   
__________________________________________________________________________________________________
LSTM-3 (LSTM)                   (None, 16)           1152        Conv1D-3[0][0]                   
__________________________________________________________________________________________________
LSTM-5 (LSTM)                   (None, 16)           1152        Conv1D-5[0][0]                   
__________________________________________________________________________________________________
model_1 (Model)                 (None, 1)            99          lambda_33[0][0]                  
__________________________________________________________________________________________________
model_2 (Model)                 (None, 1)            99          lambda_34[0][0]                  
__________________________________________________________________________________________________
model_3 (Model)                 (None, 1)            99          lambda_35[0][0]                  
__________________________________________________________________________________________________
model_4 (Model)                 (None, 1)            99          lambda_36[0][0]                  
__________________________________________________________________________________________________
model_5 (Model)                 (None, 1)            99          lambda_37[0][0]                  
__________________________________________________________________________________________________
model_6 (Model)                 (None, 1)            99          lambda_38[0][0]                  
__________________________________________________________________________________________________
model_7 (Model)                 (None, 1)            99          lambda_39[0][0]                  
__________________________________________________________________________________________________
model_8 (Model)                 (None, 1)            99          lambda_40[0][0]                  
__________________________________________________________________________________________________
model_9 (Model)                 (None, 1)            99          lambda_41[0][0]                  
__________________________________________________________________________________________________
model_10 (Model)                (None, 1)            99          lambda_42[0][0]                  
__________________________________________________________________________________________________
model_11 (Model)                (None, 1)            99          lambda_43[0][0]                  
__________________________________________________________________________________________________
model_12 (Model)                (None, 1)            99          lambda_44[0][0]                  
__________________________________________________________________________________________________
model_13 (Model)                (None, 1)            99          lambda_45[0][0]                  
__________________________________________________________________________________________________
model_14 (Model)                (None, 1)            99          lambda_46[0][0]                  
__________________________________________________________________________________________________
model_15 (Model)                (None, 1)            99          lambda_47[0][0]                  
__________________________________________________________________________________________________
model_16 (Model)                (None, 1)            99          lambda_48[0][0]                  
__________________________________________________________________________________________________
model_17 (Model)                (None, 1)            99          lambda_49[0][0]                  
__________________________________________________________________________________________________
model_18 (Model)                (None, 1)            99          lambda_50[0][0]                  
__________________________________________________________________________________________________
model_19 (Model)                (None, 1)            99          lambda_51[0][0]                  
__________________________________________________________________________________________________
model_20 (Model)                (None, 1)            99          lambda_52[0][0]                  
__________________________________________________________________________________________________
model_21 (Model)                (None, 1)            99          lambda_53[0][0]                  
__________________________________________________________________________________________________
model_22 (Model)                (None, 1)            99          lambda_54[0][0]                  
__________________________________________________________________________________________________
model_23 (Model)                (None, 1)            99          lambda_55[0][0]                  
__________________________________________________________________________________________________
model_24 (Model)                (None, 1)            99          lambda_56[0][0]                  
__________________________________________________________________________________________________
model_25 (Model)                (None, 1)            99          lambda_57[0][0]                  
__________________________________________________________________________________________________
model_26 (Model)                (None, 1)            99          lambda_58[0][0]                  
__________________________________________________________________________________________________
model_27 (Model)                (None, 1)            99          lambda_59[0][0]                  
__________________________________________________________________________________________________
model_28 (Model)                (None, 1)            99          lambda_60[0][0]                  
__________________________________________________________________________________________________
model_29 (Model)                (None, 1)            99          lambda_61[0][0]                  
__________________________________________________________________________________________________
model_30 (Model)                (None, 1)            99          lambda_62[0][0]                  
__________________________________________________________________________________________________
model_31 (Model)                (None, 1)            99          lambda_63[0][0]                  
__________________________________________________________________________________________________
model_32 (Model)                (None, 1)            99          lambda_64[0][0]                  
__________________________________________________________________________________________________
add_1 (Add)                     (None, 16)           0           LSTM-1[0][0]                     
                                                                 LSTM-3[0][0]                     
                                                                 LSTM-5[0][0]                     
__________________________________________________________________________________________________
concatenate_33 (Concatenate)    (None, 32)           0           model_1[1][0]                    
                                                                 model_2[1][0]                    
                                                                 model_3[1][0]                    
                                                                 model_4[1][0]                    
                                                                 model_5[1][0]                    
                                                                 model_6[1][0]                    
                                                                 model_7[1][0]                    
                                                                 model_8[1][0]                    
                                                                 model_9[1][0]                    
                                                                 model_10[1][0]                   
                                                                 model_11[1][0]                   
                                                                 model_12[1][0]                   
                                                                 model_13[1][0]                   
                                                                 model_14[1][0]                   
                                                                 model_15[1][0]                   
                                                                 model_16[1][0]                   
                                                                 model_17[1][0]                   
                                                                 model_18[1][0]                   
                                                                 model_19[1][0]                   
                                                                 model_20[1][0]                   
                                                                 model_21[1][0]                   
                                                                 model_22[1][0]                   
                                                                 model_23[1][0]                   
                                                                 model_24[1][0]                   
                                                                 model_25[1][0]                   
                                                                 model_26[1][0]                   
                                                                 model_27[1][0]                   
                                                                 model_28[1][0]                   
                                                                 model_29[1][0]                   
                                                                 model_30[1][0]                   
                                                                 model_31[1][0]                   
                                                                 model_32[1][0]                   
__________________________________________________________________________________________________
dense_1 (Dense)                 (None, 32)           544         add_1[0][0]                      
__________________________________________________________________________________________________
se-weights (Multiply)           (None, 32)           32          concatenate_33[0][0]             
__________________________________________________________________________________________________
res-weights (Multiply)          (None, 32)           32          dense_1[0][0]                    
__________________________________________________________________________________________________
add_2 (Add)                     (None, 32)           0           se-weights[0][0]                 
                                                                 res-weights[0][0]                
==================================================================================================
Total params: 7,523
Trainable params: 7,523
Non-trainable params: 0
__________________________________________________________________________________________________
(34944, 96, 32)
(34944, 32)
Epoch 1/400
 - 40s - loss: 0.4191
Epoch 2/400
 - 39s - loss: 0.4071
Epoch 3/400
 - 39s - loss: 0.4056
Epoch 4/400
 - 39s - loss: 0.4046
Epoch 5/400
 - 39s - loss: 0.4038
Epoch 6/400
 - 41s - loss: 0.4031
Epoch 7/400
 - 40s - loss: 0.4026
Epoch 8/400
 - 40s - loss: 0.4021
Epoch 9/400
 - 40s - loss: 0.4015
Epoch 10/400
 - 40s - loss: 0.4008
Epoch 11/400
 - 40s - loss: 0.4000
Epoch 12/400
 - 40s - loss: 0.3994
Epoch 13/400
 - 40s - loss: 0.3989
Epoch 14/400
 - 40s - loss: 0.3985
Epoch 15/400
 - 40s - loss: 0.3981
Epoch 16/400
 - 40s - loss: 0.3979
Epoch 17/400
 - 39s - loss: 0.3975
Epoch 18/400
 - 57s - loss: 0.3974
Epoch 19/400
 - 44s - loss: 0.3971
Epoch 20/400
 - 41s - loss: 0.3968
Epoch 21/400
 - 40s - loss: 0.3967
Epoch 22/400
 - 39s - loss: 0.3965
Epoch 23/400
 - 40s - loss: 0.3963
Epoch 24/400
 - 39s - loss: 0.3962
Epoch 25/400
 - 40s - loss: 0.3961
Epoch 26/400
 - 39s - loss: 0.3959
Epoch 27/400
 - 40s - loss: 0.3958
Epoch 28/400
 - 39s - loss: 0.3958
Epoch 29/400
 - 40s - loss: 0.3957
Epoch 30/400
 - 39s - loss: 0.3956
Epoch 31/400
 - 39s - loss: 0.3955
Epoch 32/400
 - 39s - loss: 0.3954
Epoch 33/400
 - 39s - loss: 0.3953
Epoch 34/400
 - 39s - loss: 0.3952
Epoch 35/400
 - 40s - loss: 0.3952
Epoch 36/400
 - 39s - loss: 0.3951
Epoch 37/400
 - 40s - loss: 0.3950
Epoch 38/400
 - 39s - loss: 0.3950
Epoch 39/400
 - 40s - loss: 0.3949
Epoch 40/400
 - 39s - loss: 0.3949
Epoch 41/400
 - 40s - loss: 0.3948
Epoch 42/400
 - 39s - loss: 0.3947
Epoch 43/400
 - 40s - loss: 0.3947
Epoch 44/400
 - 39s - loss: 0.3947
Epoch 45/400
 - 40s - loss: 0.3946
Epoch 46/400
 - 39s - loss: 0.3946
Epoch 47/400
 - 40s - loss: 0.3945
Epoch 48/400
 - 39s - loss: 0.3945
Epoch 49/400
 - 40s - loss: 0.3945
Epoch 50/400
 - 39s - loss: 0.3944
Epoch 51/400
 - 40s - loss: 0.3943
Epoch 52/400
 - 39s - loss: 0.3943
Epoch 53/400
 - 40s - loss: 0.3942
Epoch 54/400
 - 39s - loss: 0.3942
Epoch 55/400
 - 40s - loss: 0.3942
Epoch 56/400
 - 39s - loss: 0.3942
Epoch 57/400
 - 40s - loss: 0.3941
Epoch 58/400
 - 39s - loss: 0.3940
Epoch 59/400
 - 40s - loss: 0.3940
Epoch 60/400
 - 40s - loss: 0.3940
Epoch 61/400
 - 40s - loss: 0.3939
Epoch 62/400
 - 40s - loss: 0.3939
Epoch 63/400
 - 40s - loss: 0.3939
Epoch 64/400
 - 39s - loss: 0.3938
Epoch 65/400
 - 40s - loss: 0.3938
Epoch 66/400
 - 40s - loss: 0.3938
Epoch 67/400
 - 40s - loss: 0.3937
Epoch 68/400
 - 40s - loss: 0.3938
Epoch 69/400
 - 40s - loss: 0.3936
Epoch 70/400
 - 40s - loss: 0.3936
Epoch 71/400
 - 40s - loss: 0.3936
Epoch 72/400
 - 40s - loss: 0.3936
Epoch 73/400
 - 40s - loss: 0.3936
Epoch 74/400
 - 40s - loss: 0.3935
Epoch 75/400
 - 40s - loss: 0.3935
Epoch 76/400
 - 40s - loss: 0.3935
Epoch 77/400
 - 40s - loss: 0.3934
Epoch 78/400
 - 40s - loss: 0.3934
Epoch 79/400
 - 40s - loss: 0.3934
Epoch 80/400
 - 40s - loss: 0.3934
Epoch 81/400
 - 40s - loss: 0.3933
Epoch 82/400
 - 39s - loss: 0.3933
Epoch 83/400
 - 39s - loss: 0.3933
Epoch 84/400
 - 40s - loss: 0.3933
Epoch 85/400
 - 39s - loss: 0.3932
Epoch 86/400
 - 40s - loss: 0.3932
Epoch 87/400
 - 40s - loss: 0.3932
Epoch 88/400
 - 40s - loss: 0.3931
Epoch 89/400
 - 40s - loss: 0.3931
Epoch 90/400
 - 44s - loss: 0.3931
Epoch 91/400
 - 44s - loss: 0.3931
Epoch 92/400
 - 44s - loss: 0.3930
Epoch 93/400
 - 44s - loss: 0.3930
Epoch 94/400
 - 41s - loss: 0.3930
Epoch 95/400
 - 39s - loss: 0.3929
Epoch 96/400
 - 40s - loss: 0.3929
Epoch 97/400
 - 40s - loss: 0.3929
Epoch 98/400
 - 42s - loss: 0.3930
Epoch 99/400
 - 40s - loss: 0.3928
Epoch 100/400
 - 40s - loss: 0.3929
Epoch 101/400
 - 40s - loss: 0.3928
Epoch 102/400
 - 40s - loss: 0.3928
Epoch 103/400
 - 40s - loss: 0.3928
Epoch 104/400
 - 40s - loss: 0.3927
Epoch 105/400
 - 40s - loss: 0.3927
Epoch 106/400
 - 40s - loss: 0.3927
Epoch 107/400
 - 40s - loss: 0.3927
Epoch 108/400
 - 39s - loss: 0.3927
Epoch 109/400
 - 40s - loss: 0.3926
Epoch 110/400
 - 45s - loss: 0.3926
Epoch 111/400
 - 46s - loss: 0.3927
Epoch 112/400
 - 46s - loss: 0.3925
Epoch 113/400
 - 46s - loss: 0.3927
Epoch 114/400
 - 46s - loss: 0.3925
Epoch 115/400
 - 47s - loss: 0.3926
Epoch 116/400
 - 46s - loss: 0.3925
Epoch 117/400
 - 46s - loss: 0.3925
Epoch 118/400
 - 46s - loss: 0.3926
Epoch 119/400
 - 46s - loss: 0.3926
Epoch 120/400
 - 46s - loss: 0.3926
Epoch 121/400
 - 47s - loss: 0.3924
Epoch 122/400
 - 45s - loss: 0.3924
Epoch 123/400
 - 40s - loss: 0.3924
Epoch 124/400
 - 40s - loss: 0.3924
Epoch 125/400
 - 40s - loss: 0.3924
Epoch 126/400
 - 41s - loss: 0.3923
Epoch 127/400
 - 40s - loss: 0.3924
Epoch 128/400
 - 40s - loss: 0.3924
Epoch 129/400
 - 40s - loss: 0.3923
Epoch 130/400
 - 40s - loss: 0.3922
Epoch 131/400
 - 40s - loss: 0.3924
Epoch 132/400
 - 39s - loss: 0.3922
Epoch 133/400
 - 40s - loss: 0.3922
Epoch 134/400
 - 39s - loss: 0.3922
Epoch 135/400
 - 40s - loss: 0.3923
Epoch 136/400
 - 39s - loss: 0.3922
Epoch 137/400
 - 40s - loss: 0.3921
Epoch 138/400
 - 39s - loss: 0.3922
Epoch 139/400
 - 40s - loss: 0.3921
Epoch 140/400
 - 39s - loss: 0.3921
Epoch 141/400
 - 40s - loss: 0.3921
Epoch 142/400
 - 40s - loss: 0.3920
Epoch 143/400
 - 40s - loss: 0.3920
Epoch 144/400
 - 40s - loss: 0.3920
Epoch 145/400
 - 40s - loss: 0.3920
Epoch 146/400
 - 39s - loss: 0.3920
Epoch 147/400
 - 40s - loss: 0.3920
Epoch 148/400
 - 39s - loss: 0.3920
Epoch 149/400
 - 40s - loss: 0.3920
Epoch 150/400
 - 39s - loss: 0.3920
Epoch 151/400
 - 40s - loss: 0.3919
Epoch 152/400
 - 39s - loss: 0.3919
Epoch 153/400
 - 40s - loss: 0.3918
Epoch 154/400
 - 39s - loss: 0.3918
Epoch 155/400
 - 40s - loss: 0.3918
Epoch 156/400
 - 39s - loss: 0.3919
Epoch 157/400
 - 40s - loss: 0.3918
Epoch 158/400
 - 39s - loss: 0.3918
Epoch 159/400
 - 40s - loss: 0.3918
Epoch 160/400
 - 39s - loss: 0.3918
Epoch 161/400
 - 40s - loss: 0.3918
Epoch 162/400
 - 39s - loss: 0.3918
Epoch 163/400
 - 40s - loss: 0.3917
Epoch 164/400
 - 40s - loss: 0.3917
Epoch 165/400
 - 40s - loss: 0.3917
Epoch 166/400
 - 39s - loss: 0.3917
Epoch 167/400
 - 40s - loss: 0.3917
Epoch 168/400
 - 39s - loss: 0.3916
Epoch 169/400
 - 40s - loss: 0.3916
Epoch 170/400
 - 40s - loss: 0.3917
Epoch 171/400
 - 39s - loss: 0.3917
Epoch 172/400
 - 39s - loss: 0.3916
Epoch 173/400
 - 40s - loss: 0.3916
Epoch 174/400
 - 39s - loss: 0.3916
Epoch 175/400
 - 39s - loss: 0.3917
Epoch 176/400
 - 39s - loss: 0.3915
Epoch 177/400
 - 39s - loss: 0.3915
Epoch 178/400
 - 39s - loss: 0.3916
Epoch 179/400
 - 40s - loss: 0.3915
Epoch 180/400
 - 40s - loss: 0.3916
Epoch 181/400
 - 40s - loss: 0.3915
Epoch 182/400
 - 40s - loss: 0.3915
Epoch 183/400
 - 55s - loss: 0.3916
Epoch 184/400
 - 59s - loss: 0.3923
Epoch 185/400
 - 59s - loss: 0.3915
Epoch 186/400
 - 59s - loss: 0.3914
Epoch 187/400
 - 59s - loss: 0.3915
Epoch 188/400
 - 59s - loss: 0.3915
Epoch 189/400
 - 59s - loss: 0.3915
Epoch 190/400
 - 59s - loss: 0.3916
Epoch 191/400
 - 59s - loss: 0.3915
Epoch 192/400
 - 59s - loss: 0.3915
Epoch 193/400
 - 59s - loss: 0.3914
Epoch 194/400
 - 59s - loss: 0.3915
Epoch 195/400
 - 59s - loss: 0.3913
Epoch 196/400
 - 59s - loss: 0.3914
Epoch 197/400
 - 59s - loss: 0.3921
Epoch 198/400
 - 59s - loss: 0.3915
Epoch 199/400
 - 59s - loss: 0.3913
Epoch 200/400
 - 59s - loss: 0.3913
Epoch 201/400
 - 59s - loss: 0.3914
Epoch 202/400
 - 59s - loss: 0.3916
Epoch 203/400
 - 59s - loss: 0.3913
Epoch 204/400
 - 59s - loss: 0.3914
Epoch 205/400
 - 59s - loss: 0.3913
Epoch 206/400
 - 59s - loss: 0.3913
Epoch 207/400
 - 59s - loss: 0.3913
Epoch 208/400
 - 59s - loss: 0.3913
Epoch 209/400
 - 59s - loss: 0.3913
Epoch 210/400
 - 59s - loss: 0.3912
Epoch 211/400
 - 59s - loss: 0.3914
Epoch 212/400
 - 59s - loss: 0.3912
Epoch 213/400
 - 59s - loss: 0.3913
Epoch 214/400
 - 59s - loss: 0.3912
Epoch 215/400
 - 59s - loss: 0.3912
Epoch 216/400
 - 59s - loss: 0.3920
Epoch 217/400
 - 59s - loss: 0.3914
Epoch 218/400
 - 59s - loss: 0.3912
Epoch 219/400
 - 59s - loss: 0.3912
Epoch 220/400
 - 59s - loss: 0.3911
Epoch 221/400
 - 59s - loss: 0.3912
Epoch 222/400
 - 59s - loss: 0.3912
Epoch 223/400
 - 59s - loss: 0.3911
Epoch 224/400
 - 59s - loss: 0.3912
Epoch 225/400
 - 59s - loss: 0.3912
Epoch 226/400
 - 59s - loss: 0.3911
Epoch 227/400
 - 59s - loss: 0.3912
Epoch 228/400
 - 59s - loss: 0.3911
Epoch 229/400
 - 59s - loss: 0.3910
Epoch 230/400
 - 59s - loss: 0.3912
Epoch 231/400
 - 59s - loss: 0.3911
Epoch 232/400
 - 59s - loss: 0.3911
Epoch 233/400
 - 59s - loss: 0.3912
Epoch 234/400
 - 59s - loss: 0.3911
Epoch 235/400
 - 59s - loss: 0.3911
Epoch 236/400
 - 59s - loss: 0.3911
Epoch 237/400
 - 59s - loss: 0.3912
Using TensorFlow backend.
Model saved ...  ../../exp_ElectricityLoad/saved_models/sepnets/model_weights_True_True_32
***  2020-03-24 22:20:27.712629 	 Exit Successfully.
	Comsumed Time:  2:56:14.509171 

nohup: ignoring input
2020-03-25 00:11:17.567649: W tensorflow/core/platform/cpu_feature_guard.cc:45] The TensorFlow library wasn't compiled to use SSE4.1 instructions, but these are available on your machine and could speed up CPU computations.
2020-03-25 00:11:17.567678: W tensorflow/core/platform/cpu_feature_guard.cc:45] The TensorFlow library wasn't compiled to use SSE4.2 instructions, but these are available on your machine and could speed up CPU computations.
2020-03-25 00:11:17.567686: W tensorflow/core/platform/cpu_feature_guard.cc:45] The TensorFlow library wasn't compiled to use AVX instructions, but these are available on your machine and could speed up CPU computations.
2020-03-25 00:11:17.567691: W tensorflow/core/platform/cpu_feature_guard.cc:45] The TensorFlow library wasn't compiled to use AVX2 instructions, but these are available on your machine and could speed up CPU computations.
2020-03-25 00:11:17.567711: W tensorflow/core/platform/cpu_feature_guard.cc:45] The TensorFlow library wasn't compiled to use FMA instructions, but these are available on your machine and could speed up CPU computations.
***  2020-03-25 00:11:16.812206 	 Start runing run_sepnets.py
----pretrain:  True 	----trainable:  True
__________________________________________________________________________________________________
Layer (type)                    Output Shape         Param #     Connected to                     
==================================================================================================
input_1 (InputLayer)            (None, 96, 32)       0                                            
__________________________________________________________________________________________________
Conv1D-1 (Conv1D)               (None, 96, 1)        33          input_1[0][0]                    
__________________________________________________________________________________________________
Conv1D-3 (Conv1D)               (None, 94, 1)        97          input_1[0][0]                    
__________________________________________________________________________________________________
Conv1D-5 (Conv1D)               (None, 92, 1)        161         input_1[0][0]                    
__________________________________________________________________________________________________
lambda_33 (Lambda)              (None, 96)           0           input_1[0][0]                    
__________________________________________________________________________________________________
lambda_34 (Lambda)              (None, 96)           0           input_1[0][0]                    
__________________________________________________________________________________________________
lambda_35 (Lambda)              (None, 96)           0           input_1[0][0]                    
__________________________________________________________________________________________________
lambda_36 (Lambda)              (None, 96)           0           input_1[0][0]                    
__________________________________________________________________________________________________
lambda_37 (Lambda)              (None, 96)           0           input_1[0][0]                    
__________________________________________________________________________________________________
lambda_38 (Lambda)              (None, 96)           0           input_1[0][0]                    
__________________________________________________________________________________________________
lambda_39 (Lambda)              (None, 96)           0           input_1[0][0]                    
__________________________________________________________________________________________________
lambda_40 (Lambda)              (None, 96)           0           input_1[0][0]                    
__________________________________________________________________________________________________
lambda_41 (Lambda)              (None, 96)           0           input_1[0][0]                    
__________________________________________________________________________________________________
lambda_42 (Lambda)              (None, 96)           0           input_1[0][0]                    
__________________________________________________________________________________________________
lambda_43 (Lambda)              (None, 96)           0           input_1[0][0]                    
__________________________________________________________________________________________________
lambda_44 (Lambda)              (None, 96)           0           input_1[0][0]                    
__________________________________________________________________________________________________
lambda_45 (Lambda)              (None, 96)           0           input_1[0][0]                    
__________________________________________________________________________________________________
lambda_46 (Lambda)              (None, 96)           0           input_1[0][0]                    
__________________________________________________________________________________________________
lambda_47 (Lambda)              (None, 96)           0           input_1[0][0]                    
__________________________________________________________________________________________________
lambda_48 (Lambda)              (None, 96)           0           input_1[0][0]                    
__________________________________________________________________________________________________
lambda_49 (Lambda)              (None, 96)           0           input_1[0][0]                    
__________________________________________________________________________________________________
lambda_50 (Lambda)              (None, 96)           0           input_1[0][0]                    
__________________________________________________________________________________________________
lambda_51 (Lambda)              (None, 96)           0           input_1[0][0]                    
__________________________________________________________________________________________________
lambda_52 (Lambda)              (None, 96)           0           input_1[0][0]                    
__________________________________________________________________________________________________
lambda_53 (Lambda)              (None, 96)           0           input_1[0][0]                    
__________________________________________________________________________________________________
lambda_54 (Lambda)              (None, 96)           0           input_1[0][0]                    
__________________________________________________________________________________________________
lambda_55 (Lambda)              (None, 96)           0           input_1[0][0]                    
__________________________________________________________________________________________________
lambda_56 (Lambda)              (None, 96)           0           input_1[0][0]                    
__________________________________________________________________________________________________
lambda_57 (Lambda)              (None, 96)           0           input_1[0][0]                    
__________________________________________________________________________________________________
lambda_58 (Lambda)              (None, 96)           0           input_1[0][0]                    
__________________________________________________________________________________________________
lambda_59 (Lambda)              (None, 96)           0           input_1[0][0]                    
__________________________________________________________________________________________________
lambda_60 (Lambda)              (None, 96)           0           input_1[0][0]                    
__________________________________________________________________________________________________
lambda_61 (Lambda)              (None, 96)           0           input_1[0][0]                    
__________________________________________________________________________________________________
lambda_62 (Lambda)              (None, 96)           0           input_1[0][0]                    
__________________________________________________________________________________________________
lambda_63 (Lambda)              (None, 96)           0           input_1[0][0]                    
__________________________________________________________________________________________________
lambda_64 (Lambda)              (None, 96)           0           input_1[0][0]                    
__________________________________________________________________________________________________
LSTM-1 (LSTM)                   (None, 16)           1152        Conv1D-1[0][0]                   
__________________________________________________________________________________________________
LSTM-3 (LSTM)                   (None, 16)           1152        Conv1D-3[0][0]                   
__________________________________________________________________________________________________
LSTM-5 (LSTM)                   (None, 16)           1152        Conv1D-5[0][0]                   
__________________________________________________________________________________________________
model_1 (Model)                 (None, 1)            99          lambda_33[0][0]                  
__________________________________________________________________________________________________
model_2 (Model)                 (None, 1)            99          lambda_34[0][0]                  
__________________________________________________________________________________________________
model_3 (Model)                 (None, 1)            99          lambda_35[0][0]                  
__________________________________________________________________________________________________
model_4 (Model)                 (None, 1)            99          lambda_36[0][0]                  
__________________________________________________________________________________________________
model_5 (Model)                 (None, 1)            99          lambda_37[0][0]                  
__________________________________________________________________________________________________
model_6 (Model)                 (None, 1)            99          lambda_38[0][0]                  
__________________________________________________________________________________________________
model_7 (Model)                 (None, 1)            99          lambda_39[0][0]                  
__________________________________________________________________________________________________
model_8 (Model)                 (None, 1)            99          lambda_40[0][0]                  
__________________________________________________________________________________________________
model_9 (Model)                 (None, 1)            99          lambda_41[0][0]                  
__________________________________________________________________________________________________
model_10 (Model)                (None, 1)            99          lambda_42[0][0]                  
__________________________________________________________________________________________________
model_11 (Model)                (None, 1)            99          lambda_43[0][0]                  
__________________________________________________________________________________________________
model_12 (Model)                (None, 1)            99          lambda_44[0][0]                  
__________________________________________________________________________________________________
model_13 (Model)                (None, 1)            99          lambda_45[0][0]                  
__________________________________________________________________________________________________
model_14 (Model)                (None, 1)            99          lambda_46[0][0]                  
__________________________________________________________________________________________________
model_15 (Model)                (None, 1)            99          lambda_47[0][0]                  
__________________________________________________________________________________________________
model_16 (Model)                (None, 1)            99          lambda_48[0][0]                  
__________________________________________________________________________________________________
model_17 (Model)                (None, 1)            99          lambda_49[0][0]                  
__________________________________________________________________________________________________
model_18 (Model)                (None, 1)            99          lambda_50[0][0]                  
__________________________________________________________________________________________________
model_19 (Model)                (None, 1)            99          lambda_51[0][0]                  
__________________________________________________________________________________________________
model_20 (Model)                (None, 1)            99          lambda_52[0][0]                  
__________________________________________________________________________________________________
model_21 (Model)                (None, 1)            99          lambda_53[0][0]                  
__________________________________________________________________________________________________
model_22 (Model)                (None, 1)            99          lambda_54[0][0]                  
__________________________________________________________________________________________________
model_23 (Model)                (None, 1)            99          lambda_55[0][0]                  
__________________________________________________________________________________________________
model_24 (Model)                (None, 1)            99          lambda_56[0][0]                  
__________________________________________________________________________________________________
model_25 (Model)                (None, 1)            99          lambda_57[0][0]                  
__________________________________________________________________________________________________
model_26 (Model)                (None, 1)            99          lambda_58[0][0]                  
__________________________________________________________________________________________________
model_27 (Model)                (None, 1)            99          lambda_59[0][0]                  
__________________________________________________________________________________________________
model_28 (Model)                (None, 1)            99          lambda_60[0][0]                  
__________________________________________________________________________________________________
model_29 (Model)                (None, 1)            99          lambda_61[0][0]                  
__________________________________________________________________________________________________
model_30 (Model)                (None, 1)            99          lambda_62[0][0]                  
__________________________________________________________________________________________________
model_31 (Model)                (None, 1)            99          lambda_63[0][0]                  
__________________________________________________________________________________________________
model_32 (Model)                (None, 1)            99          lambda_64[0][0]                  
__________________________________________________________________________________________________
add_1 (Add)                     (None, 16)           0           LSTM-1[0][0]                     
                                                                 LSTM-3[0][0]                     
                                                                 LSTM-5[0][0]                     
__________________________________________________________________________________________________
concatenate_33 (Concatenate)    (None, 32)           0           model_1[1][0]                    
                                                                 model_2[1][0]                    
                                                                 model_3[1][0]                    
                                                                 model_4[1][0]                    
                                                                 model_5[1][0]                    
                                                                 model_6[1][0]                    
                                                                 model_7[1][0]                    
                                                                 model_8[1][0]                    
                                                                 model_9[1][0]                    
                                                                 model_10[1][0]                   
                                                                 model_11[1][0]                   
                                                                 model_12[1][0]                   
                                                                 model_13[1][0]                   
                                                                 model_14[1][0]                   
                                                                 model_15[1][0]                   
                                                                 model_16[1][0]                   Using TensorFlow backend.

                                                                 model_17[1][0]                   
                                                                 model_18[1][0]                   
                                                                 model_19[1][0]                   
                                                                 model_20[1][0]                   
                                                                 model_21[1][0]                   
                                                                 model_22[1][0]                   
                                                                 model_23[1][0]                   
                                                                 model_24[1][0]                   
                                                                 model_25[1][0]                   
                                                                 model_26[1][0]                   
                                                                 model_27[1][0]                   
                                                                 model_28[1][0]                   
                                                                 model_29[1][0]                   
                                                                 model_30[1][0]                   
                                                                 model_31[1][0]                   
                                                                 model_32[1][0]                   
__________________________________________________________________________________________________
dense_1 (Dense)                 (None, 32)           544         add_1[0][0]                      
__________________________________________________________________________________________________
se-weights (Multiply)           (None, 32)           32          concatenate_33[0][0]             
__________________________________________________________________________________________________
res-weights (Multiply)          (None, 32)           32          dense_1[0][0]                    
__________________________________________________________________________________________________
add_2 (Add)                     (None, 32)           0           se-weights[0][0]                 
                                                                 res-weights[0][0]                
==================================================================================================
Total params: 7,523
Trainable params: 7,523
Non-trainable params: 0
__________________________________________________________________________________________________
None
(34944, 96, 32)
(34944, 32)
(34944, 32)
mean-overall-mae:	 0.731610455726
(34944, 32)
mean-mae:
 [ 0.77627815  0.6818879   0.53586968  0.95448761  0.80694715  0.57409656
  0.79355868  0.68936257  0.74688344  0.75037556  0.73552493  0.69116843
  0.83056101  0.69027254  0.57024576  0.72635069  0.77640444  0.70879757
  0.86301878  0.76769098  0.57816517  0.85748485  0.96111547  0.79056335
  0.65437138  0.63450759  0.67148611  0.78433779  0.87491283  0.5219704
  0.8460137   0.56682352]
point-overall-mae:	 0.468058809484
point-mae:
 [ 0.77056779  0.47180403  0.41528238  0.3558967   0.48000192  0.45081609
  0.44189219  0.54973717  0.5212825   0.51646831  0.54958267  0.4129537
  0.49796162  0.19978999  0.42538078  0.51857505  0.51122998  0.47131014
  0.60995733  0.57171918  0.32140569  0.50940721  0.62775696  0.51723776
  0.41170241  0.44041552  0.48150038  0.50495095  0.3350551   0.16892388
  0.47972684  0.43758967]
sepnets_model-overall-mae:	 0.419594456621
sepnets_model-mae:
 [ 0.61423685  0.41720814  0.41530291  0.35334238  0.45462693  0.39936622
  0.41947807  0.43746912  0.48597675  0.49527603  0.42634733  0.39691642
  0.49236746  0.18954423  0.38474061  0.40602004  0.39473231  0.41119722
  0.56149961  0.49860028  0.31570276  0.46040768  0.62511182  0.42069974
  0.38221496  0.37573337  0.37800687  0.47765988  0.33222885  0.15213649
  0.46417235  0.38869895]
***  2020-03-25 00:11:29.687707 	 Exit Successfully.
	Comsumed Time:  0:00:12.875508 

