nohup: ignoring input
/home/swim/anaconda3/envs/wc_tf/lib/python3.6/site-packages/statsmodels/tsa/base/tsa_model.py:165: ValueWarning: No frequency information was provided, so inferred frequency 15T will be used.
  % freq, ValueWarning)
***  2020-03-24 19:35:57.748800 	 Start runing run_var.py
***  2020-03-24 19:36:43.798985 	 Exit Successfully.
	Comsumed Time:  0:00:46.050187 

nohup: ignoring input
***  2020-03-24 19:37:45.314827 	 Start runing run_var.py
96
(34944, 96, 32)
(34944, 32)
(34944, 32)
mean-overall-mae:	 0.731610455726
(34944, 32)
mean-mae:
 [ 0.77627815  0.6818879   0.53586968  0.95448761  0.80694715  0.57409656
  0.79355868  0.68936257  0.74688344  0.75037556  0.73552493  0.69116843
  0.83056101  0.69027254  0.57024576  0.72635069  0.77640444  0.70879757
  0.86301878  0.76769098  0.57816517  0.85748485  0.96111547  0.79056335
  0.65437138  0.63450759  0.67148611  0.78433779  0.87491283  0.5219704
  0.8460137   0.56682352]
point-overall-mae:	 0.468058809484
point-mae:
 [ 0.77056779  0.47180403  0.41528238  0.3558967   0.48000192  0.45081609
  0.44189219  0.54973717  0.5212825   0.51646831  0.54958267  0.4129537
  0.49796162  0.19978999  0.42538078  0.51857505  0.51122998  0.47131014
  0.60995733  0.57171918  0.32140569  0.50940721  0.62775696  0.51723776
  0.41170241  0.44041552  0.48150038  0.50495095  0.3350551   0.16892388
  0.47972684  0.43758967]
var_model-overall-mae:	 0.525103328014
var_model-mae:
 [ 0.65559398  0.53411751  0.53293202  0.51416549  0.56100148  0.51977018
  0.49411773  0.6180901   0.55779468  0.62356435  0.53144575  0.49530069
  0.58502146  0.26861543  0.42430261  0.50537939  0.50607356  0.54193835
  0.66823417  0.58700781  0.45519996  0.58666785  0.73275403  0.53513741
  0.48581366  0.48791064  0.49849478  0.60041376  0.47751999  0.15852363
  0.58932449  0.47107955]
***  2020-03-24 19:37:58.037819 	 Exit Successfully.
	Comsumed Time:  0:00:12.722991 

